<?xml version="1.0" encoding="utf-8"?>
<CoverageSession xmlns:xsd="http://www.w3.org/2001/XMLSchema" xmlns:xsi="http://www.w3.org/2001/XMLSchema-instance" Version="0.0.0.0">
  <Summary numSequencePoints="330" visitedSequencePoints="242" numBranchPoints="0" visitedBranchPoints="0" sequenceCoverage="73.33" branchCoverage="0.0" maxCyclomaticComplexity="0" minCyclomaticComplexity="0" maxCrapScore="0" minCrapScore="0" visitedClasses="8" numClasses="8" visitedMethods="48" numMethods="48" />
  <Modules>
    <Module>
      <Summary numSequencePoints="330" visitedSequencePoints="242" numBranchPoints="0" visitedBranchPoints="0" sequenceCoverage="73.33" branchCoverage="0.0" maxCyclomaticComplexity="0" minCyclomaticComplexity="0" maxCrapScore="0" minCrapScore="0" visitedClasses="8" numClasses="8" visitedMethods="48" numMethods="48" />
      <ModuleTime>0001-01-01T00:00:00</ModuleTime>
      <ModuleName>Scripts</ModuleName>
      <Files>
        <File uid="1" fullPath="D:/Unity projects/Diplom/Assets/Scripts/CameraFollow.cs" />
        <File uid="2" fullPath="D:/Unity projects/Diplom/Assets/Scripts/Enemy/ColliderDamage.cs" />
        <File uid="3" fullPath="D:/Unity projects/Diplom/Assets/Scripts/Enemy/SimpleEnemy/Enemy.cs" />
        <File uid="4" fullPath="D:/Unity projects/Diplom/Assets/Scripts/Managers/GameCloud.cs" />
        <File uid="5" fullPath="D:/Unity projects/Diplom/Assets/Scripts/Managers/GameData.cs" />
        <File uid="6" fullPath="D:/Unity projects/Diplom/Assets/Scripts/Managers/SerializableData.cs" />
        <File uid="7" fullPath="D:/Unity projects/Diplom/Assets/Scripts/Player.cs" />
        <File uid="8" fullPath="D:/Unity projects/Diplom/Assets/Scripts/UI/GameUI.cs" />
        <File uid="9" fullPath="D:/Unity projects/Diplom/Assets/Scripts/UI/MenuUIHandler.cs" />
        <File uid="10" fullPath="D:/Unity projects/Diplom/Assets/Scripts/UI/PauseUI.cs" />
      </Files>
      <Classes>
        <Class>
          <Summary numSequencePoints="17" visitedSequencePoints="14" numBranchPoints="0" visitedBranchPoints="0" sequenceCoverage="82.35" branchCoverage="0.0" maxCyclomaticComplexity="0" minCyclomaticComplexity="0" maxCrapScore="0" minCrapScore="0" visitedClasses="1" numClasses="1" visitedMethods="2" numMethods="2" />
          <FullName>CameraFollow</FullName>
          <Methods>
            <Method visited="true" cyclomaticComplexity="0" nPathComplexity="0" sequenceCoverage="76.92" branchCoverage="0" crapScore="0" isConstructor="false" isStatic="false" isGetter="false" isSetter="false">
              <Summary numSequencePoints="13" visitedSequencePoints="10" numBranchPoints="0" visitedBranchPoints="0" sequenceCoverage="76.92" branchCoverage="0" maxCyclomaticComplexity="0" minCyclomaticComplexity="0" maxCrapScore="0" minCrapScore="0" visitedClasses="0" numClasses="0" visitedMethods="1" numMethods="1" />
              <MetadataToken>100663297</MetadataToken>
              <Name>System.Void CameraFollow::Update()</Name>
              <FileRef uid="1" />
              <SequencePoints>
                <SequencePoint vc="1010" uspid="1" ordinal="0" offset="0" sl="20" sc="5" el="20" ec="5" bec="0" bev="0" fileid="1" />
                <SequencePoint vc="1010" uspid="2" ordinal="0" offset="1" sl="21" sc="9" el="21" ec="9" bec="0" bev="0" fileid="1" />
                <SequencePoint vc="1010" uspid="3" ordinal="0" offset="18" sl="22" sc="9" el="22" ec="9" bec="0" bev="0" fileid="1" />
                <SequencePoint vc="1010" uspid="4" ordinal="0" offset="31" sl="23" sc="9" el="23" ec="9" bec="0" bev="0" fileid="1" />
                <SequencePoint vc="1010" uspid="5" ordinal="0" offset="32" sl="24" sc="13" el="24" ec="13" bec="0" bev="0" fileid="1" />
                <SequencePoint vc="1010" uspid="6" ordinal="0" offset="39" sl="25" sc="9" el="25" ec="9" bec="0" bev="0" fileid="1" />
                <SequencePoint vc="1010" uspid="7" ordinal="0" offset="40" sl="26" sc="9" el="26" ec="9" bec="0" bev="0" fileid="1" />
                <SequencePoint vc="0" uspid="8" ordinal="0" offset="53" sl="27" sc="9" el="27" ec="9" bec="0" bev="0" fileid="1" />
                <SequencePoint vc="0" uspid="9" ordinal="0" offset="54" sl="28" sc="13" el="28" ec="13" bec="0" bev="0" fileid="1" />
                <SequencePoint vc="0" uspid="10" ordinal="0" offset="61" sl="29" sc="9" el="29" ec="9" bec="0" bev="0" fileid="1" />
                <SequencePoint vc="1010" uspid="11" ordinal="0" offset="62" sl="30" sc="9" el="30" ec="9" bec="0" bev="0" fileid="1" />
                <SequencePoint vc="1010" uspid="12" ordinal="0" offset="98" sl="31" sc="9" el="31" ec="9" bec="0" bev="0" fileid="1" />
                <SequencePoint vc="1010" uspid="13" ordinal="0" offset="139" sl="32" sc="5" el="32" ec="5" bec="0" bev="0" fileid="1" />
              </SequencePoints>
              <BranchPoints />
            </Method>
            <Method visited="true" cyclomaticComplexity="0" nPathComplexity="0" sequenceCoverage="100.0" branchCoverage="0" crapScore="0" isConstructor="true" isStatic="false" isGetter="false" isSetter="false">
              <Summary numSequencePoints="4" visitedSequencePoints="4" numBranchPoints="0" visitedBranchPoints="0" sequenceCoverage="100.0" branchCoverage="0" maxCyclomaticComplexity="0" minCyclomaticComplexity="0" maxCrapScore="0" minCrapScore="0" visitedClasses="0" numClasses="0" visitedMethods="1" numMethods="1" />
              <MetadataToken>100663298</MetadataToken>
              <Name>CameraFollow::CameraFollow()</Name>
              <FileRef uid="1" />
              <SequencePoints>
                <SequencePoint vc="1" uspid="14" ordinal="0" offset="0" sl="8" sc="5" el="8" ec="5" bec="0" bev="0" fileid="1" />
                <SequencePoint vc="1" uspid="15" ordinal="0" offset="11" sl="10" sc="5" el="10" ec="5" bec="0" bev="0" fileid="1" />
                <SequencePoint vc="1" uspid="16" ordinal="0" offset="22" sl="12" sc="5" el="12" ec="5" bec="0" bev="0" fileid="1" />
                <SequencePoint vc="1" uspid="17" ordinal="0" offset="33" sl="14" sc="5" el="14" ec="5" bec="0" bev="0" fileid="1" />
              </SequencePoints>
              <BranchPoints />
            </Method>
          </Methods>
        </Class>
        <Class>
          <Summary numSequencePoints="106" visitedSequencePoints="77" numBranchPoints="0" visitedBranchPoints="0" sequenceCoverage="72.64" branchCoverage="0.0" maxCyclomaticComplexity="0" minCyclomaticComplexity="0" maxCrapScore="0" minCrapScore="0" visitedClasses="1" numClasses="1" visitedMethods="12" numMethods="12" />
          <FullName>Enemy</FullName>
          <Methods>
            <Method visited="true" cyclomaticComplexity="0" nPathComplexity="0" sequenceCoverage="100.0" branchCoverage="0" crapScore="0" isConstructor="false" isStatic="false" isGetter="true" isSetter="false">
              <Summary numSequencePoints="3" visitedSequencePoints="3" numBranchPoints="0" visitedBranchPoints="0" sequenceCoverage="100.0" branchCoverage="0" maxCyclomaticComplexity="0" minCyclomaticComplexity="0" maxCrapScore="0" minCrapScore="0" visitedClasses="0" numClasses="0" visitedMethods="1" numMethods="1" />
              <MetadataToken>100663322</MetadataToken>
              <Name>System.Boolean Enemy::get_IsOnGround()</Name>
              <FileRef uid="3" />
              <SequencePoints>
                <SequencePoint vc="1010" uspid="29" ordinal="0" offset="0" sl="68" sc="34" el="68" ec="34" bec="0" bev="0" fileid="3" />
                <SequencePoint vc="1010" uspid="30" ordinal="0" offset="1" sl="68" sc="36" el="68" ec="36" bec="0" bev="0" fileid="3" />
                <SequencePoint vc="1010" uspid="31" ordinal="0" offset="10" sl="68" sc="55" el="68" ec="55" bec="0" bev="0" fileid="3" />
              </SequencePoints>
              <BranchPoints />
            </Method>
            <Method visited="true" cyclomaticComplexity="0" nPathComplexity="0" sequenceCoverage="100.0" branchCoverage="0" crapScore="0" isConstructor="false" isStatic="false" isGetter="true" isSetter="false">
              <Summary numSequencePoints="3" visitedSequencePoints="3" numBranchPoints="0" visitedBranchPoints="0" sequenceCoverage="100.0" branchCoverage="0" maxCyclomaticComplexity="0" minCyclomaticComplexity="0" maxCrapScore="0" minCrapScore="0" visitedClasses="0" numClasses="0" visitedMethods="1" numMethods="1" />
              <MetadataToken>100663324</MetadataToken>
              <Name>System.Boolean Enemy::get_CanSpeedChange()</Name>
              <FileRef uid="3" />
              <SequencePoints>
                <SequencePoint vc="1655" uspid="35" ordinal="0" offset="0" sl="70" sc="39" el="70" ec="39" bec="0" bev="0" fileid="3" />
                <SequencePoint vc="1655" uspid="36" ordinal="0" offset="1" sl="70" sc="41" el="70" ec="41" bec="0" bev="0" fileid="3" />
                <SequencePoint vc="1655" uspid="37" ordinal="0" offset="10" sl="70" sc="64" el="70" ec="64" bec="0" bev="0" fileid="3" />
              </SequencePoints>
              <BranchPoints />
            </Method>
            <Method visited="true" cyclomaticComplexity="0" nPathComplexity="0" sequenceCoverage="42.86" branchCoverage="0" crapScore="0" isConstructor="false" isStatic="false" isGetter="false" isSetter="false">
              <Summary numSequencePoints="7" visitedSequencePoints="3" numBranchPoints="0" visitedBranchPoints="0" sequenceCoverage="42.86" branchCoverage="0" maxCyclomaticComplexity="0" minCyclomaticComplexity="0" maxCrapScore="0" minCrapScore="0" visitedClasses="0" numClasses="0" visitedMethods="1" numMethods="1" />
              <MetadataToken>100663331</MetadataToken>
              <Name>System.Void Enemy::OnValidate()</Name>
              <FileRef uid="3" />
              <SequencePoints>
                <SequencePoint vc="4" uspid="52" ordinal="0" offset="0" sl="87" sc="5" el="87" ec="5" bec="0" bev="0" fileid="3" />
                <SequencePoint vc="4" uspid="53" ordinal="0" offset="1" sl="88" sc="9" el="88" ec="9" bec="0" bev="0" fileid="3" />
                <SequencePoint vc="0" uspid="54" ordinal="0" offset="16" sl="89" sc="9" el="89" ec="9" bec="0" bev="0" fileid="3" />
                <SequencePoint vc="0" uspid="55" ordinal="0" offset="17" sl="90" sc="13" el="90" ec="13" bec="0" bev="0" fileid="3" />
                <SequencePoint vc="0" uspid="56" ordinal="0" offset="42" sl="92" sc="13" el="92" ec="13" bec="0" bev="0" fileid="3" />
                <SequencePoint vc="0" uspid="57" ordinal="0" offset="49" sl="94" sc="9" el="94" ec="9" bec="0" bev="0" fileid="3" />
                <SequencePoint vc="4" uspid="58" ordinal="0" offset="50" sl="95" sc="5" el="95" ec="5" bec="0" bev="0" fileid="3" />
              </SequencePoints>
              <BranchPoints />
            </Method>
            <Method visited="true" cyclomaticComplexity="0" nPathComplexity="0" sequenceCoverage="70.00" branchCoverage="0" crapScore="0" isConstructor="false" isStatic="false" isGetter="false" isSetter="false">
              <Summary numSequencePoints="10" visitedSequencePoints="7" numBranchPoints="0" visitedBranchPoints="0" sequenceCoverage="70.00" branchCoverage="0" maxCyclomaticComplexity="0" minCyclomaticComplexity="0" maxCrapScore="0" minCrapScore="0" visitedClasses="0" numClasses="0" visitedMethods="1" numMethods="1" />
              <MetadataToken>100663334</MetadataToken>
              <Name>System.Void Enemy::Start()</Name>
              <FileRef uid="3" />
              <SequencePoints>
                <SequencePoint vc="1" uspid="65" ordinal="0" offset="0" sl="108" sc="5" el="108" ec="5" bec="0" bev="0" fileid="3" />
                <SequencePoint vc="1" uspid="66" ordinal="0" offset="1" sl="109" sc="9" el="109" ec="9" bec="0" bev="0" fileid="3" />
                <SequencePoint vc="0" uspid="67" ordinal="0" offset="26" sl="110" sc="9" el="110" ec="9" bec="0" bev="0" fileid="3" />
                <SequencePoint vc="0" uspid="68" ordinal="0" offset="27" sl="111" sc="13" el="111" ec="13" bec="0" bev="0" fileid="3" />
                <SequencePoint vc="0" uspid="69" ordinal="0" offset="39" sl="112" sc="9" el="112" ec="9" bec="0" bev="0" fileid="3" />
                <SequencePoint vc="1" uspid="70" ordinal="0" offset="40" sl="114" sc="9" el="114" ec="9" bec="0" bev="0" fileid="3" />
                <SequencePoint vc="1" uspid="71" ordinal="0" offset="52" sl="115" sc="9" el="115" ec="9" bec="0" bev="0" fileid="3" />
                <SequencePoint vc="1" uspid="72" ordinal="0" offset="64" sl="116" sc="9" el="116" ec="9" bec="0" bev="0" fileid="3" />
                <SequencePoint vc="1" uspid="73" ordinal="0" offset="80" sl="118" sc="9" el="118" ec="9" bec="0" bev="0" fileid="3" />
                <SequencePoint vc="1" uspid="74" ordinal="0" offset="92" sl="119" sc="5" el="119" ec="5" bec="0" bev="0" fileid="3" />
              </SequencePoints>
              <BranchPoints />
            </Method>
            <Method visited="true" cyclomaticComplexity="0" nPathComplexity="0" sequenceCoverage="58.82" branchCoverage="0" crapScore="0" isConstructor="false" isStatic="false" isGetter="false" isSetter="false">
              <Summary numSequencePoints="34" visitedSequencePoints="20" numBranchPoints="0" visitedBranchPoints="0" sequenceCoverage="58.82" branchCoverage="0" maxCyclomaticComplexity="0" minCyclomaticComplexity="0" maxCrapScore="0" minCrapScore="0" visitedClasses="0" numClasses="0" visitedMethods="1" numMethods="1" />
              <MetadataToken>100663335</MetadataToken>
              <Name>System.Void Enemy::Update()</Name>
              <FileRef uid="3" />
              <SequencePoints>
                <SequencePoint vc="1010" uspid="75" ordinal="0" offset="0" sl="123" sc="5" el="123" ec="5" bec="0" bev="0" fileid="3" />
                <SequencePoint vc="1010" uspid="76" ordinal="0" offset="1" sl="124" sc="9" el="124" ec="9" bec="0" bev="0" fileid="3" />
                <SequencePoint vc="1010" uspid="77" ordinal="0" offset="17" sl="125" sc="9" el="125" ec="9" bec="0" bev="0" fileid="3" />
                <SequencePoint vc="1010" uspid="78" ordinal="0" offset="18" sl="126" sc="13" el="126" ec="13" bec="0" bev="0" fileid="3" />
                <SequencePoint vc="1010" uspid="79" ordinal="0" offset="82" sl="128" sc="13" el="128" ec="13" bec="0" bev="0" fileid="3" />
                <SequencePoint vc="1010" uspid="80" ordinal="0" offset="102" sl="129" sc="13" el="129" ec="13" bec="0" bev="0" fileid="3" />
                <SequencePoint vc="1010" uspid="81" ordinal="0" offset="103" sl="130" sc="17" el="130" ec="17" bec="0" bev="0" fileid="3" />
                <SequencePoint vc="0" uspid="82" ordinal="0" offset="132" sl="131" sc="17" el="131" ec="17" bec="0" bev="0" fileid="3" />
                <SequencePoint vc="0" uspid="83" ordinal="0" offset="133" sl="132" sc="21" el="132" ec="21" bec="0" bev="0" fileid="3" />
                <SequencePoint vc="0" uspid="84" ordinal="0" offset="140" sl="133" sc="17" el="133" ec="17" bec="0" bev="0" fileid="3" />
                <SequencePoint vc="1010" uspid="85" ordinal="0" offset="146" sl="134" sc="22" el="134" ec="22" bec="0" bev="0" fileid="3" />
                <SequencePoint vc="1010" uspid="86" ordinal="0" offset="162" sl="135" sc="17" el="135" ec="17" bec="0" bev="0" fileid="3" />
                <SequencePoint vc="1010" uspid="87" ordinal="0" offset="163" sl="136" sc="21" el="136" ec="21" bec="0" bev="0" fileid="3" />
                <SequencePoint vc="0" uspid="88" ordinal="0" offset="217" sl="137" sc="21" el="137" ec="21" bec="0" bev="0" fileid="3" />
                <SequencePoint vc="0" uspid="89" ordinal="0" offset="218" sl="138" sc="25" el="138" ec="25" bec="0" bev="0" fileid="3" />
                <SequencePoint vc="0" uspid="90" ordinal="0" offset="230" sl="139" sc="25" el="139" ec="25" bec="0" bev="0" fileid="3" />
                <SequencePoint vc="0" uspid="91" ordinal="0" offset="237" sl="140" sc="21" el="140" ec="21" bec="0" bev="0" fileid="3" />
                <SequencePoint vc="1010" uspid="92" ordinal="0" offset="240" sl="142" sc="21" el="142" ec="21" bec="0" bev="0" fileid="3" />
                <SequencePoint vc="1010" uspid="93" ordinal="0" offset="241" sl="143" sc="25" el="143" ec="25" bec="0" bev="0" fileid="3" />
                <SequencePoint vc="1010" uspid="94" ordinal="0" offset="253" sl="144" sc="25" el="144" ec="25" bec="0" bev="0" fileid="3" />
                <SequencePoint vc="1010" uspid="95" ordinal="0" offset="260" sl="145" sc="21" el="145" ec="21" bec="0" bev="0" fileid="3" />
                <SequencePoint vc="1010" uspid="96" ordinal="0" offset="261" sl="146" sc="21" el="146" ec="21" bec="0" bev="0" fileid="3" />
                <SequencePoint vc="0" uspid="97" ordinal="0" offset="335" sl="147" sc="21" el="147" ec="21" bec="0" bev="0" fileid="3" />
                <SequencePoint vc="0" uspid="98" ordinal="0" offset="336" sl="148" sc="25" el="148" ec="25" bec="0" bev="0" fileid="3" />
                <SequencePoint vc="0" uspid="99" ordinal="0" offset="347" sl="149" sc="25" el="149" ec="25" bec="0" bev="0" fileid="3" />
                <SequencePoint vc="0" uspid="100" ordinal="0" offset="376" sl="150" sc="21" el="150" ec="21" bec="0" bev="0" fileid="3" />
                <SequencePoint vc="1010" uspid="101" ordinal="0" offset="377" sl="151" sc="17" el="151" ec="17" bec="0" bev="0" fileid="3" />
                <SequencePoint vc="1010" uspid="102" ordinal="0" offset="378" sl="153" sc="17" el="153" ec="17" bec="0" bev="0" fileid="3" />
                <SequencePoint vc="0" uspid="103" ordinal="0" offset="407" sl="154" sc="17" el="154" ec="17" bec="0" bev="0" fileid="3" />
                <SequencePoint vc="0" uspid="104" ordinal="0" offset="408" sl="155" sc="21" el="155" ec="21" bec="0" bev="0" fileid="3" />
                <SequencePoint vc="0" uspid="105" ordinal="0" offset="446" sl="156" sc="17" el="156" ec="17" bec="0" bev="0" fileid="3" />
                <SequencePoint vc="1010" uspid="106" ordinal="0" offset="447" sl="157" sc="13" el="157" ec="13" bec="0" bev="0" fileid="3" />
                <SequencePoint vc="1010" uspid="107" ordinal="0" offset="448" sl="158" sc="9" el="158" ec="9" bec="0" bev="0" fileid="3" />
                <SequencePoint vc="1010" uspid="108" ordinal="0" offset="449" sl="159" sc="5" el="159" ec="5" bec="0" bev="0" fileid="3" />
              </SequencePoints>
              <BranchPoints />
            </Method>
            <Method visited="true" cyclomaticComplexity="0" nPathComplexity="0" sequenceCoverage="42.86" branchCoverage="0" crapScore="0" isConstructor="false" isStatic="false" isGetter="false" isSetter="false">
              <Summary numSequencePoints="7" visitedSequencePoints="3" numBranchPoints="0" visitedBranchPoints="0" sequenceCoverage="42.86" branchCoverage="0" maxCyclomaticComplexity="0" minCyclomaticComplexity="0" maxCrapScore="0" minCrapScore="0" visitedClasses="0" numClasses="0" visitedMethods="1" numMethods="1" />
              <MetadataToken>100663336</MetadataToken>
              <Name>System.Void Enemy::OnTriggerStay2D(UnityEngine.Collider2D)</Name>
              <FileRef uid="3" />
              <SequencePoints>
                <SequencePoint vc="1344" uspid="109" ordinal="0" offset="0" sl="162" sc="5" el="162" ec="5" bec="0" bev="0" fileid="3" />
                <SequencePoint vc="1344" uspid="110" ordinal="0" offset="1" sl="163" sc="9" el="163" ec="9" bec="0" bev="0" fileid="3" />
                <SequencePoint vc="0" uspid="111" ordinal="0" offset="16" sl="164" sc="9" el="164" ec="9" bec="0" bev="0" fileid="3" />
                <SequencePoint vc="0" uspid="112" ordinal="0" offset="17" sl="165" sc="13" el="165" ec="13" bec="0" bev="0" fileid="3" />
                <SequencePoint vc="0" uspid="113" ordinal="0" offset="24" sl="166" sc="13" el="166" ec="13" bec="0" bev="0" fileid="3" />
                <SequencePoint vc="0" uspid="114" ordinal="0" offset="36" sl="167" sc="9" el="167" ec="9" bec="0" bev="0" fileid="3" />
                <SequencePoint vc="1344" uspid="115" ordinal="0" offset="37" sl="168" sc="5" el="168" ec="5" bec="0" bev="0" fileid="3" />
              </SequencePoints>
              <BranchPoints />
            </Method>
            <Method visited="true" cyclomaticComplexity="0" nPathComplexity="0" sequenceCoverage="42.86" branchCoverage="0" crapScore="0" isConstructor="false" isStatic="false" isGetter="false" isSetter="false">
              <Summary numSequencePoints="7" visitedSequencePoints="3" numBranchPoints="0" visitedBranchPoints="0" sequenceCoverage="42.86" branchCoverage="0" maxCyclomaticComplexity="0" minCyclomaticComplexity="0" maxCrapScore="0" minCrapScore="0" visitedClasses="0" numClasses="0" visitedMethods="1" numMethods="1" />
              <MetadataToken>100663337</MetadataToken>
              <Name>System.Void Enemy::OnTriggerExit2D(UnityEngine.Collider2D)</Name>
              <FileRef uid="3" />
              <SequencePoints>
                <SequencePoint vc="3" uspid="116" ordinal="0" offset="0" sl="171" sc="5" el="171" ec="5" bec="0" bev="0" fileid="3" />
                <SequencePoint vc="3" uspid="117" ordinal="0" offset="1" sl="172" sc="9" el="172" ec="9" bec="0" bev="0" fileid="3" />
                <SequencePoint vc="0" uspid="118" ordinal="0" offset="16" sl="173" sc="9" el="173" ec="9" bec="0" bev="0" fileid="3" />
                <SequencePoint vc="0" uspid="119" ordinal="0" offset="17" sl="174" sc="13" el="174" ec="13" bec="0" bev="0" fileid="3" />
                <SequencePoint vc="0" uspid="120" ordinal="0" offset="24" sl="175" sc="13" el="175" ec="13" bec="0" bev="0" fileid="3" />
                <SequencePoint vc="0" uspid="121" ordinal="0" offset="31" sl="176" sc="9" el="176" ec="9" bec="0" bev="0" fileid="3" />
                <SequencePoint vc="3" uspid="122" ordinal="0" offset="32" sl="177" sc="5" el="177" ec="5" bec="0" bev="0" fileid="3" />
              </SequencePoints>
              <BranchPoints />
            </Method>
            <Method visited="true" cyclomaticComplexity="0" nPathComplexity="0" sequenceCoverage="100.0" branchCoverage="0" crapScore="0" isConstructor="false" isStatic="false" isGetter="false" isSetter="false">
              <Summary numSequencePoints="9" visitedSequencePoints="9" numBranchPoints="0" visitedBranchPoints="0" sequenceCoverage="100.0" branchCoverage="0" maxCyclomaticComplexity="0" minCyclomaticComplexity="0" maxCrapScore="0" minCrapScore="0" visitedClasses="0" numClasses="0" visitedMethods="1" numMethods="1" />
              <MetadataToken>100663339</MetadataToken>
              <Name>System.Void Enemy::Move()</Name>
              <FileRef uid="3" />
              <SequencePoints>
                <SequencePoint vc="2020" uspid="127" ordinal="0" offset="0" sl="187" sc="5" el="187" ec="5" bec="0" bev="0" fileid="3" />
                <SequencePoint vc="2020" uspid="128" ordinal="0" offset="1" sl="188" sc="9" el="188" ec="9" bec="0" bev="0" fileid="3" />
                <SequencePoint vc="2020" uspid="129" ordinal="0" offset="56" sl="190" sc="9" el="190" ec="9" bec="0" bev="0" fileid="3" />
                <SequencePoint vc="2020" uspid="130" ordinal="0" offset="134" sl="192" sc="9" el="192" ec="9" bec="0" bev="0" fileid="3" />
                <SequencePoint vc="2020" uspid="131" ordinal="0" offset="141" sl="193" sc="9" el="193" ec="9" bec="0" bev="0" fileid="3" />
                <SequencePoint vc="2" uspid="132" ordinal="0" offset="158" sl="194" sc="9" el="194" ec="9" bec="0" bev="0" fileid="3" />
                <SequencePoint vc="2" uspid="133" ordinal="0" offset="159" sl="195" sc="13" el="195" ec="13" bec="0" bev="0" fileid="3" />
                <SequencePoint vc="2" uspid="134" ordinal="0" offset="166" sl="196" sc="9" el="196" ec="9" bec="0" bev="0" fileid="3" />
                <SequencePoint vc="2020" uspid="135" ordinal="0" offset="167" sl="197" sc="5" el="197" ec="5" bec="0" bev="0" fileid="3" />
              </SequencePoints>
              <BranchPoints />
            </Method>
            <Method visited="true" cyclomaticComplexity="0" nPathComplexity="0" sequenceCoverage="100.0" branchCoverage="0" crapScore="0" isConstructor="false" isStatic="false" isGetter="false" isSetter="false">
              <Summary numSequencePoints="9" visitedSequencePoints="9" numBranchPoints="0" visitedBranchPoints="0" sequenceCoverage="100.0" branchCoverage="0" maxCyclomaticComplexity="0" minCyclomaticComplexity="0" maxCrapScore="0" minCrapScore="0" visitedClasses="0" numClasses="0" visitedMethods="1" numMethods="1" />
              <MetadataToken>100663341</MetadataToken>
              <Name>System.Void Enemy::TakeTurn()</Name>
              <FileRef uid="3" />
              <SequencePoints>
                <SequencePoint vc="2020" uspid="145" ordinal="0" offset="0" sl="212" sc="5" el="212" ec="5" bec="0" bev="0" fileid="3" />
                <SequencePoint vc="2020" uspid="146" ordinal="0" offset="1" sl="213" sc="9" el="213" ec="9" bec="0" bev="0" fileid="3" />
                <SequencePoint vc="604" uspid="147" ordinal="0" offset="51" sl="214" sc="9" el="214" ec="9" bec="0" bev="0" fileid="3" />
                <SequencePoint vc="604" uspid="148" ordinal="0" offset="52" sl="215" sc="13" el="215" ec="13" bec="0" bev="0" fileid="3" />
                <SequencePoint vc="604" uspid="149" ordinal="0" offset="84" sl="216" sc="9" el="216" ec="9" bec="0" bev="0" fileid="3" />
                <SequencePoint vc="1416" uspid="150" ordinal="0" offset="87" sl="218" sc="9" el="218" ec="9" bec="0" bev="0" fileid="3" />
                <SequencePoint vc="1416" uspid="151" ordinal="0" offset="88" sl="219" sc="13" el="219" ec="13" bec="0" bev="0" fileid="3" />
                <SequencePoint vc="1416" uspid="152" ordinal="0" offset="120" sl="220" sc="9" el="220" ec="9" bec="0" bev="0" fileid="3" />
                <SequencePoint vc="2020" uspid="153" ordinal="0" offset="121" sl="222" sc="5" el="222" ec="5" bec="0" bev="0" fileid="3" />
              </SequencePoints>
              <BranchPoints />
            </Method>
            <Method visited="true" cyclomaticComplexity="0" nPathComplexity="0" sequenceCoverage="100.0" branchCoverage="0" crapScore="0" isConstructor="false" isStatic="false" isGetter="false" isSetter="false">
              <Summary numSequencePoints="7" visitedSequencePoints="7" numBranchPoints="0" visitedBranchPoints="0" sequenceCoverage="100.0" branchCoverage="0" maxCyclomaticComplexity="0" minCyclomaticComplexity="0" maxCrapScore="0" minCrapScore="0" visitedClasses="0" numClasses="0" visitedMethods="1" numMethods="1" />
              <MetadataToken>100663342</MetadataToken>
              <Name>System.Void Enemy::ChooseNextWaypoint()</Name>
              <FileRef uid="3" />
              <SequencePoints>
                <SequencePoint vc="2" uspid="154" ordinal="0" offset="0" sl="225" sc="5" el="225" ec="5" bec="0" bev="0" fileid="3" />
                <SequencePoint vc="2" uspid="155" ordinal="0" offset="1" sl="226" sc="9" el="226" ec="9" bec="0" bev="0" fileid="3" />
                <SequencePoint vc="2" uspid="156" ordinal="0" offset="15" sl="228" sc="9" el="228" ec="9" bec="0" bev="0" fileid="3" />
                <SequencePoint vc="1" uspid="157" ordinal="0" offset="35" sl="229" sc="9" el="229" ec="9" bec="0" bev="0" fileid="3" />
                <SequencePoint vc="1" uspid="158" ordinal="0" offset="36" sl="230" sc="13" el="230" ec="13" bec="0" bev="0" fileid="3" />
                <SequencePoint vc="1" uspid="159" ordinal="0" offset="43" sl="231" sc="9" el="231" ec="9" bec="0" bev="0" fileid="3" />
                <SequencePoint vc="2" uspid="160" ordinal="0" offset="44" sl="232" sc="5" el="232" ec="5" bec="0" bev="0" fileid="3" />
              </SequencePoints>
              <BranchPoints />
            </Method>
            <Method visited="true" cyclomaticComplexity="0" nPathComplexity="0" sequenceCoverage="100.0" branchCoverage="0" crapScore="0" isConstructor="false" isStatic="false" isGetter="false" isSetter="false">
              <Summary numSequencePoints="4" visitedSequencePoints="4" numBranchPoints="0" visitedBranchPoints="0" sequenceCoverage="100.0" branchCoverage="0" maxCyclomaticComplexity="0" minCyclomaticComplexity="0" maxCrapScore="0" minCrapScore="0" visitedClasses="0" numClasses="0" visitedMethods="1" numMethods="1" />
              <MetadataToken>100663352</MetadataToken>
              <Name>System.Void Enemy::OnDrawGizmos()</Name>
              <FileRef uid="3" />
              <SequencePoints>
                <SequencePoint vc="2020" uspid="215" ordinal="0" offset="0" sl="324" sc="5" el="324" ec="5" bec="0" bev="0" fileid="3" />
                <SequencePoint vc="2020" uspid="216" ordinal="0" offset="1" sl="325" sc="9" el="325" ec="9" bec="0" bev="0" fileid="3" />
                <SequencePoint vc="2020" uspid="217" ordinal="0" offset="12" sl="326" sc="9" el="326" ec="9" bec="0" bev="0" fileid="3" />
                <SequencePoint vc="2020" uspid="218" ordinal="0" offset="35" sl="327" sc="5" el="327" ec="5" bec="0" bev="0" fileid="3" />
              </SequencePoints>
              <BranchPoints />
            </Method>
            <Method visited="true" cyclomaticComplexity="0" nPathComplexity="0" sequenceCoverage="100.0" branchCoverage="0" crapScore="0" isConstructor="true" isStatic="false" isGetter="false" isSetter="false">
              <Summary numSequencePoints="6" visitedSequencePoints="6" numBranchPoints="0" visitedBranchPoints="0" sequenceCoverage="100.0" branchCoverage="0" maxCyclomaticComplexity="0" minCyclomaticComplexity="0" maxCrapScore="0" minCrapScore="0" visitedClasses="0" numClasses="0" visitedMethods="1" numMethods="1" />
              <MetadataToken>100663353</MetadataToken>
              <Name>Enemy::Enemy()</Name>
              <FileRef uid="3" />
              <SequencePoints>
                <SequencePoint vc="4" uspid="219" ordinal="0" offset="0" sl="17" sc="5" el="17" ec="5" bec="0" bev="0" fileid="3" />
                <SequencePoint vc="4" uspid="220" ordinal="0" offset="8" sl="38" sc="5" el="38" ec="5" bec="0" bev="0" fileid="3" />
                <SequencePoint vc="4" uspid="221" ordinal="0" offset="15" sl="49" sc="5" el="49" ec="5" bec="0" bev="0" fileid="3" />
                <SequencePoint vc="4" uspid="222" ordinal="0" offset="22" sl="52" sc="5" el="52" ec="5" bec="0" bev="0" fileid="3" />
                <SequencePoint vc="4" uspid="223" ordinal="0" offset="29" sl="61" sc="5" el="61" ec="5" bec="0" bev="0" fileid="3" />
                <SequencePoint vc="4" uspid="224" ordinal="0" offset="40" sl="63" sc="5" el="63" ec="5" bec="0" bev="0" fileid="3" />
              </SequencePoints>
              <BranchPoints />
            </Method>
          </Methods>
        </Class>
        <Class>
          <Summary numSequencePoints="20" visitedSequencePoints="20" numBranchPoints="0" visitedBranchPoints="0" sequenceCoverage="100.0" branchCoverage="0.0" maxCyclomaticComplexity="0" minCyclomaticComplexity="0" maxCrapScore="0" minCrapScore="0" visitedClasses="1" numClasses="1" visitedMethods="14" numMethods="14" />
          <FullName>GameData</FullName>
          <Methods>
            <Method visited="true" cyclomaticComplexity="0" nPathComplexity="0" sequenceCoverage="100.0" branchCoverage="0" crapScore="0" isConstructor="false" isStatic="true" isGetter="true" isSetter="false">
              <Summary numSequencePoints="1" visitedSequencePoints="1" numBranchPoints="0" visitedBranchPoints="0" sequenceCoverage="100.0" branchCoverage="0" maxCyclomaticComplexity="0" minCyclomaticComplexity="0" maxCrapScore="0" minCrapScore="0" visitedClasses="0" numClasses="0" visitedMethods="1" numMethods="1" />
              <MetadataToken>100663378</MetadataToken>
              <Name>static System.Int32 GameData::get_Score()</Name>
              <FileRef uid="5" />
              <SequencePoints>
                <SequencePoint vc="2" uspid="233" ordinal="0" offset="0" sl="7" sc="31" el="7" ec="31" bec="0" bev="0" fileid="5" />
              </SequencePoints>
              <BranchPoints />
            </Method>
            <Method visited="true" cyclomaticComplexity="0" nPathComplexity="0" sequenceCoverage="100.0" branchCoverage="0" crapScore="0" isConstructor="false" isStatic="true" isGetter="false" isSetter="true">
              <Summary numSequencePoints="1" visitedSequencePoints="1" numBranchPoints="0" visitedBranchPoints="0" sequenceCoverage="100.0" branchCoverage="0" maxCyclomaticComplexity="0" minCyclomaticComplexity="0" maxCrapScore="0" minCrapScore="0" visitedClasses="0" numClasses="0" visitedMethods="1" numMethods="1" />
              <MetadataToken>100663379</MetadataToken>
              <Name>static System.Void GameData::set_Score(System.Int32)</Name>
              <FileRef uid="5" />
              <SequencePoints>
                <SequencePoint vc="1" uspid="234" ordinal="0" offset="0" sl="7" sc="36" el="7" ec="36" bec="0" bev="0" fileid="5" />
              </SequencePoints>
              <BranchPoints />
            </Method>
            <Method visited="true" cyclomaticComplexity="0" nPathComplexity="0" sequenceCoverage="100.0" branchCoverage="0" crapScore="0" isConstructor="false" isStatic="true" isGetter="true" isSetter="false">
              <Summary numSequencePoints="1" visitedSequencePoints="1" numBranchPoints="0" visitedBranchPoints="0" sequenceCoverage="100.0" branchCoverage="0" maxCyclomaticComplexity="0" minCyclomaticComplexity="0" maxCrapScore="0" minCrapScore="0" visitedClasses="0" numClasses="0" visitedMethods="1" numMethods="1" />
              <MetadataToken>100663380</MetadataToken>
              <Name>static System.String GameData::get_PlayerName()</Name>
              <FileRef uid="5" />
              <SequencePoints>
                <SequencePoint vc="2" uspid="235" ordinal="0" offset="0" sl="8" sc="39" el="8" ec="39" bec="0" bev="0" fileid="5" />
              </SequencePoints>
              <BranchPoints />
            </Method>
            <Method visited="true" cyclomaticComplexity="0" nPathComplexity="0" sequenceCoverage="100.0" branchCoverage="0" crapScore="0" isConstructor="false" isStatic="true" isGetter="true" isSetter="false">
              <Summary numSequencePoints="1" visitedSequencePoints="1" numBranchPoints="0" visitedBranchPoints="0" sequenceCoverage="100.0" branchCoverage="0" maxCyclomaticComplexity="0" minCyclomaticComplexity="0" maxCrapScore="0" minCrapScore="0" visitedClasses="0" numClasses="0" visitedMethods="1" numMethods="1" />
              <MetadataToken>100663382</MetadataToken>
              <Name>static System.Int32 GameData::get_PlayerHealth()</Name>
              <FileRef uid="5" />
              <SequencePoints>
                <SequencePoint vc="1" uspid="237" ordinal="0" offset="0" sl="9" sc="38" el="9" ec="38" bec="0" bev="0" fileid="5" />
              </SequencePoints>
              <BranchPoints />
            </Method>
            <Method visited="true" cyclomaticComplexity="0" nPathComplexity="0" sequenceCoverage="100.0" branchCoverage="0" crapScore="0" isConstructor="false" isStatic="true" isGetter="false" isSetter="true">
              <Summary numSequencePoints="1" visitedSequencePoints="1" numBranchPoints="0" visitedBranchPoints="0" sequenceCoverage="100.0" branchCoverage="0" maxCyclomaticComplexity="0" minCyclomaticComplexity="0" maxCrapScore="0" minCrapScore="0" visitedClasses="0" numClasses="0" visitedMethods="1" numMethods="1" />
              <MetadataToken>100663383</MetadataToken>
              <Name>static System.Void GameData::set_PlayerHealth(System.Int32)</Name>
              <FileRef uid="5" />
              <SequencePoints>
                <SequencePoint vc="1" uspid="238" ordinal="0" offset="0" sl="9" sc="43" el="9" ec="43" bec="0" bev="0" fileid="5" />
              </SequencePoints>
              <BranchPoints />
            </Method>
            <Method visited="true" cyclomaticComplexity="0" nPathComplexity="0" sequenceCoverage="100.0" branchCoverage="0" crapScore="0" isConstructor="false" isStatic="true" isGetter="true" isSetter="false">
              <Summary numSequencePoints="1" visitedSequencePoints="1" numBranchPoints="0" visitedBranchPoints="0" sequenceCoverage="100.0" branchCoverage="0" maxCyclomaticComplexity="0" minCyclomaticComplexity="0" maxCrapScore="0" minCrapScore="0" visitedClasses="0" numClasses="0" visitedMethods="1" numMethods="1" />
              <MetadataToken>100663384</MetadataToken>
              <Name>static System.String GameData::get_CurrentCheckpoint()</Name>
              <FileRef uid="5" />
              <SequencePoints>
                <SequencePoint vc="5" uspid="239" ordinal="0" offset="0" sl="10" sc="46" el="10" ec="46" bec="0" bev="0" fileid="5" />
              </SequencePoints>
              <BranchPoints />
            </Method>
            <Method visited="true" cyclomaticComplexity="0" nPathComplexity="0" sequenceCoverage="100.0" branchCoverage="0" crapScore="0" isConstructor="false" isStatic="true" isGetter="false" isSetter="true">
              <Summary numSequencePoints="1" visitedSequencePoints="1" numBranchPoints="0" visitedBranchPoints="0" sequenceCoverage="100.0" branchCoverage="0" maxCyclomaticComplexity="0" minCyclomaticComplexity="0" maxCrapScore="0" minCrapScore="0" visitedClasses="0" numClasses="0" visitedMethods="1" numMethods="1" />
              <MetadataToken>100663385</MetadataToken>
              <Name>static System.Void GameData::set_CurrentCheckpoint(System.String)</Name>
              <FileRef uid="5" />
              <SequencePoints>
                <SequencePoint vc="1" uspid="240" ordinal="0" offset="0" sl="10" sc="51" el="10" ec="51" bec="0" bev="0" fileid="5" />
              </SequencePoints>
              <BranchPoints />
            </Method>
            <Method visited="true" cyclomaticComplexity="0" nPathComplexity="0" sequenceCoverage="100.0" branchCoverage="0" crapScore="0" isConstructor="false" isStatic="true" isGetter="true" isSetter="false">
              <Summary numSequencePoints="1" visitedSequencePoints="1" numBranchPoints="0" visitedBranchPoints="0" sequenceCoverage="100.0" branchCoverage="0" maxCyclomaticComplexity="0" minCyclomaticComplexity="0" maxCrapScore="0" minCrapScore="0" visitedClasses="0" numClasses="0" visitedMethods="1" numMethods="1" />
              <MetadataToken>100663386</MetadataToken>
              <Name>static System.Collections.Generic.List[String] GameData::get_DeadEnemiesId()</Name>
              <FileRef uid="5" />
              <SequencePoints>
                <SequencePoint vc="1" uspid="241" ordinal="0" offset="0" sl="11" sc="48" el="11" ec="48" bec="0" bev="0" fileid="5" />
              </SequencePoints>
              <BranchPoints />
            </Method>
            <Method visited="true" cyclomaticComplexity="0" nPathComplexity="0" sequenceCoverage="100.0" branchCoverage="0" crapScore="0" isConstructor="false" isStatic="true" isGetter="false" isSetter="true">
              <Summary numSequencePoints="1" visitedSequencePoints="1" numBranchPoints="0" visitedBranchPoints="0" sequenceCoverage="100.0" branchCoverage="0" maxCyclomaticComplexity="0" minCyclomaticComplexity="0" maxCrapScore="0" minCrapScore="0" visitedClasses="0" numClasses="0" visitedMethods="1" numMethods="1" />
              <MetadataToken>100663387</MetadataToken>
              <Name>static System.Void GameData::set_DeadEnemiesId(System.Collections.Generic.List[String])</Name>
              <FileRef uid="5" />
              <SequencePoints>
                <SequencePoint vc="1" uspid="242" ordinal="0" offset="0" sl="11" sc="53" el="11" ec="53" bec="0" bev="0" fileid="5" />
              </SequencePoints>
              <BranchPoints />
            </Method>
            <Method visited="true" cyclomaticComplexity="0" nPathComplexity="0" sequenceCoverage="100.0" branchCoverage="0" crapScore="0" isConstructor="false" isStatic="true" isGetter="true" isSetter="false">
              <Summary numSequencePoints="1" visitedSequencePoints="1" numBranchPoints="0" visitedBranchPoints="0" sequenceCoverage="100.0" branchCoverage="0" maxCyclomaticComplexity="0" minCyclomaticComplexity="0" maxCrapScore="0" minCrapScore="0" visitedClasses="0" numClasses="0" visitedMethods="1" numMethods="1" />
              <MetadataToken>100663388</MetadataToken>
              <Name>static System.Collections.Generic.List[Level] GameData::get_Levels()</Name>
              <FileRef uid="5" />
              <SequencePoints>
                <SequencePoint vc="6" uspid="243" ordinal="0" offset="0" sl="12" sc="40" el="12" ec="40" bec="0" bev="0" fileid="5" />
              </SequencePoints>
              <BranchPoints />
            </Method>
            <Method visited="true" cyclomaticComplexity="0" nPathComplexity="0" sequenceCoverage="100.0" branchCoverage="0" crapScore="0" isConstructor="false" isStatic="true" isGetter="false" isSetter="true">
              <Summary numSequencePoints="1" visitedSequencePoints="1" numBranchPoints="0" visitedBranchPoints="0" sequenceCoverage="100.0" branchCoverage="0" maxCyclomaticComplexity="0" minCyclomaticComplexity="0" maxCrapScore="0" minCrapScore="0" visitedClasses="0" numClasses="0" visitedMethods="1" numMethods="1" />
              <MetadataToken>100663389</MetadataToken>
              <Name>static System.Void GameData::set_Levels(System.Collections.Generic.List[Level])</Name>
              <FileRef uid="5" />
              <SequencePoints>
                <SequencePoint vc="1" uspid="244" ordinal="0" offset="0" sl="12" sc="45" el="12" ec="45" bec="0" bev="0" fileid="5" />
              </SequencePoints>
              <BranchPoints />
            </Method>
            <Method visited="true" cyclomaticComplexity="0" nPathComplexity="0" sequenceCoverage="100.0" branchCoverage="0" crapScore="0" isConstructor="false" isStatic="true" isGetter="true" isSetter="false">
              <Summary numSequencePoints="1" visitedSequencePoints="1" numBranchPoints="0" visitedBranchPoints="0" sequenceCoverage="100.0" branchCoverage="0" maxCyclomaticComplexity="0" minCyclomaticComplexity="0" maxCrapScore="0" minCrapScore="0" visitedClasses="0" numClasses="0" visitedMethods="1" numMethods="1" />
              <MetadataToken>100663390</MetadataToken>
              <Name>static Level GameData::get_CurrentLevel()</Name>
              <FileRef uid="5" />
              <SequencePoints>
                <SequencePoint vc="3" uspid="245" ordinal="0" offset="0" sl="13" sc="40" el="13" ec="40" bec="0" bev="0" fileid="5" />
              </SequencePoints>
              <BranchPoints />
            </Method>
            <Method visited="true" cyclomaticComplexity="0" nPathComplexity="0" sequenceCoverage="100.0" branchCoverage="0" crapScore="0" isConstructor="false" isStatic="true" isGetter="false" isSetter="true">
              <Summary numSequencePoints="1" visitedSequencePoints="1" numBranchPoints="0" visitedBranchPoints="0" sequenceCoverage="100.0" branchCoverage="0" maxCyclomaticComplexity="0" minCyclomaticComplexity="0" maxCrapScore="0" minCrapScore="0" visitedClasses="0" numClasses="0" visitedMethods="1" numMethods="1" />
              <MetadataToken>100663391</MetadataToken>
              <Name>static System.Void GameData::set_CurrentLevel(Level)</Name>
              <FileRef uid="5" />
              <SequencePoints>
                <SequencePoint vc="1" uspid="246" ordinal="0" offset="0" sl="13" sc="45" el="13" ec="45" bec="0" bev="0" fileid="5" />
              </SequencePoints>
              <BranchPoints />
            </Method>
            <Method visited="true" cyclomaticComplexity="0" nPathComplexity="0" sequenceCoverage="100.0" branchCoverage="0" crapScore="0" isConstructor="true" isStatic="true" isGetter="false" isSetter="false">
              <Summary numSequencePoints="7" visitedSequencePoints="7" numBranchPoints="0" visitedBranchPoints="0" sequenceCoverage="100.0" branchCoverage="0" maxCyclomaticComplexity="0" minCyclomaticComplexity="0" maxCrapScore="0" minCrapScore="0" visitedClasses="0" numClasses="0" visitedMethods="1" numMethods="1" />
              <MetadataToken>100663392</MetadataToken>
              <Name>static GameData::GameData()</Name>
              <FileRef uid="5" />
              <SequencePoints>
                <SequencePoint vc="1" uspid="247" ordinal="0" offset="0" sl="7" sc="45" el="7" ec="45" bec="0" bev="0" fileid="5" />
                <SequencePoint vc="1" uspid="248" ordinal="0" offset="6" sl="8" sc="53" el="8" ec="53" bec="0" bev="0" fileid="5" />
                <SequencePoint vc="1" uspid="249" ordinal="0" offset="16" sl="9" sc="52" el="9" ec="52" bec="0" bev="0" fileid="5" />
                <SequencePoint vc="1" uspid="250" ordinal="0" offset="23" sl="10" sc="60" el="10" ec="60" bec="0" bev="0" fileid="5" />
                <SequencePoint vc="1" uspid="251" ordinal="0" offset="33" sl="11" sc="62" el="11" ec="62" bec="0" bev="0" fileid="5" />
                <SequencePoint vc="1" uspid="252" ordinal="0" offset="43" sl="12" sc="54" el="12" ec="54" bec="0" bev="0" fileid="5" />
                <SequencePoint vc="1" uspid="253" ordinal="0" offset="54" sl="13" sc="54" el="13" ec="54" bec="0" bev="0" fileid="5" />
              </SequencePoints>
              <BranchPoints />
            </Method>
          </Methods>
        </Class>
        <Class>
          <Summary numSequencePoints="20" visitedSequencePoints="20" numBranchPoints="0" visitedBranchPoints="0" sequenceCoverage="100.0" branchCoverage="0.0" maxCyclomaticComplexity="0" minCyclomaticComplexity="0" maxCrapScore="0" minCrapScore="0" visitedClasses="1" numClasses="1" visitedMethods="2" numMethods="2" />
          <FullName>Level</FullName>
          <Methods>
            <Method visited="true" cyclomaticComplexity="0" nPathComplexity="0" sequenceCoverage="100.0" branchCoverage="0" crapScore="0" isConstructor="false" isStatic="true" isGetter="false" isSetter="false">
              <Summary numSequencePoints="13" visitedSequencePoints="13" numBranchPoints="0" visitedBranchPoints="0" sequenceCoverage="100.0" branchCoverage="0" maxCyclomaticComplexity="0" minCyclomaticComplexity="0" maxCrapScore="0" minCrapScore="0" visitedClasses="0" numClasses="0" visitedMethods="1" numMethods="1" />
              <MetadataToken>100663406</MetadataToken>
              <Name>static Level Level::RestartLevel(System.Int32, System.Int32)</Name>
              <FileRef uid="6" />
              <SequencePoints>
                <SequencePoint vc="1" uspid="265" ordinal="0" offset="0" sl="50" sc="5" el="50" ec="5" bec="0" bev="0" fileid="6" />
                <SequencePoint vc="1" uspid="266" ordinal="0" offset="1" sl="51" sc="9" el="51" ec="9" bec="0" bev="0" fileid="6" />
                <SequencePoint vc="1" uspid="267" ordinal="0" offset="7" sl="52" sc="9" el="52" ec="9" bec="0" bev="0" fileid="6" />
                <SequencePoint vc="1" uspid="268" ordinal="0" offset="14" sl="53" sc="9" el="53" ec="9" bec="0" bev="0" fileid="6" />
                <SequencePoint vc="1" uspid="269" ordinal="0" offset="25" sl="54" sc="9" el="54" ec="9" bec="0" bev="0" fileid="6" />
                <SequencePoint vc="1" uspid="270" ordinal="0" offset="32" sl="55" sc="9" el="55" ec="9" bec="0" bev="0" fileid="6" />
                <SequencePoint vc="1" uspid="271" ordinal="0" offset="39" sl="56" sc="9" el="56" ec="9" bec="0" bev="0" fileid="6" />
                <SequencePoint vc="1" uspid="272" ordinal="0" offset="46" sl="57" sc="9" el="57" ec="9" bec="0" bev="0" fileid="6" />
                <SequencePoint vc="1" uspid="273" ordinal="0" offset="54" sl="58" sc="9" el="58" ec="9" bec="0" bev="0" fileid="6" />
                <SequencePoint vc="1" uspid="274" ordinal="0" offset="61" sl="59" sc="9" el="59" ec="9" bec="0" bev="0" fileid="6" />
                <SequencePoint vc="1" uspid="275" ordinal="0" offset="68" sl="60" sc="9" el="60" ec="9" bec="0" bev="0" fileid="6" />
                <SequencePoint vc="1" uspid="276" ordinal="0" offset="75" sl="61" sc="9" el="61" ec="9" bec="0" bev="0" fileid="6" />
                <SequencePoint vc="1" uspid="277" ordinal="0" offset="79" sl="62" sc="5" el="62" ec="5" bec="0" bev="0" fileid="6" />
              </SequencePoints>
              <BranchPoints />
            </Method>
            <Method visited="true" cyclomaticComplexity="0" nPathComplexity="0" sequenceCoverage="100.0" branchCoverage="0" crapScore="0" isConstructor="true" isStatic="false" isGetter="false" isSetter="false">
              <Summary numSequencePoints="7" visitedSequencePoints="7" numBranchPoints="0" visitedBranchPoints="0" sequenceCoverage="100.0" branchCoverage="0" maxCyclomaticComplexity="0" minCyclomaticComplexity="0" maxCrapScore="0" minCrapScore="0" visitedClasses="0" numClasses="0" visitedMethods="1" numMethods="1" />
              <MetadataToken>100663407</MetadataToken>
              <Name>Level::Level()</Name>
              <FileRef uid="6" />
              <SequencePoints>
                <SequencePoint vc="3" uspid="278" ordinal="0" offset="0" sl="40" sc="5" el="40" ec="5" bec="0" bev="0" fileid="6" />
                <SequencePoint vc="3" uspid="279" ordinal="0" offset="8" sl="41" sc="5" el="41" ec="5" bec="0" bev="0" fileid="6" />
                <SequencePoint vc="3" uspid="280" ordinal="0" offset="15" sl="42" sc="5" el="42" ec="5" bec="0" bev="0" fileid="6" />
                <SequencePoint vc="3" uspid="281" ordinal="0" offset="22" sl="43" sc="5" el="43" ec="5" bec="0" bev="0" fileid="6" />
                <SequencePoint vc="3" uspid="282" ordinal="0" offset="29" sl="44" sc="5" el="44" ec="5" bec="0" bev="0" fileid="6" />
                <SequencePoint vc="3" uspid="283" ordinal="0" offset="40" sl="45" sc="5" el="45" ec="5" bec="0" bev="0" fileid="6" />
                <SequencePoint vc="3" uspid="284" ordinal="0" offset="47" sl="47" sc="5" el="47" ec="5" bec="0" bev="0" fileid="6" />
              </SequencePoints>
              <BranchPoints />
            </Method>
          </Methods>
        </Class>
        <Class>
          <Summary numSequencePoints="89" visitedSequencePoints="56" numBranchPoints="0" visitedBranchPoints="0" sequenceCoverage="62.92" branchCoverage="0.0" maxCyclomaticComplexity="0" minCyclomaticComplexity="0" maxCrapScore="0" minCrapScore="0" visitedClasses="1" numClasses="1" visitedMethods="8" numMethods="8" />
          <FullName>Player</FullName>
          <Methods>
            <Method visited="true" cyclomaticComplexity="0" nPathComplexity="0" sequenceCoverage="100.0" branchCoverage="0" crapScore="0" isConstructor="false" isStatic="false" isGetter="true" isSetter="false">
              <Summary numSequencePoints="3" visitedSequencePoints="3" numBranchPoints="0" visitedBranchPoints="0" sequenceCoverage="100.0" branchCoverage="0" maxCyclomaticComplexity="0" minCyclomaticComplexity="0" maxCrapScore="0" minCrapScore="0" visitedClasses="0" numClasses="0" visitedMethods="1" numMethods="1" />
              <MetadataToken>100663408</MetadataToken>
              <Name>System.Boolean Player::get_IsDead()</Name>
              <FileRef uid="7" />
              <SequencePoints>
                <SequencePoint vc="2020" uspid="285" ordinal="0" offset="0" sl="70" sc="29" el="70" ec="29" bec="0" bev="0" fileid="7" />
                <SequencePoint vc="2020" uspid="286" ordinal="0" offset="1" sl="70" sc="31" el="70" ec="31" bec="0" bev="0" fileid="7" />
                <SequencePoint vc="2020" uspid="287" ordinal="0" offset="10" sl="70" sc="46" el="70" ec="46" bec="0" bev="0" fileid="7" />
              </SequencePoints>
              <BranchPoints />
            </Method>
            <Method visited="true" cyclomaticComplexity="0" nPathComplexity="0" sequenceCoverage="100.0" branchCoverage="0" crapScore="0" isConstructor="false" isStatic="false" isGetter="true" isSetter="false">
              <Summary numSequencePoints="1" visitedSequencePoints="1" numBranchPoints="0" visitedBranchPoints="0" sequenceCoverage="100.0" branchCoverage="0" maxCyclomaticComplexity="0" minCyclomaticComplexity="0" maxCrapScore="0" minCrapScore="0" visitedClasses="0" numClasses="0" visitedMethods="1" numMethods="1" />
              <MetadataToken>100663412</MetadataToken>
              <Name>System.Boolean Player::get_InputRecived()</Name>
              <FileRef uid="7" />
              <SequencePoints>
                <SequencePoint vc="448" uspid="297" ordinal="0" offset="0" sl="73" sc="39" el="73" ec="39" bec="0" bev="0" fileid="7" />
              </SequencePoints>
              <BranchPoints />
            </Method>
            <Method visited="true" cyclomaticComplexity="0" nPathComplexity="0" sequenceCoverage="100.0" branchCoverage="0" crapScore="0" isConstructor="false" isStatic="false" isGetter="true" isSetter="false">
              <Summary numSequencePoints="1" visitedSequencePoints="1" numBranchPoints="0" visitedBranchPoints="0" sequenceCoverage="100.0" branchCoverage="0" maxCyclomaticComplexity="0" minCyclomaticComplexity="0" maxCrapScore="0" minCrapScore="0" visitedClasses="0" numClasses="0" visitedMethods="1" numMethods="1" />
              <MetadataToken>100663416</MetadataToken>
              <Name>System.Int32 Player::get_Health()</Name>
              <FileRef uid="7" />
              <SequencePoints>
                <SequencePoint vc="1" uspid="301" ordinal="0" offset="0" sl="75" sc="32" el="75" ec="32" bec="0" bev="0" fileid="7" />
              </SequencePoints>
              <BranchPoints />
            </Method>
            <Method visited="true" cyclomaticComplexity="0" nPathComplexity="0" sequenceCoverage="100.0" branchCoverage="0" crapScore="0" isConstructor="false" isStatic="false" isGetter="false" isSetter="false">
              <Summary numSequencePoints="3" visitedSequencePoints="3" numBranchPoints="0" visitedBranchPoints="0" sequenceCoverage="100.0" branchCoverage="0" maxCyclomaticComplexity="0" minCyclomaticComplexity="0" maxCrapScore="0" minCrapScore="0" visitedClasses="0" numClasses="0" visitedMethods="1" numMethods="1" />
              <MetadataToken>100663430</MetadataToken>
              <Name>System.Void Player::Awake()</Name>
              <FileRef uid="7" />
              <SequencePoints>
                <SequencePoint vc="1" uspid="315" ordinal="0" offset="0" sl="84" sc="5" el="84" ec="5" bec="0" bev="0" fileid="7" />
                <SequencePoint vc="1" uspid="316" ordinal="0" offset="1" sl="85" sc="9" el="85" ec="9" bec="0" bev="0" fileid="7" />
                <SequencePoint vc="1" uspid="317" ordinal="0" offset="7" sl="86" sc="5" el="86" ec="5" bec="0" bev="0" fileid="7" />
              </SequencePoints>
              <BranchPoints />
            </Method>
            <Method visited="true" cyclomaticComplexity="0" nPathComplexity="0" sequenceCoverage="66.67" branchCoverage="0" crapScore="0" isConstructor="false" isStatic="false" isGetter="false" isSetter="false">
              <Summary numSequencePoints="9" visitedSequencePoints="6" numBranchPoints="0" visitedBranchPoints="0" sequenceCoverage="66.67" branchCoverage="0" maxCyclomaticComplexity="0" minCyclomaticComplexity="0" maxCrapScore="0" minCrapScore="0" visitedClasses="0" numClasses="0" visitedMethods="1" numMethods="1" />
              <MetadataToken>100663431</MetadataToken>
              <Name>System.Void Player::Start()</Name>
              <FileRef uid="7" />
              <SequencePoints>
                <SequencePoint vc="1" uspid="318" ordinal="0" offset="0" sl="89" sc="5" el="89" ec="5" bec="0" bev="0" fileid="7" />
                <SequencePoint vc="1" uspid="319" ordinal="0" offset="1" sl="90" sc="9" el="90" ec="9" bec="0" bev="0" fileid="7" />
                <SequencePoint vc="1" uspid="320" ordinal="0" offset="12" sl="91" sc="9" el="91" ec="9" bec="0" bev="0" fileid="7" />
                <SequencePoint vc="0" uspid="321" ordinal="0" offset="28" sl="92" sc="9" el="92" ec="9" bec="0" bev="0" fileid="7" />
                <SequencePoint vc="0" uspid="322" ordinal="0" offset="29" sl="93" sc="13" el="93" ec="13" bec="0" bev="0" fileid="7" />
                <SequencePoint vc="0" uspid="323" ordinal="0" offset="37" sl="94" sc="9" el="94" ec="9" bec="0" bev="0" fileid="7" />
                <SequencePoint vc="1" uspid="324" ordinal="0" offset="38" sl="95" sc="9" el="95" ec="9" bec="0" bev="0" fileid="7" />
                <SequencePoint vc="1" uspid="325" ordinal="0" offset="50" sl="96" sc="9" el="96" ec="9" bec="0" bev="0" fileid="7" />
                <SequencePoint vc="1" uspid="326" ordinal="0" offset="62" sl="97" sc="5" el="97" ec="5" bec="0" bev="0" fileid="7" />
              </SequencePoints>
              <BranchPoints />
            </Method>
            <Method visited="true" cyclomaticComplexity="0" nPathComplexity="0" sequenceCoverage="48.94" branchCoverage="0" crapScore="0" isConstructor="false" isStatic="false" isGetter="false" isSetter="false">
              <Summary numSequencePoints="47" visitedSequencePoints="23" numBranchPoints="0" visitedBranchPoints="0" sequenceCoverage="48.94" branchCoverage="0" maxCyclomaticComplexity="0" minCyclomaticComplexity="0" maxCrapScore="0" minCrapScore="0" visitedClasses="0" numClasses="0" visitedMethods="1" numMethods="1" />
              <MetadataToken>100663432</MetadataToken>
              <Name>System.Void Player::Update()</Name>
              <FileRef uid="7" />
              <SequencePoints>
                <SequencePoint vc="1010" uspid="327" ordinal="0" offset="0" sl="101" sc="5" el="101" ec="5" bec="0" bev="0" fileid="7" />
                <SequencePoint vc="1010" uspid="328" ordinal="0" offset="1" sl="102" sc="9" el="102" ec="9" bec="0" bev="0" fileid="7" />
                <SequencePoint vc="1010" uspid="329" ordinal="0" offset="65" sl="103" sc="9" el="103" ec="9" bec="0" bev="0" fileid="7" />
                <SequencePoint vc="1010" uspid="330" ordinal="0" offset="108" sl="104" sc="9" el="104" ec="9" bec="0" bev="0" fileid="7" />
                <SequencePoint vc="1010" uspid="331" ordinal="0" offset="109" sl="105" sc="13" el="105" ec="13" bec="0" bev="0" fileid="7" />
                <SequencePoint vc="1010" uspid="332" ordinal="0" offset="132" sl="106" sc="13" el="106" ec="13" bec="0" bev="0" fileid="7" />
                <SequencePoint vc="1010" uspid="333" ordinal="0" offset="148" sl="107" sc="13" el="107" ec="13" bec="0" bev="0" fileid="7" />
                <SequencePoint vc="1010" uspid="334" ordinal="0" offset="160" sl="108" sc="13" el="108" ec="13" bec="0" bev="0" fileid="7" />
                <SequencePoint vc="1010" uspid="335" ordinal="0" offset="176" sl="109" sc="13" el="109" ec="13" bec="0" bev="0" fileid="7" />
                <SequencePoint vc="0" uspid="336" ordinal="0" offset="196" sl="110" sc="13" el="110" ec="13" bec="0" bev="0" fileid="7" />
                <SequencePoint vc="0" uspid="337" ordinal="0" offset="197" sl="111" sc="17" el="111" ec="17" bec="0" bev="0" fileid="7" />
                <SequencePoint vc="0" uspid="338" ordinal="0" offset="204" sl="112" sc="13" el="112" ec="13" bec="0" bev="0" fileid="7" />
                <SequencePoint vc="1010" uspid="339" ordinal="0" offset="205" sl="113" sc="13" el="113" ec="13" bec="0" bev="0" fileid="7" />
                <SequencePoint vc="0" uspid="340" ordinal="0" offset="215" sl="114" sc="13" el="114" ec="13" bec="0" bev="0" fileid="7" />
                <SequencePoint vc="0" uspid="341" ordinal="0" offset="216" sl="115" sc="17" el="115" ec="17" bec="0" bev="0" fileid="7" />
                <SequencePoint vc="0" uspid="342" ordinal="0" offset="223" sl="116" sc="13" el="116" ec="13" bec="0" bev="0" fileid="7" />
                <SequencePoint vc="1010" uspid="343" ordinal="0" offset="224" sl="117" sc="13" el="117" ec="13" bec="0" bev="0" fileid="7" />
                <SequencePoint vc="0" uspid="344" ordinal="0" offset="234" sl="118" sc="13" el="118" ec="13" bec="0" bev="0" fileid="7" />
                <SequencePoint vc="0" uspid="345" ordinal="0" offset="235" sl="119" sc="17" el="119" ec="17" bec="0" bev="0" fileid="7" />
                <SequencePoint vc="0" uspid="346" ordinal="0" offset="242" sl="120" sc="13" el="120" ec="13" bec="0" bev="0" fileid="7" />
                <SequencePoint vc="1010" uspid="347" ordinal="0" offset="243" sl="122" sc="13" el="122" ec="13" bec="0" bev="0" fileid="7" />
                <SequencePoint vc="0" uspid="348" ordinal="0" offset="278" sl="123" sc="13" el="123" ec="13" bec="0" bev="0" fileid="7" />
                <SequencePoint vc="0" uspid="349" ordinal="0" offset="279" sl="124" sc="17" el="124" ec="17" bec="0" bev="0" fileid="7" />
                <SequencePoint vc="0" uspid="350" ordinal="0" offset="301" sl="125" sc="13" el="125" ec="13" bec="0" bev="0" fileid="7" />
                <SequencePoint vc="1010" uspid="351" ordinal="0" offset="304" sl="127" sc="13" el="127" ec="13" bec="0" bev="0" fileid="7" />
                <SequencePoint vc="1010" uspid="352" ordinal="0" offset="305" sl="128" sc="17" el="128" ec="17" bec="0" bev="0" fileid="7" />
                <SequencePoint vc="1010" uspid="353" ordinal="0" offset="327" sl="129" sc="13" el="129" ec="13" bec="0" bev="0" fileid="7" />
                <SequencePoint vc="1010" uspid="354" ordinal="0" offset="328" sl="131" sc="13" el="131" ec="13" bec="0" bev="0" fileid="7" />
                <SequencePoint vc="1010" uspid="355" ordinal="0" offset="351" sl="133" sc="13" el="133" ec="13" bec="0" bev="0" fileid="7" />
                <SequencePoint vc="0" uspid="356" ordinal="0" offset="363" sl="134" sc="13" el="134" ec="13" bec="0" bev="0" fileid="7" />
                <SequencePoint vc="0" uspid="357" ordinal="0" offset="364" sl="135" sc="17" el="135" ec="17" bec="0" bev="0" fileid="7" />
                <SequencePoint vc="0" uspid="358" ordinal="0" offset="391" sl="136" sc="17" el="136" ec="17" bec="0" bev="0" fileid="7" />
                <SequencePoint vc="0" uspid="359" ordinal="0" offset="425" sl="137" sc="13" el="137" ec="13" bec="0" bev="0" fileid="7" />
                <SequencePoint vc="1010" uspid="360" ordinal="0" offset="428" sl="139" sc="13" el="139" ec="13" bec="0" bev="0" fileid="7" />
                <SequencePoint vc="1010" uspid="361" ordinal="0" offset="429" sl="140" sc="17" el="140" ec="17" bec="0" bev="0" fileid="7" />
                <SequencePoint vc="1010" uspid="362" ordinal="0" offset="456" sl="141" sc="17" el="141" ec="17" bec="0" bev="0" fileid="7" />
                <SequencePoint vc="1010" uspid="363" ordinal="0" offset="494" sl="142" sc="13" el="142" ec="13" bec="0" bev="0" fileid="7" />
                <SequencePoint vc="1010" uspid="364" ordinal="0" offset="495" sl="143" sc="9" el="143" ec="9" bec="0" bev="0" fileid="7" />
                <SequencePoint vc="0" uspid="365" ordinal="0" offset="498" sl="144" sc="14" el="144" ec="14" bec="0" bev="0" fileid="7" />
                <SequencePoint vc="0" uspid="366" ordinal="0" offset="521" sl="144" sc="40" el="144" ec="40" bec="0" bev="0" fileid="7" />
                <SequencePoint vc="0" uspid="367" ordinal="0" offset="522" sl="146" sc="13" el="146" ec="13" bec="0" bev="0" fileid="7" />
                <SequencePoint vc="0" uspid="368" ordinal="0" offset="535" sl="147" sc="9" el="147" ec="9" bec="0" bev="0" fileid="7" />
                <SequencePoint vc="0" uspid="369" ordinal="0" offset="538" sl="148" sc="14" el="148" ec="14" bec="0" bev="0" fileid="7" />
                <SequencePoint vc="0" uspid="370" ordinal="0" offset="564" sl="149" sc="9" el="149" ec="9" bec="0" bev="0" fileid="7" />
                <SequencePoint vc="0" uspid="371" ordinal="0" offset="565" sl="150" sc="13" el="150" ec="13" bec="0" bev="0" fileid="7" />
                <SequencePoint vc="0" uspid="372" ordinal="0" offset="578" sl="151" sc="9" el="151" ec="9" bec="0" bev="0" fileid="7" />
                <SequencePoint vc="1010" uspid="373" ordinal="0" offset="579" sl="152" sc="5" el="152" ec="5" bec="0" bev="0" fileid="7" />
              </SequencePoints>
              <BranchPoints />
            </Method>
            <Method visited="true" cyclomaticComplexity="0" nPathComplexity="0" sequenceCoverage="57.14" branchCoverage="0" crapScore="0" isConstructor="false" isStatic="false" isGetter="false" isSetter="false">
              <Summary numSequencePoints="14" visitedSequencePoints="8" numBranchPoints="0" visitedBranchPoints="0" sequenceCoverage="57.14" branchCoverage="0" maxCyclomaticComplexity="0" minCyclomaticComplexity="0" maxCrapScore="0" minCrapScore="0" visitedClasses="0" numClasses="0" visitedMethods="1" numMethods="1" />
              <MetadataToken>100663433</MetadataToken>
              <Name>System.Void Player::FixedUpdate()</Name>
              <FileRef uid="7" />
              <SequencePoints>
                <SequencePoint vc="449" uspid="374" ordinal="0" offset="0" sl="156" sc="5" el="156" ec="5" bec="0" bev="0" fileid="7" />
                <SequencePoint vc="449" uspid="375" ordinal="0" offset="1" sl="157" sc="9" el="157" ec="9" bec="0" bev="0" fileid="7" />
                <SequencePoint vc="449" uspid="376" ordinal="0" offset="14" sl="158" sc="9" el="158" ec="9" bec="0" bev="0" fileid="7" />
                <SequencePoint vc="449" uspid="377" ordinal="0" offset="15" sl="159" sc="13" el="159" ec="13" bec="0" bev="0" fileid="7" />
                <SequencePoint vc="449" uspid="378" ordinal="0" offset="28" sl="160" sc="13" el="160" ec="13" bec="0" bev="0" fileid="7" />
                <SequencePoint vc="0" uspid="379" ordinal="0" offset="38" sl="161" sc="13" el="161" ec="13" bec="0" bev="0" fileid="7" />
                <SequencePoint vc="0" uspid="380" ordinal="0" offset="39" sl="162" sc="17" el="162" ec="17" bec="0" bev="0" fileid="7" />
                <SequencePoint vc="0" uspid="381" ordinal="0" offset="46" sl="163" sc="13" el="163" ec="13" bec="0" bev="0" fileid="7" />
                <SequencePoint vc="449" uspid="382" ordinal="0" offset="47" sl="165" sc="13" el="165" ec="13" bec="0" bev="0" fileid="7" />
                <SequencePoint vc="0" uspid="383" ordinal="0" offset="74" sl="166" sc="13" el="166" ec="13" bec="0" bev="0" fileid="7" />
                <SequencePoint vc="0" uspid="384" ordinal="0" offset="75" sl="167" sc="17" el="167" ec="17" bec="0" bev="0" fileid="7" />
                <SequencePoint vc="0" uspid="385" ordinal="0" offset="113" sl="168" sc="13" el="168" ec="13" bec="0" bev="0" fileid="7" />
                <SequencePoint vc="449" uspid="386" ordinal="0" offset="114" sl="169" sc="9" el="169" ec="9" bec="0" bev="0" fileid="7" />
                <SequencePoint vc="449" uspid="387" ordinal="0" offset="115" sl="170" sc="5" el="170" ec="5" bec="0" bev="0" fileid="7" />
              </SequencePoints>
              <BranchPoints />
            </Method>
            <Method visited="true" cyclomaticComplexity="0" nPathComplexity="0" sequenceCoverage="100.0" branchCoverage="0" crapScore="0" isConstructor="true" isStatic="false" isGetter="false" isSetter="false">
              <Summary numSequencePoints="11" visitedSequencePoints="11" numBranchPoints="0" visitedBranchPoints="0" sequenceCoverage="100.0" branchCoverage="0" maxCyclomaticComplexity="0" minCyclomaticComplexity="0" maxCrapScore="0" minCrapScore="0" visitedClasses="0" numClasses="0" visitedMethods="1" numMethods="1" />
              <MetadataToken>100663442</MetadataToken>
              <Name>Player::Player()</Name>
              <FileRef uid="7" />
              <SequencePoints>
                <SequencePoint vc="2" uspid="485" ordinal="0" offset="0" sl="26" sc="5" el="26" ec="5" bec="0" bev="0" fileid="7" />
                <SequencePoint vc="2" uspid="486" ordinal="0" offset="7" sl="32" sc="5" el="32" ec="5" bec="0" bev="0" fileid="7" />
                <SequencePoint vc="2" uspid="487" ordinal="0" offset="18" sl="34" sc="5" el="34" ec="5" bec="0" bev="0" fileid="7" />
                <SequencePoint vc="2" uspid="488" ordinal="0" offset="26" sl="36" sc="5" el="36" ec="5" bec="0" bev="0" fileid="7" />
                <SequencePoint vc="2" uspid="489" ordinal="0" offset="34" sl="38" sc="5" el="38" ec="5" bec="0" bev="0" fileid="7" />
                <SequencePoint vc="2" uspid="490" ordinal="0" offset="45" sl="55" sc="22" el="55" ec="22" bec="0" bev="0" fileid="7" />
                <SequencePoint vc="2" uspid="491" ordinal="0" offset="56" sl="56" sc="22" el="56" ec="22" bec="0" bev="0" fileid="7" />
                <SequencePoint vc="2" uspid="492" ordinal="0" offset="67" sl="60" sc="5" el="60" ec="5" bec="0" bev="0" fileid="7" />
                <SequencePoint vc="2" uspid="493" ordinal="0" offset="74" sl="61" sc="5" el="61" ec="5" bec="0" bev="0" fileid="7" />
                <SequencePoint vc="2" uspid="494" ordinal="0" offset="81" sl="66" sc="5" el="66" ec="5" bec="0" bev="0" fileid="7" />
                <SequencePoint vc="2" uspid="495" ordinal="0" offset="88" sl="67" sc="5" el="67" ec="5" bec="0" bev="0" fileid="7" />
              </SequencePoints>
              <BranchPoints />
            </Method>
          </Methods>
        </Class>
        <Class>
          <Summary numSequencePoints="36" visitedSequencePoints="30" numBranchPoints="0" visitedBranchPoints="0" sequenceCoverage="83.33" branchCoverage="0.0" maxCyclomaticComplexity="0" minCyclomaticComplexity="0" maxCrapScore="0" minCrapScore="0" visitedClasses="1" numClasses="1" visitedMethods="7" numMethods="7" />
          <FullName>GameUI</FullName>
          <Methods>
            <Method visited="true" cyclomaticComplexity="0" nPathComplexity="0" sequenceCoverage="100.0" branchCoverage="0" crapScore="0" isConstructor="false" isStatic="false" isGetter="true" isSetter="false">
              <Summary numSequencePoints="3" visitedSequencePoints="3" numBranchPoints="0" visitedBranchPoints="0" sequenceCoverage="100.0" branchCoverage="0" maxCyclomaticComplexity="0" minCyclomaticComplexity="0" maxCrapScore="0" minCrapScore="0" visitedClasses="0" numClasses="0" visitedMethods="1" numMethods="1" />
              <MetadataToken>100663454</MetadataToken>
              <Name>System.Boolean GameUI::get_IsPaused()</Name>
              <FileRef uid="8" />
              <SequencePoints>
                <SequencePoint vc="1010" uspid="496" ordinal="0" offset="0" sl="33" sc="33" el="33" ec="33" bec="0" bev="0" fileid="8" />
                <SequencePoint vc="1010" uspid="497" ordinal="0" offset="1" sl="33" sc="35" el="33" ec="35" bec="0" bev="0" fileid="8" />
                <SequencePoint vc="1010" uspid="498" ordinal="0" offset="10" sl="33" sc="52" el="33" ec="52" bec="0" bev="0" fileid="8" />
              </SequencePoints>
              <BranchPoints />
            </Method>
            <Method visited="true" cyclomaticComplexity="0" nPathComplexity="0" sequenceCoverage="100.0" branchCoverage="0" crapScore="0" isConstructor="false" isStatic="false" isGetter="true" isSetter="false">
              <Summary numSequencePoints="3" visitedSequencePoints="3" numBranchPoints="0" visitedBranchPoints="0" sequenceCoverage="100.0" branchCoverage="0" maxCyclomaticComplexity="0" minCyclomaticComplexity="0" maxCrapScore="0" minCrapScore="0" visitedClasses="0" numClasses="0" visitedMethods="1" numMethods="1" />
              <MetadataToken>100663455</MetadataToken>
              <Name>System.Boolean GameUI::get_IsFinished()</Name>
              <FileRef uid="8" />
              <SequencePoints>
                <SequencePoint vc="1010" uspid="499" ordinal="0" offset="0" sl="34" sc="34" el="34" ec="34" bec="0" bev="0" fileid="8" />
                <SequencePoint vc="1010" uspid="500" ordinal="0" offset="1" sl="34" sc="36" el="34" ec="36" bec="0" bev="0" fileid="8" />
                <SequencePoint vc="1010" uspid="501" ordinal="0" offset="10" sl="34" sc="55" el="34" ec="55" bec="0" bev="0" fileid="8" />
              </SequencePoints>
              <BranchPoints />
            </Method>
            <Method visited="true" cyclomaticComplexity="0" nPathComplexity="0" sequenceCoverage="100.0" branchCoverage="0" crapScore="0" isConstructor="false" isStatic="false" isGetter="false" isSetter="false">
              <Summary numSequencePoints="9" visitedSequencePoints="9" numBranchPoints="0" visitedBranchPoints="0" sequenceCoverage="100.0" branchCoverage="0" maxCyclomaticComplexity="0" minCyclomaticComplexity="0" maxCrapScore="0" minCrapScore="0" visitedClasses="0" numClasses="0" visitedMethods="1" numMethods="1" />
              <MetadataToken>100663456</MetadataToken>
              <Name>System.Void GameUI::Start()</Name>
              <FileRef uid="8" />
              <SequencePoints>
                <SequencePoint vc="1" uspid="502" ordinal="0" offset="0" sl="38" sc="5" el="38" ec="5" bec="0" bev="0" fileid="8" />
                <SequencePoint vc="1" uspid="503" ordinal="0" offset="1" sl="39" sc="9" el="39" ec="9" bec="0" bev="0" fileid="8" />
                <SequencePoint vc="1" uspid="504" ordinal="0" offset="7" sl="41" sc="9" el="41" ec="9" bec="0" bev="0" fileid="8" />
                <SequencePoint vc="1" uspid="505" ordinal="0" offset="19" sl="42" sc="9" el="42" ec="9" bec="0" bev="0" fileid="8" />
                <SequencePoint vc="1" uspid="506" ordinal="0" offset="20" sl="43" sc="13" el="43" ec="13" bec="0" bev="0" fileid="8" />
                <SequencePoint vc="1" uspid="507" ordinal="0" offset="37" sl="44" sc="9" el="44" ec="9" bec="0" bev="0" fileid="8" />
                <SequencePoint vc="1" uspid="508" ordinal="0" offset="38" sl="45" sc="9" el="45" ec="9" bec="0" bev="0" fileid="8" />
                <SequencePoint vc="1" uspid="509" ordinal="0" offset="45" sl="46" sc="9" el="46" ec="9" bec="0" bev="0" fileid="8" />
                <SequencePoint vc="1" uspid="510" ordinal="0" offset="52" sl="47" sc="5" el="47" ec="5" bec="0" bev="0" fileid="8" />
              </SequencePoints>
              <BranchPoints />
            </Method>
            <Method visited="true" cyclomaticComplexity="0" nPathComplexity="0" sequenceCoverage="50.00" branchCoverage="0" crapScore="0" isConstructor="false" isStatic="false" isGetter="false" isSetter="false">
              <Summary numSequencePoints="6" visitedSequencePoints="3" numBranchPoints="0" visitedBranchPoints="0" sequenceCoverage="50.00" branchCoverage="0" maxCyclomaticComplexity="0" minCyclomaticComplexity="0" maxCrapScore="0" minCrapScore="0" visitedClasses="0" numClasses="0" visitedMethods="1" numMethods="1" />
              <MetadataToken>100663457</MetadataToken>
              <Name>System.Void GameUI::Update()</Name>
              <FileRef uid="8" />
              <SequencePoints>
                <SequencePoint vc="1010" uspid="511" ordinal="0" offset="0" sl="51" sc="5" el="51" ec="5" bec="0" bev="0" fileid="8" />
                <SequencePoint vc="1010" uspid="512" ordinal="0" offset="1" sl="53" sc="9" el="53" ec="9" bec="0" bev="0" fileid="8" />
                <SequencePoint vc="0" uspid="513" ordinal="0" offset="38" sl="54" sc="9" el="54" ec="9" bec="0" bev="0" fileid="8" />
                <SequencePoint vc="0" uspid="514" ordinal="0" offset="39" sl="55" sc="13" el="55" ec="13" bec="0" bev="0" fileid="8" />
                <SequencePoint vc="0" uspid="515" ordinal="0" offset="46" sl="56" sc="9" el="56" ec="9" bec="0" bev="0" fileid="8" />
                <SequencePoint vc="1010" uspid="516" ordinal="0" offset="47" sl="57" sc="5" el="57" ec="5" bec="0" bev="0" fileid="8" />
              </SequencePoints>
              <BranchPoints />
            </Method>
            <Method visited="true" cyclomaticComplexity="0" nPathComplexity="0" sequenceCoverage="70.00" branchCoverage="0" crapScore="0" isConstructor="false" isStatic="false" isGetter="false" isSetter="false">
              <Summary numSequencePoints="10" visitedSequencePoints="7" numBranchPoints="0" visitedBranchPoints="0" sequenceCoverage="70.00" branchCoverage="0" maxCyclomaticComplexity="0" minCyclomaticComplexity="0" maxCrapScore="0" minCrapScore="0" visitedClasses="0" numClasses="0" visitedMethods="1" numMethods="1" />
              <MetadataToken>100663461</MetadataToken>
              <Name>System.Void GameUI::ChangeHealthbar()</Name>
              <FileRef uid="8" />
              <SequencePoints>
                <SequencePoint vc="1" uspid="543" ordinal="0" offset="0" sl="93" sc="5" el="93" ec="5" bec="0" bev="0" fileid="8" />
                <SequencePoint vc="1" uspid="544" ordinal="0" offset="1" sl="94" sc="9" el="94" ec="9" bec="0" bev="0" fileid="8" />
                <SequencePoint vc="1" uspid="545" ordinal="0" offset="30" sl="95" sc="9" el="95" ec="9" bec="0" bev="0" fileid="8" />
                <SequencePoint vc="1" uspid="546" ordinal="0" offset="52" sl="96" sc="9" el="96" ec="9" bec="0" bev="0" fileid="8" />
                <SequencePoint vc="1" uspid="547" ordinal="0" offset="53" sl="97" sc="13" el="97" ec="13" bec="0" bev="0" fileid="8" />
                <SequencePoint vc="1" uspid="548" ordinal="0" offset="66" sl="98" sc="9" el="98" ec="9" bec="0" bev="0" fileid="8" />
                <SequencePoint vc="0" uspid="549" ordinal="0" offset="69" sl="100" sc="9" el="100" ec="9" bec="0" bev="0" fileid="8" />
                <SequencePoint vc="0" uspid="550" ordinal="0" offset="70" sl="101" sc="13" el="101" ec="13" bec="0" bev="0" fileid="8" />
                <SequencePoint vc="0" uspid="551" ordinal="0" offset="83" sl="102" sc="9" el="102" ec="9" bec="0" bev="0" fileid="8" />
                <SequencePoint vc="1" uspid="552" ordinal="0" offset="84" sl="103" sc="5" el="103" ec="5" bec="0" bev="0" fileid="8" />
              </SequencePoints>
              <BranchPoints />
            </Method>
            <Method visited="true" cyclomaticComplexity="0" nPathComplexity="0" sequenceCoverage="100.0" branchCoverage="0" crapScore="0" isConstructor="false" isStatic="false" isGetter="false" isSetter="false">
              <Summary numSequencePoints="3" visitedSequencePoints="3" numBranchPoints="0" visitedBranchPoints="0" sequenceCoverage="100.0" branchCoverage="0" maxCyclomaticComplexity="0" minCyclomaticComplexity="0" maxCrapScore="0" minCrapScore="0" visitedClasses="0" numClasses="0" visitedMethods="1" numMethods="1" />
              <MetadataToken>100663462</MetadataToken>
              <Name>System.Void GameUI::ChangeScore()</Name>
              <FileRef uid="8" />
              <SequencePoints>
                <SequencePoint vc="1" uspid="553" ordinal="0" offset="0" sl="106" sc="5" el="106" ec="5" bec="0" bev="0" fileid="8" />
                <SequencePoint vc="1" uspid="554" ordinal="0" offset="1" sl="107" sc="9" el="107" ec="9" bec="0" bev="0" fileid="8" />
                <SequencePoint vc="1" uspid="555" ordinal="0" offset="36" sl="108" sc="5" el="108" ec="5" bec="0" bev="0" fileid="8" />
              </SequencePoints>
              <BranchPoints />
            </Method>
            <Method visited="true" cyclomaticComplexity="0" nPathComplexity="0" sequenceCoverage="100.0" branchCoverage="0" crapScore="0" isConstructor="true" isStatic="false" isGetter="false" isSetter="false">
              <Summary numSequencePoints="2" visitedSequencePoints="2" numBranchPoints="0" visitedBranchPoints="0" sequenceCoverage="100.0" branchCoverage="0" maxCyclomaticComplexity="0" minCyclomaticComplexity="0" maxCrapScore="0" minCrapScore="0" visitedClasses="0" numClasses="0" visitedMethods="1" numMethods="1" />
              <MetadataToken>100663463</MetadataToken>
              <Name>GameUI::GameUI()</Name>
              <FileRef uid="8" />
              <SequencePoints>
                <SequencePoint vc="2" uspid="556" ordinal="0" offset="0" sl="30" sc="5" el="30" ec="5" bec="0" bev="0" fileid="8" />
                <SequencePoint vc="2" uspid="557" ordinal="0" offset="7" sl="31" sc="5" el="31" ec="5" bec="0" bev="0" fileid="8" />
              </SequencePoints>
              <BranchPoints />
            </Method>
          </Methods>
        </Class>
        <Class>
          <Summary numSequencePoints="32" visitedSequencePoints="16" numBranchPoints="0" visitedBranchPoints="0" sequenceCoverage="50.00" branchCoverage="0.0" maxCyclomaticComplexity="0" minCyclomaticComplexity="0" maxCrapScore="0" minCrapScore="0" visitedClasses="1" numClasses="1" visitedMethods="2" numMethods="2" />
          <FullName>MenuUIHandler</FullName>
          <Methods>
            <Method visited="true" cyclomaticComplexity="0" nPathComplexity="0" sequenceCoverage="57.14" branchCoverage="0" crapScore="0" isConstructor="false" isStatic="false" isGetter="false" isSetter="false">
              <Summary numSequencePoints="7" visitedSequencePoints="4" numBranchPoints="0" visitedBranchPoints="0" sequenceCoverage="57.14" branchCoverage="0" maxCyclomaticComplexity="0" minCyclomaticComplexity="0" maxCrapScore="0" minCrapScore="0" visitedClasses="0" numClasses="0" visitedMethods="1" numMethods="1" />
              <MetadataToken>100663464</MetadataToken>
              <Name>System.Void MenuUIHandler::Start()</Name>
              <FileRef uid="9" />
              <SequencePoints>
                <SequencePoint vc="2" uspid="558" ordinal="0" offset="0" sl="36" sc="5" el="36" ec="5" bec="0" bev="0" fileid="9" />
                <SequencePoint vc="2" uspid="559" ordinal="0" offset="1" sl="37" sc="9" el="37" ec="9" bec="0" bev="0" fileid="9" />
                <SequencePoint vc="2" uspid="560" ordinal="0" offset="7" sl="39" sc="9" el="39" ec="9" bec="0" bev="0" fileid="9" />
                <SequencePoint vc="0" uspid="561" ordinal="0" offset="21" sl="40" sc="9" el="40" ec="9" bec="0" bev="0" fileid="9" />
                <SequencePoint vc="0" uspid="562" ordinal="0" offset="22" sl="41" sc="13" el="41" ec="13" bec="0" bev="0" fileid="9" />
                <SequencePoint vc="0" uspid="563" ordinal="0" offset="29" sl="42" sc="9" el="42" ec="9" bec="0" bev="0" fileid="9" />
                <SequencePoint vc="2" uspid="564" ordinal="0" offset="30" sl="43" sc="5" el="43" ec="5" bec="0" bev="0" fileid="9" />
              </SequencePoints>
              <BranchPoints />
            </Method>
            <Method visited="true" cyclomaticComplexity="0" nPathComplexity="0" sequenceCoverage="48.00" branchCoverage="0" crapScore="0" isConstructor="false" isStatic="false" isGetter="false" isSetter="false">
              <Summary numSequencePoints="25" visitedSequencePoints="12" numBranchPoints="0" visitedBranchPoints="0" sequenceCoverage="48.00" branchCoverage="0" maxCyclomaticComplexity="0" minCyclomaticComplexity="0" maxCrapScore="0" minCrapScore="0" visitedClasses="0" numClasses="0" visitedMethods="1" numMethods="1" />
              <MetadataToken>100663476</MetadataToken>
              <Name>System.Void MenuUIHandler::OpenLevel(System.Int32)</Name>
              <FileRef uid="9" />
              <SequencePoints>
                <SequencePoint vc="1" uspid="635" ordinal="0" offset="0" sl="169" sc="5" el="169" ec="5" bec="0" bev="0" fileid="9" />
                <SequencePoint vc="1" uspid="636" ordinal="0" offset="1" sl="170" sc="9" el="170" ec="9" bec="0" bev="0" fileid="9" />
                <SequencePoint vc="1" uspid="637" ordinal="0" offset="12" sl="171" sc="9" el="171" ec="9" bec="0" bev="0" fileid="9" />
                <SequencePoint vc="1" uspid="638" ordinal="0" offset="26" sl="172" sc="9" el="172" ec="9" bec="0" bev="0" fileid="9" />
                <SequencePoint vc="0" uspid="639" ordinal="0" offset="58" sl="173" sc="9" el="173" ec="9" bec="0" bev="0" fileid="9" />
                <SequencePoint vc="0" uspid="640" ordinal="0" offset="59" sl="174" sc="13" el="174" ec="13" bec="0" bev="0" fileid="9" />
                <SequencePoint vc="0" uspid="641" ordinal="0" offset="69" sl="175" sc="13" el="175" ec="13" bec="0" bev="0" fileid="9" />
                <SequencePoint vc="0" uspid="642" ordinal="0" offset="70" sl="176" sc="17" el="176" ec="17" bec="0" bev="0" fileid="9" />
                <SequencePoint vc="0" uspid="643" ordinal="0" offset="83" sl="177" sc="17" el="177" ec="17" bec="0" bev="0" fileid="9" />
                <SequencePoint vc="0" uspid="644" ordinal="0" offset="98" sl="178" sc="13" el="178" ec="13" bec="0" bev="0" fileid="9" />
                <SequencePoint vc="0" uspid="645" ordinal="0" offset="101" sl="180" sc="13" el="180" ec="13" bec="0" bev="0" fileid="9" />
                <SequencePoint vc="0" uspid="646" ordinal="0" offset="102" sl="181" sc="17" el="181" ec="17" bec="0" bev="0" fileid="9" />
                <SequencePoint vc="0" uspid="647" ordinal="0" offset="110" sl="182" sc="17" el="182" ec="17" bec="0" bev="0" fileid="9" />
                <SequencePoint vc="0" uspid="648" ordinal="0" offset="125" sl="183" sc="13" el="183" ec="13" bec="0" bev="0" fileid="9" />
                <SequencePoint vc="0" uspid="649" ordinal="0" offset="126" sl="184" sc="9" el="184" ec="9" bec="0" bev="0" fileid="9" />
                <SequencePoint vc="1" uspid="650" ordinal="0" offset="129" sl="185" sc="14" el="185" ec="14" bec="0" bev="0" fileid="9" />
                <SequencePoint vc="0" uspid="651" ordinal="0" offset="154" sl="186" sc="9" el="186" ec="9" bec="0" bev="0" fileid="9" />
                <SequencePoint vc="0" uspid="652" ordinal="0" offset="155" sl="187" sc="13" el="187" ec="13" bec="0" bev="0" fileid="9" />
                <SequencePoint vc="1" uspid="653" ordinal="0" offset="157" sl="189" sc="9" el="189" ec="9" bec="0" bev="0" fileid="9" />
                <SequencePoint vc="1" uspid="654" ordinal="0" offset="164" sl="191" sc="9" el="191" ec="9" bec="0" bev="0" fileid="9" />
                <SequencePoint vc="1" uspid="655" ordinal="0" offset="176" sl="192" sc="9" el="192" ec="9" bec="0" bev="0" fileid="9" />
                <SequencePoint vc="1" uspid="656" ordinal="0" offset="188" sl="193" sc="9" el="193" ec="9" bec="0" bev="0" fileid="9" />
                <SequencePoint vc="1" uspid="657" ordinal="0" offset="200" sl="194" sc="9" el="194" ec="9" bec="0" bev="0" fileid="9" />
                <SequencePoint vc="1" uspid="658" ordinal="0" offset="212" sl="196" sc="9" el="196" ec="9" bec="0" bev="0" fileid="9" />
                <SequencePoint vc="1" uspid="659" ordinal="0" offset="226" sl="197" sc="5" el="197" ec="5" bec="0" bev="0" fileid="9" />
              </SequencePoints>
              <BranchPoints />
            </Method>
          </Methods>
        </Class>
        <Class>
          <Summary numSequencePoints="10" visitedSequencePoints="9" numBranchPoints="0" visitedBranchPoints="0" sequenceCoverage="90.00" branchCoverage="0.0" maxCyclomaticComplexity="0" minCyclomaticComplexity="0" maxCrapScore="0" minCrapScore="0" visitedClasses="1" numClasses="1" visitedMethods="1" numMethods="1" />
          <FullName>MenuUIHandler/&lt;StartLevel&gt;d__23</FullName>
          <Methods>
            <Method visited="true" cyclomaticComplexity="0" nPathComplexity="0" sequenceCoverage="90.00" branchCoverage="0" crapScore="0" isConstructor="false" isStatic="false" isGetter="false" isSetter="false">
              <Summary numSequencePoints="10" visitedSequencePoints="9" numBranchPoints="0" visitedBranchPoints="0" sequenceCoverage="90.00" branchCoverage="0" maxCyclomaticComplexity="0" minCyclomaticComplexity="0" maxCrapScore="0" minCrapScore="0" visitedClasses="0" numClasses="0" visitedMethods="1" numMethods="1" />
              <MetadataToken>100663574</MetadataToken>
              <Name>System.Boolean MenuUIHandler/&lt;StartLevel&gt;d__23::MoveNext()</Name>
              <FileRef uid="9" />
              <SequencePoints>
                <SequencePoint vc="1" uspid="766" ordinal="0" offset="45" sl="200" sc="5" el="200" ec="5" bec="0" bev="0" fileid="9" />
                <SequencePoint vc="1" uspid="767" ordinal="0" offset="46" sl="201" sc="9" el="201" ec="9" bec="0" bev="0" fileid="9" />
                <SequencePoint vc="1" uspid="768" ordinal="0" offset="78" sl="203" sc="9" el="203" ec="9" bec="0" bev="0" fileid="9" />
                <SequencePoint vc="3" uspid="769" ordinal="0" offset="97" sl="206" sc="9" el="206" ec="9" bec="0" bev="0" fileid="9" />
                <SequencePoint vc="3" uspid="770" ordinal="0" offset="98" sl="207" sc="13" el="207" ec="13" bec="0" bev="0" fileid="9" />
                <SequencePoint vc="3" uspid="771" ordinal="0" offset="126" sl="208" sc="13" el="208" ec="13" bec="0" bev="0" fileid="9" />
                <SequencePoint vc="3" uspid="772" ordinal="0" offset="159" sl="209" sc="13" el="209" ec="13" bec="0" bev="0" fileid="9" />
                <SequencePoint vc="2" uspid="773" ordinal="0" offset="182" sl="210" sc="9" el="210" ec="9" bec="0" bev="0" fileid="9" />
                <SequencePoint vc="3" uspid="774" ordinal="0" offset="183" sl="205" sc="9" el="205" ec="9" bec="0" bev="0" fileid="9" />
                <SequencePoint vc="0" uspid="775" ordinal="0" offset="201" sl="211" sc="5" el="211" ec="5" bec="0" bev="0" fileid="9" />
              </SequencePoints>
              <BranchPoints />
            </Method>
          </Methods>
        </Class>
      </Classes>
    </Module>
  </Modules>
</CoverageSession>