<?xml version="1.0" encoding="utf-8"?>
<CoverageSession xmlns:xsd="http://www.w3.org/2001/XMLSchema" xmlns:xsi="http://www.w3.org/2001/XMLSchema-instance" Version="0.0.0.0">
  <Summary numSequencePoints="347" visitedSequencePoints="306" numBranchPoints="0" visitedBranchPoints="0" sequenceCoverage="88.18" branchCoverage="0.0" maxCyclomaticComplexity="0" minCyclomaticComplexity="0" maxCrapScore="0" minCrapScore="0" visitedClasses="13" numClasses="13" visitedMethods="56" numMethods="56" />
  <Modules>
    <Module>
      <Summary numSequencePoints="347" visitedSequencePoints="306" numBranchPoints="0" visitedBranchPoints="0" sequenceCoverage="88.18" branchCoverage="0.0" maxCyclomaticComplexity="0" minCyclomaticComplexity="0" maxCrapScore="0" minCrapScore="0" visitedClasses="13" numClasses="13" visitedMethods="56" numMethods="56" />
      <ModuleTime>0001-01-01T00:00:00</ModuleTime>
      <ModuleName>Scripts</ModuleName>
      <Files>
        <File uid="1" fullPath="D:/Unity projects/Diplom/Assets/Scripts/CameraFollow.cs" />
        <File uid="2" fullPath="D:/Unity projects/Diplom/Assets/Scripts/Enemy/ColliderDamage.cs" />
        <File uid="3" fullPath="D:/Unity projects/Diplom/Assets/Scripts/Enemy/SimpleEnemy/Enemy.cs" />
        <File uid="4" fullPath="D:/Unity projects/Diplom/Assets/Scripts/Managers/GameCloud.cs" />
        <File uid="5" fullPath="D:/Unity projects/Diplom/Assets/Scripts/Managers/GameData.cs" />
        <File uid="6" fullPath="D:/Unity projects/Diplom/Assets/Scripts/Managers/SerializableData.cs" />
        <File uid="7" fullPath="D:/Unity projects/Diplom/Assets/Scripts/Player.cs" />
        <File uid="8" fullPath="D:/Unity projects/Diplom/Assets/Scripts/UI/GameUI.cs" />
        <File uid="9" fullPath="D:/Unity projects/Diplom/Assets/Scripts/UI/MenuUIHandler.cs" />
        <File uid="10" fullPath="D:/Unity projects/Diplom/Assets/Scripts/UI/PauseUI.cs" />
      </Files>
      <Classes>
        <Class>
          <Summary numSequencePoints="17" visitedSequencePoints="14" numBranchPoints="0" visitedBranchPoints="0" sequenceCoverage="82.35" branchCoverage="0.0" maxCyclomaticComplexity="0" minCyclomaticComplexity="0" maxCrapScore="0" minCrapScore="0" visitedClasses="1" numClasses="1" visitedMethods="2" numMethods="2" />
          <FullName>CameraFollow</FullName>
          <Methods>
            <Method visited="true" cyclomaticComplexity="0" nPathComplexity="0" sequenceCoverage="76.92" branchCoverage="0" crapScore="0" isConstructor="false" isStatic="false" isGetter="false" isSetter="false">
              <Summary numSequencePoints="13" visitedSequencePoints="10" numBranchPoints="0" visitedBranchPoints="0" sequenceCoverage="76.92" branchCoverage="0" maxCyclomaticComplexity="0" minCyclomaticComplexity="0" maxCrapScore="0" minCrapScore="0" visitedClasses="0" numClasses="0" visitedMethods="1" numMethods="1" />
              <MetadataToken>100663297</MetadataToken>
              <Name>System.Void CameraFollow::Update()</Name>
              <FileRef uid="1" />
              <SequencePoints>
                <SequencePoint vc="2" uspid="1" ordinal="0" offset="0" sl="20" sc="5" el="20" ec="5" bec="0" bev="0" fileid="1" />
                <SequencePoint vc="2" uspid="2" ordinal="0" offset="1" sl="21" sc="9" el="21" ec="9" bec="0" bev="0" fileid="1" />
                <SequencePoint vc="2" uspid="3" ordinal="0" offset="18" sl="22" sc="9" el="22" ec="9" bec="0" bev="0" fileid="1" />
                <SequencePoint vc="0" uspid="4" ordinal="0" offset="31" sl="23" sc="9" el="23" ec="9" bec="0" bev="0" fileid="1" />
                <SequencePoint vc="0" uspid="5" ordinal="0" offset="32" sl="24" sc="13" el="24" ec="13" bec="0" bev="0" fileid="1" />
                <SequencePoint vc="0" uspid="6" ordinal="0" offset="39" sl="25" sc="9" el="25" ec="9" bec="0" bev="0" fileid="1" />
                <SequencePoint vc="2" uspid="7" ordinal="0" offset="40" sl="26" sc="9" el="26" ec="9" bec="0" bev="0" fileid="1" />
                <SequencePoint vc="1" uspid="8" ordinal="0" offset="53" sl="27" sc="9" el="27" ec="9" bec="0" bev="0" fileid="1" />
                <SequencePoint vc="1" uspid="9" ordinal="0" offset="54" sl="28" sc="13" el="28" ec="13" bec="0" bev="0" fileid="1" />
                <SequencePoint vc="1" uspid="10" ordinal="0" offset="61" sl="29" sc="9" el="29" ec="9" bec="0" bev="0" fileid="1" />
                <SequencePoint vc="2" uspid="11" ordinal="0" offset="62" sl="30" sc="9" el="30" ec="9" bec="0" bev="0" fileid="1" />
                <SequencePoint vc="2" uspid="12" ordinal="0" offset="98" sl="31" sc="9" el="31" ec="9" bec="0" bev="0" fileid="1" />
                <SequencePoint vc="2" uspid="13" ordinal="0" offset="139" sl="32" sc="5" el="32" ec="5" bec="0" bev="0" fileid="1" />
              </SequencePoints>
              <BranchPoints />
            </Method>
            <Method visited="true" cyclomaticComplexity="0" nPathComplexity="0" sequenceCoverage="100.0" branchCoverage="0" crapScore="0" isConstructor="true" isStatic="false" isGetter="false" isSetter="false">
              <Summary numSequencePoints="4" visitedSequencePoints="4" numBranchPoints="0" visitedBranchPoints="0" sequenceCoverage="100.0" branchCoverage="0" maxCyclomaticComplexity="0" minCyclomaticComplexity="0" maxCrapScore="0" minCrapScore="0" visitedClasses="0" numClasses="0" visitedMethods="1" numMethods="1" />
              <MetadataToken>100663298</MetadataToken>
              <Name>CameraFollow::CameraFollow()</Name>
              <FileRef uid="1" />
              <SequencePoints>
                <SequencePoint vc="2" uspid="14" ordinal="0" offset="0" sl="8" sc="5" el="8" ec="5" bec="0" bev="0" fileid="1" />
                <SequencePoint vc="2" uspid="15" ordinal="0" offset="11" sl="10" sc="5" el="10" ec="5" bec="0" bev="0" fileid="1" />
                <SequencePoint vc="2" uspid="16" ordinal="0" offset="22" sl="12" sc="5" el="12" ec="5" bec="0" bev="0" fileid="1" />
                <SequencePoint vc="2" uspid="17" ordinal="0" offset="33" sl="14" sc="5" el="14" ec="5" bec="0" bev="0" fileid="1" />
              </SequencePoints>
              <BranchPoints />
            </Method>
          </Methods>
        </Class>
        <Class>
          <Summary numSequencePoints="10" visitedSequencePoints="10" numBranchPoints="0" visitedBranchPoints="0" sequenceCoverage="100.0" branchCoverage="0.0" maxCyclomaticComplexity="0" minCyclomaticComplexity="0" maxCrapScore="0" minCrapScore="0" visitedClasses="1" numClasses="1" visitedMethods="1" numMethods="1" />
          <FullName>ColliderDamage</FullName>
          <Methods>
            <Method visited="true" cyclomaticComplexity="0" nPathComplexity="0" sequenceCoverage="100.0" branchCoverage="0" crapScore="0" isConstructor="false" isStatic="false" isGetter="false" isSetter="false">
              <Summary numSequencePoints="10" visitedSequencePoints="10" numBranchPoints="0" visitedBranchPoints="0" sequenceCoverage="100.0" branchCoverage="0" maxCyclomaticComplexity="0" minCyclomaticComplexity="0" maxCrapScore="0" minCrapScore="0" visitedClasses="0" numClasses="0" visitedMethods="1" numMethods="1" />
              <MetadataToken>100663308</MetadataToken>
              <Name>System.Void ColliderDamage::OnTriggerEnter2D(UnityEngine.Collider2D)</Name>
              <FileRef uid="2" />
              <SequencePoints>
                <SequencePoint vc="2" uspid="18" ordinal="0" offset="0" sl="11" sc="5" el="11" ec="5" bec="0" bev="0" fileid="2" />
                <SequencePoint vc="2" uspid="19" ordinal="0" offset="1" sl="12" sc="9" el="12" ec="9" bec="0" bev="0" fileid="2" />
                <SequencePoint vc="2" uspid="20" ordinal="0" offset="12" sl="13" sc="9" el="13" ec="9" bec="0" bev="0" fileid="2" />
                <SequencePoint vc="1" uspid="21" ordinal="0" offset="27" sl="14" sc="9" el="14" ec="9" bec="0" bev="0" fileid="2" />
                <SequencePoint vc="1" uspid="22" ordinal="0" offset="28" sl="15" sc="13" el="15" ec="13" bec="0" bev="0" fileid="2" />
                <SequencePoint vc="1" uspid="23" ordinal="0" offset="39" sl="16" sc="13" el="16" ec="13" bec="0" bev="0" fileid="2" />
                <SequencePoint vc="1" uspid="24" ordinal="0" offset="56" sl="17" sc="13" el="17" ec="13" bec="0" bev="0" fileid="2" />
                <SequencePoint vc="1" uspid="25" ordinal="0" offset="74" sl="18" sc="13" el="18" ec="13" bec="0" bev="0" fileid="2" />
                <SequencePoint vc="1" uspid="26" ordinal="0" offset="87" sl="19" sc="9" el="19" ec="9" bec="0" bev="0" fileid="2" />
                <SequencePoint vc="2" uspid="27" ordinal="0" offset="88" sl="20" sc="5" el="20" ec="5" bec="0" bev="0" fileid="2" />
              </SequencePoints>
              <BranchPoints />
            </Method>
          </Methods>
        </Class>
        <Class>
          <Summary numSequencePoints="71" visitedSequencePoints="61" numBranchPoints="0" visitedBranchPoints="0" sequenceCoverage="85.92" branchCoverage="0.0" maxCyclomaticComplexity="0" minCyclomaticComplexity="0" maxCrapScore="0" minCrapScore="0" visitedClasses="1" numClasses="1" visitedMethods="10" numMethods="10" />
          <FullName>Enemy</FullName>
          <Methods>
            <Method visited="true" cyclomaticComplexity="0" nPathComplexity="0" sequenceCoverage="100.0" branchCoverage="0" crapScore="0" isConstructor="false" isStatic="false" isGetter="true" isSetter="false">
              <Summary numSequencePoints="3" visitedSequencePoints="3" numBranchPoints="0" visitedBranchPoints="0" sequenceCoverage="100.0" branchCoverage="0" maxCyclomaticComplexity="0" minCyclomaticComplexity="0" maxCrapScore="0" minCrapScore="0" visitedClasses="0" numClasses="0" visitedMethods="1" numMethods="1" />
              <MetadataToken>100663325</MetadataToken>
              <Name>System.Boolean Enemy::get_IsAttacking()</Name>
              <FileRef uid="3" />
              <SequencePoints>
                <SequencePoint vc="2" uspid="38" ordinal="0" offset="0" sl="71" sc="35" el="71" ec="35" bec="0" bev="0" fileid="3" />
                <SequencePoint vc="2" uspid="39" ordinal="0" offset="1" sl="71" sc="37" el="71" ec="37" bec="0" bev="0" fileid="3" />
                <SequencePoint vc="2" uspid="40" ordinal="0" offset="10" sl="71" sc="57" el="71" ec="57" bec="0" bev="0" fileid="3" />
              </SequencePoints>
              <BranchPoints />
            </Method>
            <Method visited="true" cyclomaticComplexity="0" nPathComplexity="0" sequenceCoverage="100.0" branchCoverage="0" crapScore="0" isConstructor="false" isStatic="false" isGetter="false" isSetter="true">
              <Summary numSequencePoints="3" visitedSequencePoints="3" numBranchPoints="0" visitedBranchPoints="0" sequenceCoverage="100.0" branchCoverage="0" maxCyclomaticComplexity="0" minCyclomaticComplexity="0" maxCrapScore="0" minCrapScore="0" visitedClasses="0" numClasses="0" visitedMethods="1" numMethods="1" />
              <MetadataToken>100663326</MetadataToken>
              <Name>System.Void Enemy::set_IsAttacking(System.Boolean)</Name>
              <FileRef uid="3" />
              <SequencePoints>
                <SequencePoint vc="2" uspid="41" ordinal="0" offset="0" sl="71" sc="63" el="71" ec="63" bec="0" bev="0" fileid="3" />
                <SequencePoint vc="2" uspid="42" ordinal="0" offset="1" sl="71" sc="65" el="71" ec="65" bec="0" bev="0" fileid="3" />
                <SequencePoint vc="2" uspid="43" ordinal="0" offset="8" sl="71" sc="86" el="71" ec="86" bec="0" bev="0" fileid="3" />
              </SequencePoints>
              <BranchPoints />
            </Method>
            <Method visited="true" cyclomaticComplexity="0" nPathComplexity="0" sequenceCoverage="100.0" branchCoverage="0" crapScore="0" isConstructor="false" isStatic="false" isGetter="false" isSetter="false">
              <Summary numSequencePoints="7" visitedSequencePoints="7" numBranchPoints="0" visitedBranchPoints="0" sequenceCoverage="100.0" branchCoverage="0" maxCyclomaticComplexity="0" minCyclomaticComplexity="0" maxCrapScore="0" minCrapScore="0" visitedClasses="0" numClasses="0" visitedMethods="1" numMethods="1" />
              <MetadataToken>100663331</MetadataToken>
              <Name>System.Void Enemy::OnValidate()</Name>
              <FileRef uid="3" />
              <SequencePoints>
                <SequencePoint vc="4" uspid="52" ordinal="0" offset="0" sl="87" sc="5" el="87" ec="5" bec="0" bev="0" fileid="3" />
                <SequencePoint vc="4" uspid="53" ordinal="0" offset="1" sl="88" sc="9" el="88" ec="9" bec="0" bev="0" fileid="3" />
                <SequencePoint vc="4" uspid="54" ordinal="0" offset="16" sl="89" sc="9" el="89" ec="9" bec="0" bev="0" fileid="3" />
                <SequencePoint vc="4" uspid="55" ordinal="0" offset="17" sl="90" sc="13" el="90" ec="13" bec="0" bev="0" fileid="3" />
                <SequencePoint vc="4" uspid="56" ordinal="0" offset="42" sl="92" sc="13" el="92" ec="13" bec="0" bev="0" fileid="3" />
                <SequencePoint vc="4" uspid="57" ordinal="0" offset="49" sl="94" sc="9" el="94" ec="9" bec="0" bev="0" fileid="3" />
                <SequencePoint vc="4" uspid="58" ordinal="0" offset="50" sl="95" sc="5" el="95" ec="5" bec="0" bev="0" fileid="3" />
              </SequencePoints>
              <BranchPoints />
            </Method>
            <Method visited="true" cyclomaticComplexity="0" nPathComplexity="0" sequenceCoverage="100.0" branchCoverage="0" crapScore="0" isConstructor="false" isStatic="false" isGetter="false" isSetter="false">
              <Summary numSequencePoints="3" visitedSequencePoints="3" numBranchPoints="0" visitedBranchPoints="0" sequenceCoverage="100.0" branchCoverage="0" maxCyclomaticComplexity="0" minCyclomaticComplexity="0" maxCrapScore="0" minCrapScore="0" visitedClasses="0" numClasses="0" visitedMethods="1" numMethods="1" />
              <MetadataToken>100663332</MetadataToken>
              <Name>UnityEngine.Vector3 Enemy::getAttackDir()</Name>
              <FileRef uid="3" />
              <SequencePoints>
                <SequencePoint vc="1" uspid="59" ordinal="0" offset="0" sl="98" sc="5" el="98" ec="5" bec="0" bev="0" fileid="3" />
                <SequencePoint vc="1" uspid="60" ordinal="0" offset="1" sl="99" sc="9" el="99" ec="9" bec="0" bev="0" fileid="3" />
                <SequencePoint vc="1" uspid="61" ordinal="0" offset="10" sl="100" sc="5" el="100" ec="5" bec="0" bev="0" fileid="3" />
              </SequencePoints>
              <BranchPoints />
            </Method>
            <Method visited="true" cyclomaticComplexity="0" nPathComplexity="0" sequenceCoverage="100.0" branchCoverage="0" crapScore="0" isConstructor="false" isStatic="false" isGetter="false" isSetter="false">
              <Summary numSequencePoints="3" visitedSequencePoints="3" numBranchPoints="0" visitedBranchPoints="0" sequenceCoverage="100.0" branchCoverage="0" maxCyclomaticComplexity="0" minCyclomaticComplexity="0" maxCrapScore="0" minCrapScore="0" visitedClasses="0" numClasses="0" visitedMethods="1" numMethods="1" />
              <MetadataToken>100663333</MetadataToken>
              <Name>System.Void Enemy::setAttackDir(UnityEngine.Vector3)</Name>
              <FileRef uid="3" />
              <SequencePoints>
                <SequencePoint vc="1" uspid="62" ordinal="0" offset="0" sl="103" sc="5" el="103" ec="5" bec="0" bev="0" fileid="3" />
                <SequencePoint vc="1" uspid="63" ordinal="0" offset="1" sl="104" sc="9" el="104" ec="9" bec="0" bev="0" fileid="3" />
                <SequencePoint vc="1" uspid="64" ordinal="0" offset="8" sl="105" sc="5" el="105" ec="5" bec="0" bev="0" fileid="3" />
              </SequencePoints>
              <BranchPoints />
            </Method>
            <Method visited="true" cyclomaticComplexity="0" nPathComplexity="0" sequenceCoverage="73.91" branchCoverage="0" crapScore="0" isConstructor="false" isStatic="false" isGetter="false" isSetter="false">
              <Summary numSequencePoints="23" visitedSequencePoints="17" numBranchPoints="0" visitedBranchPoints="0" sequenceCoverage="73.91" branchCoverage="0" maxCyclomaticComplexity="0" minCyclomaticComplexity="0" maxCrapScore="0" minCrapScore="0" visitedClasses="0" numClasses="0" visitedMethods="1" numMethods="1" />
              <MetadataToken>100663343</MetadataToken>
              <Name>System.Void Enemy::TakeDamage(System.Int32, System.Boolean)</Name>
              <FileRef uid="3" />
              <SequencePoints>
                <SequencePoint vc="2" uspid="161" ordinal="0" offset="0" sl="235" sc="5" el="235" ec="5" bec="0" bev="0" fileid="3" />
                <SequencePoint vc="2" uspid="162" ordinal="0" offset="1" sl="236" sc="9" el="236" ec="9" bec="0" bev="0" fileid="3" />
                <SequencePoint vc="2" uspid="163" ordinal="0" offset="15" sl="237" sc="9" el="237" ec="9" bec="0" bev="0" fileid="3" />
                <SequencePoint vc="1" uspid="164" ordinal="0" offset="28" sl="238" sc="9" el="238" ec="9" bec="0" bev="0" fileid="3" />
                <SequencePoint vc="1" uspid="165" ordinal="0" offset="29" sl="239" sc="13" el="239" ec="13" bec="0" bev="0" fileid="3" />
                <SequencePoint vc="1" uspid="166" ordinal="0" offset="34" sl="240" sc="13" el="240" ec="13" bec="0" bev="0" fileid="3" />
                <SequencePoint vc="1" uspid="167" ordinal="0" offset="35" sl="241" sc="17" el="241" ec="17" bec="0" bev="0" fileid="3" />
                <SequencePoint vc="1" uspid="168" ordinal="0" offset="75" sl="242" sc="13" el="242" ec="13" bec="0" bev="0" fileid="3" />
                <SequencePoint vc="0" uspid="169" ordinal="0" offset="78" sl="244" sc="13" el="244" ec="13" bec="0" bev="0" fileid="3" />
                <SequencePoint vc="0" uspid="170" ordinal="0" offset="79" sl="245" sc="17" el="245" ec="17" bec="0" bev="0" fileid="3" />
                <SequencePoint vc="0" uspid="171" ordinal="0" offset="119" sl="246" sc="13" el="246" ec="13" bec="0" bev="0" fileid="3" />
                <SequencePoint vc="1" uspid="172" ordinal="0" offset="120" sl="247" sc="9" el="247" ec="9" bec="0" bev="0" fileid="3" />
                <SequencePoint vc="2" uspid="173" ordinal="0" offset="121" sl="248" sc="9" el="248" ec="9" bec="0" bev="0" fileid="3" />
                <SequencePoint vc="0" uspid="174" ordinal="0" offset="146" sl="249" sc="9" el="249" ec="9" bec="0" bev="0" fileid="3" />
                <SequencePoint vc="0" uspid="175" ordinal="0" offset="147" sl="250" sc="13" el="250" ec="13" bec="0" bev="0" fileid="3" />
                <SequencePoint vc="0" uspid="176" ordinal="0" offset="160" sl="251" sc="9" el="251" ec="9" bec="0" bev="0" fileid="3" />
                <SequencePoint vc="2" uspid="177" ordinal="0" offset="161" sl="252" sc="9" el="252" ec="9" bec="0" bev="0" fileid="3" />
                <SequencePoint vc="2" uspid="178" ordinal="0" offset="174" sl="254" sc="9" el="254" ec="9" bec="0" bev="0" fileid="3" />
                <SequencePoint vc="2" uspid="179" ordinal="0" offset="185" sl="255" sc="9" el="255" ec="9" bec="0" bev="0" fileid="3" />
                <SequencePoint vc="1" uspid="180" ordinal="0" offset="201" sl="256" sc="9" el="256" ec="9" bec="0" bev="0" fileid="3" />
                <SequencePoint vc="1" uspid="181" ordinal="0" offset="202" sl="257" sc="13" el="257" ec="13" bec="0" bev="0" fileid="3" />
                <SequencePoint vc="1" uspid="182" ordinal="0" offset="209" sl="258" sc="9" el="258" ec="9" bec="0" bev="0" fileid="3" />
                <SequencePoint vc="2" uspid="183" ordinal="0" offset="210" sl="260" sc="5" el="260" ec="5" bec="0" bev="0" fileid="3" />
              </SequencePoints>
              <BranchPoints />
            </Method>
            <Method visited="true" cyclomaticComplexity="0" nPathComplexity="0" sequenceCoverage="73.33" branchCoverage="0" crapScore="0" isConstructor="false" isStatic="false" isGetter="false" isSetter="false">
              <Summary numSequencePoints="15" visitedSequencePoints="11" numBranchPoints="0" visitedBranchPoints="0" sequenceCoverage="73.33" branchCoverage="0" maxCyclomaticComplexity="0" minCyclomaticComplexity="0" maxCrapScore="0" minCrapScore="0" visitedClasses="0" numClasses="0" visitedMethods="1" numMethods="1" />
              <MetadataToken>100663344</MetadataToken>
              <Name>System.Void Enemy::Death()</Name>
              <FileRef uid="3" />
              <SequencePoints>
                <SequencePoint vc="1" uspid="184" ordinal="0" offset="0" sl="263" sc="5" el="263" ec="5" bec="0" bev="0" fileid="3" />
                <SequencePoint vc="1" uspid="185" ordinal="0" offset="1" sl="264" sc="9" el="264" ec="9" bec="0" bev="0" fileid="3" />
                <SequencePoint vc="1" uspid="186" ordinal="0" offset="8" sl="265" sc="9" el="265" ec="9" bec="0" bev="0" fileid="3" />
                <SequencePoint vc="1" uspid="187" ordinal="0" offset="20" sl="266" sc="9" el="266" ec="9" bec="0" bev="0" fileid="3" />
                <SequencePoint vc="1" uspid="188" ordinal="0" offset="33" sl="267" sc="9" el="267" ec="9" bec="0" bev="0" fileid="3" />
                <SequencePoint vc="1" uspid="189" ordinal="0" offset="34" sl="267" sc="40" el="267" ec="40" bec="0" bev="0" fileid="3" />
                <SequencePoint vc="0" uspid="190" ordinal="0" offset="45" sl="267" sc="18" el="267" ec="18" bec="0" bev="0" fileid="3" />
                <SequencePoint vc="0" uspid="191" ordinal="0" offset="49" sl="268" sc="9" el="268" ec="9" bec="0" bev="0" fileid="3" />
                <SequencePoint vc="0" uspid="192" ordinal="0" offset="50" sl="269" sc="13" el="269" ec="13" bec="0" bev="0" fileid="3" />
                <SequencePoint vc="0" uspid="193" ordinal="0" offset="58" sl="270" sc="9" el="270" ec="9" bec="0" bev="0" fileid="3" />
                <SequencePoint vc="1" uspid="194" ordinal="0" offset="63" sl="267" sc="37" el="267" ec="37" bec="0" bev="0" fileid="3" />
                <SequencePoint vc="1" uspid="195" ordinal="0" offset="69" sl="271" sc="9" el="271" ec="9" bec="0" bev="0" fileid="3" />
                <SequencePoint vc="1" uspid="196" ordinal="0" offset="86" sl="272" sc="9" el="272" ec="9" bec="0" bev="0" fileid="3" />
                <SequencePoint vc="1" uspid="197" ordinal="0" offset="93" sl="273" sc="9" el="273" ec="9" bec="0" bev="0" fileid="3" />
                <SequencePoint vc="1" uspid="198" ordinal="0" offset="106" sl="274" sc="5" el="274" ec="5" bec="0" bev="0" fileid="3" />
              </SequencePoints>
              <BranchPoints />
            </Method>
            <Method visited="true" cyclomaticComplexity="0" nPathComplexity="0" sequenceCoverage="100.0" branchCoverage="0" crapScore="0" isConstructor="false" isStatic="false" isGetter="false" isSetter="false">
              <Summary numSequencePoints="4" visitedSequencePoints="4" numBranchPoints="0" visitedBranchPoints="0" sequenceCoverage="100.0" branchCoverage="0" maxCyclomaticComplexity="0" minCyclomaticComplexity="0" maxCrapScore="0" minCrapScore="0" visitedClasses="0" numClasses="0" visitedMethods="1" numMethods="1" />
              <MetadataToken>100663345</MetadataToken>
              <Name>System.Void Enemy::ChangeScore()</Name>
              <FileRef uid="3" />
              <SequencePoints>
                <SequencePoint vc="1" uspid="199" ordinal="0" offset="0" sl="277" sc="5" el="277" ec="5" bec="0" bev="0" fileid="3" />
                <SequencePoint vc="1" uspid="200" ordinal="0" offset="1" sl="278" sc="9" el="278" ec="9" bec="0" bev="0" fileid="3" />
                <SequencePoint vc="1" uspid="201" ordinal="0" offset="19" sl="279" sc="9" el="279" ec="9" bec="0" bev="0" fileid="3" />
                <SequencePoint vc="1" uspid="202" ordinal="0" offset="30" sl="280" sc="5" el="280" ec="5" bec="0" bev="0" fileid="3" />
              </SequencePoints>
              <BranchPoints />
            </Method>
            <Method visited="true" cyclomaticComplexity="0" nPathComplexity="0" sequenceCoverage="100.0" branchCoverage="0" crapScore="0" isConstructor="false" isStatic="false" isGetter="false" isSetter="false">
              <Summary numSequencePoints="4" visitedSequencePoints="4" numBranchPoints="0" visitedBranchPoints="0" sequenceCoverage="100.0" branchCoverage="0" maxCyclomaticComplexity="0" minCyclomaticComplexity="0" maxCrapScore="0" minCrapScore="0" visitedClasses="0" numClasses="0" visitedMethods="1" numMethods="1" />
              <MetadataToken>100663352</MetadataToken>
              <Name>System.Void Enemy::OnDrawGizmos()</Name>
              <FileRef uid="3" />
              <SequencePoints>
                <SequencePoint vc="4" uspid="215" ordinal="0" offset="0" sl="324" sc="5" el="324" ec="5" bec="0" bev="0" fileid="3" />
                <SequencePoint vc="4" uspid="216" ordinal="0" offset="1" sl="325" sc="9" el="325" ec="9" bec="0" bev="0" fileid="3" />
                <SequencePoint vc="4" uspid="217" ordinal="0" offset="12" sl="326" sc="9" el="326" ec="9" bec="0" bev="0" fileid="3" />
                <SequencePoint vc="4" uspid="218" ordinal="0" offset="35" sl="327" sc="5" el="327" ec="5" bec="0" bev="0" fileid="3" />
              </SequencePoints>
              <BranchPoints />
            </Method>
            <Method visited="true" cyclomaticComplexity="0" nPathComplexity="0" sequenceCoverage="100.0" branchCoverage="0" crapScore="0" isConstructor="true" isStatic="false" isGetter="false" isSetter="false">
              <Summary numSequencePoints="6" visitedSequencePoints="6" numBranchPoints="0" visitedBranchPoints="0" sequenceCoverage="100.0" branchCoverage="0" maxCyclomaticComplexity="0" minCyclomaticComplexity="0" maxCrapScore="0" minCrapScore="0" visitedClasses="0" numClasses="0" visitedMethods="1" numMethods="1" />
              <MetadataToken>100663353</MetadataToken>
              <Name>Enemy::Enemy()</Name>
              <FileRef uid="3" />
              <SequencePoints>
                <SequencePoint vc="4" uspid="219" ordinal="0" offset="0" sl="17" sc="5" el="17" ec="5" bec="0" bev="0" fileid="3" />
                <SequencePoint vc="4" uspid="220" ordinal="0" offset="8" sl="38" sc="5" el="38" ec="5" bec="0" bev="0" fileid="3" />
                <SequencePoint vc="4" uspid="221" ordinal="0" offset="15" sl="49" sc="5" el="49" ec="5" bec="0" bev="0" fileid="3" />
                <SequencePoint vc="4" uspid="222" ordinal="0" offset="22" sl="52" sc="5" el="52" ec="5" bec="0" bev="0" fileid="3" />
                <SequencePoint vc="4" uspid="223" ordinal="0" offset="29" sl="61" sc="5" el="61" ec="5" bec="0" bev="0" fileid="3" />
                <SequencePoint vc="4" uspid="224" ordinal="0" offset="40" sl="63" sc="5" el="63" ec="5" bec="0" bev="0" fileid="3" />
              </SequencePoints>
              <BranchPoints />
            </Method>
          </Methods>
        </Class>
        <Class>
          <Summary numSequencePoints="21" visitedSequencePoints="21" numBranchPoints="0" visitedBranchPoints="0" sequenceCoverage="100.0" branchCoverage="0.0" maxCyclomaticComplexity="0" minCyclomaticComplexity="0" maxCrapScore="0" minCrapScore="0" visitedClasses="1" numClasses="1" visitedMethods="15" numMethods="15" />
          <FullName>GameData</FullName>
          <Methods>
            <Method visited="true" cyclomaticComplexity="0" nPathComplexity="0" sequenceCoverage="100.0" branchCoverage="0" crapScore="0" isConstructor="false" isStatic="true" isGetter="true" isSetter="false">
              <Summary numSequencePoints="1" visitedSequencePoints="1" numBranchPoints="0" visitedBranchPoints="0" sequenceCoverage="100.0" branchCoverage="0" maxCyclomaticComplexity="0" minCyclomaticComplexity="0" maxCrapScore="0" minCrapScore="0" visitedClasses="0" numClasses="0" visitedMethods="1" numMethods="1" />
              <MetadataToken>100663378</MetadataToken>
              <Name>static System.Int32 GameData::get_Score()</Name>
              <FileRef uid="5" />
              <SequencePoints>
                <SequencePoint vc="6" uspid="233" ordinal="0" offset="0" sl="7" sc="31" el="7" ec="31" bec="0" bev="0" fileid="5" />
              </SequencePoints>
              <BranchPoints />
            </Method>
            <Method visited="true" cyclomaticComplexity="0" nPathComplexity="0" sequenceCoverage="100.0" branchCoverage="0" crapScore="0" isConstructor="false" isStatic="true" isGetter="false" isSetter="true">
              <Summary numSequencePoints="1" visitedSequencePoints="1" numBranchPoints="0" visitedBranchPoints="0" sequenceCoverage="100.0" branchCoverage="0" maxCyclomaticComplexity="0" minCyclomaticComplexity="0" maxCrapScore="0" minCrapScore="0" visitedClasses="0" numClasses="0" visitedMethods="1" numMethods="1" />
              <MetadataToken>100663379</MetadataToken>
              <Name>static System.Void GameData::set_Score(System.Int32)</Name>
              <FileRef uid="5" />
              <SequencePoints>
                <SequencePoint vc="6" uspid="234" ordinal="0" offset="0" sl="7" sc="36" el="7" ec="36" bec="0" bev="0" fileid="5" />
              </SequencePoints>
              <BranchPoints />
            </Method>
            <Method visited="true" cyclomaticComplexity="0" nPathComplexity="0" sequenceCoverage="100.0" branchCoverage="0" crapScore="0" isConstructor="false" isStatic="true" isGetter="true" isSetter="false">
              <Summary numSequencePoints="1" visitedSequencePoints="1" numBranchPoints="0" visitedBranchPoints="0" sequenceCoverage="100.0" branchCoverage="0" maxCyclomaticComplexity="0" minCyclomaticComplexity="0" maxCrapScore="0" minCrapScore="0" visitedClasses="0" numClasses="0" visitedMethods="1" numMethods="1" />
              <MetadataToken>100663380</MetadataToken>
              <Name>static System.String GameData::get_PlayerName()</Name>
              <FileRef uid="5" />
              <SequencePoints>
                <SequencePoint vc="2" uspid="235" ordinal="0" offset="0" sl="8" sc="39" el="8" ec="39" bec="0" bev="0" fileid="5" />
              </SequencePoints>
              <BranchPoints />
            </Method>
            <Method visited="true" cyclomaticComplexity="0" nPathComplexity="0" sequenceCoverage="100.0" branchCoverage="0" crapScore="0" isConstructor="false" isStatic="true" isGetter="false" isSetter="true">
              <Summary numSequencePoints="1" visitedSequencePoints="1" numBranchPoints="0" visitedBranchPoints="0" sequenceCoverage="100.0" branchCoverage="0" maxCyclomaticComplexity="0" minCyclomaticComplexity="0" maxCrapScore="0" minCrapScore="0" visitedClasses="0" numClasses="0" visitedMethods="1" numMethods="1" />
              <MetadataToken>100663381</MetadataToken>
              <Name>static System.Void GameData::set_PlayerName(System.String)</Name>
              <FileRef uid="5" />
              <SequencePoints>
                <SequencePoint vc="1" uspid="236" ordinal="0" offset="0" sl="8" sc="44" el="8" ec="44" bec="0" bev="0" fileid="5" />
              </SequencePoints>
              <BranchPoints />
            </Method>
            <Method visited="true" cyclomaticComplexity="0" nPathComplexity="0" sequenceCoverage="100.0" branchCoverage="0" crapScore="0" isConstructor="false" isStatic="true" isGetter="true" isSetter="false">
              <Summary numSequencePoints="1" visitedSequencePoints="1" numBranchPoints="0" visitedBranchPoints="0" sequenceCoverage="100.0" branchCoverage="0" maxCyclomaticComplexity="0" minCyclomaticComplexity="0" maxCrapScore="0" minCrapScore="0" visitedClasses="0" numClasses="0" visitedMethods="1" numMethods="1" />
              <MetadataToken>100663382</MetadataToken>
              <Name>static System.Int32 GameData::get_PlayerHealth()</Name>
              <FileRef uid="5" />
              <SequencePoints>
                <SequencePoint vc="2" uspid="237" ordinal="0" offset="0" sl="9" sc="38" el="9" ec="38" bec="0" bev="0" fileid="5" />
              </SequencePoints>
              <BranchPoints />
            </Method>
            <Method visited="true" cyclomaticComplexity="0" nPathComplexity="0" sequenceCoverage="100.0" branchCoverage="0" crapScore="0" isConstructor="false" isStatic="true" isGetter="false" isSetter="true">
              <Summary numSequencePoints="1" visitedSequencePoints="1" numBranchPoints="0" visitedBranchPoints="0" sequenceCoverage="100.0" branchCoverage="0" maxCyclomaticComplexity="0" minCyclomaticComplexity="0" maxCrapScore="0" minCrapScore="0" visitedClasses="0" numClasses="0" visitedMethods="1" numMethods="1" />
              <MetadataToken>100663383</MetadataToken>
              <Name>static System.Void GameData::set_PlayerHealth(System.Int32)</Name>
              <FileRef uid="5" />
              <SequencePoints>
                <SequencePoint vc="4" uspid="238" ordinal="0" offset="0" sl="9" sc="43" el="9" ec="43" bec="0" bev="0" fileid="5" />
              </SequencePoints>
              <BranchPoints />
            </Method>
            <Method visited="true" cyclomaticComplexity="0" nPathComplexity="0" sequenceCoverage="100.0" branchCoverage="0" crapScore="0" isConstructor="false" isStatic="true" isGetter="true" isSetter="false">
              <Summary numSequencePoints="1" visitedSequencePoints="1" numBranchPoints="0" visitedBranchPoints="0" sequenceCoverage="100.0" branchCoverage="0" maxCyclomaticComplexity="0" minCyclomaticComplexity="0" maxCrapScore="0" minCrapScore="0" visitedClasses="0" numClasses="0" visitedMethods="1" numMethods="1" />
              <MetadataToken>100663384</MetadataToken>
              <Name>static System.String GameData::get_CurrentCheckpoint()</Name>
              <FileRef uid="5" />
              <SequencePoints>
                <SequencePoint vc="1" uspid="239" ordinal="0" offset="0" sl="10" sc="46" el="10" ec="46" bec="0" bev="0" fileid="5" />
              </SequencePoints>
              <BranchPoints />
            </Method>
            <Method visited="true" cyclomaticComplexity="0" nPathComplexity="0" sequenceCoverage="100.0" branchCoverage="0" crapScore="0" isConstructor="false" isStatic="true" isGetter="false" isSetter="true">
              <Summary numSequencePoints="1" visitedSequencePoints="1" numBranchPoints="0" visitedBranchPoints="0" sequenceCoverage="100.0" branchCoverage="0" maxCyclomaticComplexity="0" minCyclomaticComplexity="0" maxCrapScore="0" minCrapScore="0" visitedClasses="0" numClasses="0" visitedMethods="1" numMethods="1" />
              <MetadataToken>100663385</MetadataToken>
              <Name>static System.Void GameData::set_CurrentCheckpoint(System.String)</Name>
              <FileRef uid="5" />
              <SequencePoints>
                <SequencePoint vc="2" uspid="240" ordinal="0" offset="0" sl="10" sc="51" el="10" ec="51" bec="0" bev="0" fileid="5" />
              </SequencePoints>
              <BranchPoints />
            </Method>
            <Method visited="true" cyclomaticComplexity="0" nPathComplexity="0" sequenceCoverage="100.0" branchCoverage="0" crapScore="0" isConstructor="false" isStatic="true" isGetter="true" isSetter="false">
              <Summary numSequencePoints="1" visitedSequencePoints="1" numBranchPoints="0" visitedBranchPoints="0" sequenceCoverage="100.0" branchCoverage="0" maxCyclomaticComplexity="0" minCyclomaticComplexity="0" maxCrapScore="0" minCrapScore="0" visitedClasses="0" numClasses="0" visitedMethods="1" numMethods="1" />
              <MetadataToken>100663386</MetadataToken>
              <Name>static System.Collections.Generic.List[String] GameData::get_DeadEnemiesId()</Name>
              <FileRef uid="5" />
              <SequencePoints>
                <SequencePoint vc="3" uspid="241" ordinal="0" offset="0" sl="11" sc="48" el="11" ec="48" bec="0" bev="0" fileid="5" />
              </SequencePoints>
              <BranchPoints />
            </Method>
            <Method visited="true" cyclomaticComplexity="0" nPathComplexity="0" sequenceCoverage="100.0" branchCoverage="0" crapScore="0" isConstructor="false" isStatic="true" isGetter="false" isSetter="true">
              <Summary numSequencePoints="1" visitedSequencePoints="1" numBranchPoints="0" visitedBranchPoints="0" sequenceCoverage="100.0" branchCoverage="0" maxCyclomaticComplexity="0" minCyclomaticComplexity="0" maxCrapScore="0" minCrapScore="0" visitedClasses="0" numClasses="0" visitedMethods="1" numMethods="1" />
              <MetadataToken>100663387</MetadataToken>
              <Name>static System.Void GameData::set_DeadEnemiesId(System.Collections.Generic.List[String])</Name>
              <FileRef uid="5" />
              <SequencePoints>
                <SequencePoint vc="4" uspid="242" ordinal="0" offset="0" sl="11" sc="53" el="11" ec="53" bec="0" bev="0" fileid="5" />
              </SequencePoints>
              <BranchPoints />
            </Method>
            <Method visited="true" cyclomaticComplexity="0" nPathComplexity="0" sequenceCoverage="100.0" branchCoverage="0" crapScore="0" isConstructor="false" isStatic="true" isGetter="true" isSetter="false">
              <Summary numSequencePoints="1" visitedSequencePoints="1" numBranchPoints="0" visitedBranchPoints="0" sequenceCoverage="100.0" branchCoverage="0" maxCyclomaticComplexity="0" minCyclomaticComplexity="0" maxCrapScore="0" minCrapScore="0" visitedClasses="0" numClasses="0" visitedMethods="1" numMethods="1" />
              <MetadataToken>100663388</MetadataToken>
              <Name>static System.Collections.Generic.List[Level] GameData::get_Levels()</Name>
              <FileRef uid="5" />
              <SequencePoints>
                <SequencePoint vc="1" uspid="243" ordinal="0" offset="0" sl="12" sc="40" el="12" ec="40" bec="0" bev="0" fileid="5" />
              </SequencePoints>
              <BranchPoints />
            </Method>
            <Method visited="true" cyclomaticComplexity="0" nPathComplexity="0" sequenceCoverage="100.0" branchCoverage="0" crapScore="0" isConstructor="false" isStatic="true" isGetter="false" isSetter="true">
              <Summary numSequencePoints="1" visitedSequencePoints="1" numBranchPoints="0" visitedBranchPoints="0" sequenceCoverage="100.0" branchCoverage="0" maxCyclomaticComplexity="0" minCyclomaticComplexity="0" maxCrapScore="0" minCrapScore="0" visitedClasses="0" numClasses="0" visitedMethods="1" numMethods="1" />
              <MetadataToken>100663389</MetadataToken>
              <Name>static System.Void GameData::set_Levels(System.Collections.Generic.List[Level])</Name>
              <FileRef uid="5" />
              <SequencePoints>
                <SequencePoint vc="4" uspid="244" ordinal="0" offset="0" sl="12" sc="45" el="12" ec="45" bec="0" bev="0" fileid="5" />
              </SequencePoints>
              <BranchPoints />
            </Method>
            <Method visited="true" cyclomaticComplexity="0" nPathComplexity="0" sequenceCoverage="100.0" branchCoverage="0" crapScore="0" isConstructor="false" isStatic="true" isGetter="true" isSetter="false">
              <Summary numSequencePoints="1" visitedSequencePoints="1" numBranchPoints="0" visitedBranchPoints="0" sequenceCoverage="100.0" branchCoverage="0" maxCyclomaticComplexity="0" minCyclomaticComplexity="0" maxCrapScore="0" minCrapScore="0" visitedClasses="0" numClasses="0" visitedMethods="1" numMethods="1" />
              <MetadataToken>100663390</MetadataToken>
              <Name>static Level GameData::get_CurrentLevel()</Name>
              <FileRef uid="5" />
              <SequencePoints>
                <SequencePoint vc="11" uspid="245" ordinal="0" offset="0" sl="13" sc="40" el="13" ec="40" bec="0" bev="0" fileid="5" />
              </SequencePoints>
              <BranchPoints />
            </Method>
            <Method visited="true" cyclomaticComplexity="0" nPathComplexity="0" sequenceCoverage="100.0" branchCoverage="0" crapScore="0" isConstructor="false" isStatic="true" isGetter="false" isSetter="true">
              <Summary numSequencePoints="1" visitedSequencePoints="1" numBranchPoints="0" visitedBranchPoints="0" sequenceCoverage="100.0" branchCoverage="0" maxCyclomaticComplexity="0" minCyclomaticComplexity="0" maxCrapScore="0" minCrapScore="0" visitedClasses="0" numClasses="0" visitedMethods="1" numMethods="1" />
              <MetadataToken>100663391</MetadataToken>
              <Name>static System.Void GameData::set_CurrentLevel(Level)</Name>
              <FileRef uid="5" />
              <SequencePoints>
                <SequencePoint vc="5" uspid="246" ordinal="0" offset="0" sl="13" sc="45" el="13" ec="45" bec="0" bev="0" fileid="5" />
              </SequencePoints>
              <BranchPoints />
            </Method>
            <Method visited="true" cyclomaticComplexity="0" nPathComplexity="0" sequenceCoverage="100.0" branchCoverage="0" crapScore="0" isConstructor="true" isStatic="true" isGetter="false" isSetter="false">
              <Summary numSequencePoints="7" visitedSequencePoints="7" numBranchPoints="0" visitedBranchPoints="0" sequenceCoverage="100.0" branchCoverage="0" maxCyclomaticComplexity="0" minCyclomaticComplexity="0" maxCrapScore="0" minCrapScore="0" visitedClasses="0" numClasses="0" visitedMethods="1" numMethods="1" />
              <MetadataToken>100663392</MetadataToken>
              <Name>static GameData::GameData()</Name>
              <FileRef uid="5" />
              <SequencePoints>
                <SequencePoint vc="1" uspid="247" ordinal="0" offset="0" sl="7" sc="45" el="7" ec="45" bec="0" bev="0" fileid="5" />
                <SequencePoint vc="1" uspid="248" ordinal="0" offset="6" sl="8" sc="53" el="8" ec="53" bec="0" bev="0" fileid="5" />
                <SequencePoint vc="1" uspid="249" ordinal="0" offset="16" sl="9" sc="52" el="9" ec="52" bec="0" bev="0" fileid="5" />
                <SequencePoint vc="1" uspid="250" ordinal="0" offset="23" sl="10" sc="60" el="10" ec="60" bec="0" bev="0" fileid="5" />
                <SequencePoint vc="1" uspid="251" ordinal="0" offset="33" sl="11" sc="62" el="11" ec="62" bec="0" bev="0" fileid="5" />
                <SequencePoint vc="1" uspid="252" ordinal="0" offset="43" sl="12" sc="54" el="12" ec="54" bec="0" bev="0" fileid="5" />
                <SequencePoint vc="1" uspid="253" ordinal="0" offset="54" sl="13" sc="54" el="13" ec="54" bec="0" bev="0" fileid="5" />
              </SequencePoints>
              <BranchPoints />
            </Method>
          </Methods>
        </Class>
        <Class>
          <Summary numSequencePoints="20" visitedSequencePoints="20" numBranchPoints="0" visitedBranchPoints="0" sequenceCoverage="100.0" branchCoverage="0.0" maxCyclomaticComplexity="0" minCyclomaticComplexity="0" maxCrapScore="0" minCrapScore="0" visitedClasses="1" numClasses="1" visitedMethods="2" numMethods="2" />
          <FullName>Level</FullName>
          <Methods>
            <Method visited="true" cyclomaticComplexity="0" nPathComplexity="0" sequenceCoverage="100.0" branchCoverage="0" crapScore="0" isConstructor="false" isStatic="true" isGetter="false" isSetter="false">
              <Summary numSequencePoints="13" visitedSequencePoints="13" numBranchPoints="0" visitedBranchPoints="0" sequenceCoverage="100.0" branchCoverage="0" maxCyclomaticComplexity="0" minCyclomaticComplexity="0" maxCrapScore="0" minCrapScore="0" visitedClasses="0" numClasses="0" visitedMethods="1" numMethods="1" />
              <MetadataToken>100663406</MetadataToken>
              <Name>static Level Level::RestartLevel(System.Int32, System.Int32)</Name>
              <FileRef uid="6" />
              <SequencePoints>
                <SequencePoint vc="2" uspid="265" ordinal="0" offset="0" sl="50" sc="5" el="50" ec="5" bec="0" bev="0" fileid="6" />
                <SequencePoint vc="2" uspid="266" ordinal="0" offset="1" sl="51" sc="9" el="51" ec="9" bec="0" bev="0" fileid="6" />
                <SequencePoint vc="2" uspid="267" ordinal="0" offset="7" sl="52" sc="9" el="52" ec="9" bec="0" bev="0" fileid="6" />
                <SequencePoint vc="2" uspid="268" ordinal="0" offset="14" sl="53" sc="9" el="53" ec="9" bec="0" bev="0" fileid="6" />
                <SequencePoint vc="2" uspid="269" ordinal="0" offset="25" sl="54" sc="9" el="54" ec="9" bec="0" bev="0" fileid="6" />
                <SequencePoint vc="2" uspid="270" ordinal="0" offset="32" sl="55" sc="9" el="55" ec="9" bec="0" bev="0" fileid="6" />
                <SequencePoint vc="2" uspid="271" ordinal="0" offset="39" sl="56" sc="9" el="56" ec="9" bec="0" bev="0" fileid="6" />
                <SequencePoint vc="2" uspid="272" ordinal="0" offset="46" sl="57" sc="9" el="57" ec="9" bec="0" bev="0" fileid="6" />
                <SequencePoint vc="2" uspid="273" ordinal="0" offset="54" sl="58" sc="9" el="58" ec="9" bec="0" bev="0" fileid="6" />
                <SequencePoint vc="2" uspid="274" ordinal="0" offset="61" sl="59" sc="9" el="59" ec="9" bec="0" bev="0" fileid="6" />
                <SequencePoint vc="2" uspid="275" ordinal="0" offset="68" sl="60" sc="9" el="60" ec="9" bec="0" bev="0" fileid="6" />
                <SequencePoint vc="2" uspid="276" ordinal="0" offset="75" sl="61" sc="9" el="61" ec="9" bec="0" bev="0" fileid="6" />
                <SequencePoint vc="2" uspid="277" ordinal="0" offset="79" sl="62" sc="5" el="62" ec="5" bec="0" bev="0" fileid="6" />
              </SequencePoints>
              <BranchPoints />
            </Method>
            <Method visited="true" cyclomaticComplexity="0" nPathComplexity="0" sequenceCoverage="100.0" branchCoverage="0" crapScore="0" isConstructor="true" isStatic="false" isGetter="false" isSetter="false">
              <Summary numSequencePoints="7" visitedSequencePoints="7" numBranchPoints="0" visitedBranchPoints="0" sequenceCoverage="100.0" branchCoverage="0" maxCyclomaticComplexity="0" minCyclomaticComplexity="0" maxCrapScore="0" minCrapScore="0" visitedClasses="0" numClasses="0" visitedMethods="1" numMethods="1" />
              <MetadataToken>100663407</MetadataToken>
              <Name>Level::Level()</Name>
              <FileRef uid="6" />
              <SequencePoints>
                <SequencePoint vc="12" uspid="278" ordinal="0" offset="0" sl="40" sc="5" el="40" ec="5" bec="0" bev="0" fileid="6" />
                <SequencePoint vc="12" uspid="279" ordinal="0" offset="8" sl="41" sc="5" el="41" ec="5" bec="0" bev="0" fileid="6" />
                <SequencePoint vc="12" uspid="280" ordinal="0" offset="15" sl="42" sc="5" el="42" ec="5" bec="0" bev="0" fileid="6" />
                <SequencePoint vc="12" uspid="281" ordinal="0" offset="22" sl="43" sc="5" el="43" ec="5" bec="0" bev="0" fileid="6" />
                <SequencePoint vc="12" uspid="282" ordinal="0" offset="29" sl="44" sc="5" el="44" ec="5" bec="0" bev="0" fileid="6" />
                <SequencePoint vc="12" uspid="283" ordinal="0" offset="40" sl="45" sc="5" el="45" ec="5" bec="0" bev="0" fileid="6" />
                <SequencePoint vc="12" uspid="284" ordinal="0" offset="47" sl="47" sc="5" el="47" ec="5" bec="0" bev="0" fileid="6" />
              </SequencePoints>
              <BranchPoints />
            </Method>
          </Methods>
        </Class>
        <Class>
          <Summary numSequencePoints="51" visitedSequencePoints="46" numBranchPoints="0" visitedBranchPoints="0" sequenceCoverage="90.20" branchCoverage="0.0" maxCyclomaticComplexity="0" minCyclomaticComplexity="0" maxCrapScore="0" minCrapScore="0" visitedClasses="1" numClasses="1" visitedMethods="8" numMethods="8" />
          <FullName>Player</FullName>
          <Methods>
            <Method visited="true" cyclomaticComplexity="0" nPathComplexity="0" sequenceCoverage="100.0" branchCoverage="0" crapScore="0" isConstructor="false" isStatic="false" isGetter="true" isSetter="false">
              <Summary numSequencePoints="3" visitedSequencePoints="3" numBranchPoints="0" visitedBranchPoints="0" sequenceCoverage="100.0" branchCoverage="0" maxCyclomaticComplexity="0" minCyclomaticComplexity="0" maxCrapScore="0" minCrapScore="0" visitedClasses="0" numClasses="0" visitedMethods="1" numMethods="1" />
              <MetadataToken>100663408</MetadataToken>
              <Name>System.Boolean Player::get_IsDead()</Name>
              <FileRef uid="7" />
              <SequencePoints>
                <SequencePoint vc="3" uspid="285" ordinal="0" offset="0" sl="70" sc="29" el="70" ec="29" bec="0" bev="0" fileid="7" />
                <SequencePoint vc="3" uspid="286" ordinal="0" offset="1" sl="70" sc="31" el="70" ec="31" bec="0" bev="0" fileid="7" />
                <SequencePoint vc="3" uspid="287" ordinal="0" offset="10" sl="70" sc="46" el="70" ec="46" bec="0" bev="0" fileid="7" />
              </SequencePoints>
              <BranchPoints />
            </Method>
            <Method visited="true" cyclomaticComplexity="0" nPathComplexity="0" sequenceCoverage="100.0" branchCoverage="0" crapScore="0" isConstructor="false" isStatic="false" isGetter="true" isSetter="false">
              <Summary numSequencePoints="3" visitedSequencePoints="3" numBranchPoints="0" visitedBranchPoints="0" sequenceCoverage="100.0" branchCoverage="0" maxCyclomaticComplexity="0" minCyclomaticComplexity="0" maxCrapScore="0" minCrapScore="0" visitedClasses="0" numClasses="0" visitedMethods="1" numMethods="1" />
              <MetadataToken>100663410</MetadataToken>
              <Name>System.Boolean Player::get_CanReceiveInput()</Name>
              <FileRef uid="7" />
              <SequencePoints>
                <SequencePoint vc="2" uspid="291" ordinal="0" offset="0" sl="71" sc="39" el="71" ec="39" bec="0" bev="0" fileid="7" />
                <SequencePoint vc="2" uspid="292" ordinal="0" offset="1" sl="71" sc="41" el="71" ec="41" bec="0" bev="0" fileid="7" />
                <SequencePoint vc="2" uspid="293" ordinal="0" offset="10" sl="71" sc="65" el="71" ec="65" bec="0" bev="0" fileid="7" />
              </SequencePoints>
              <BranchPoints />
            </Method>
            <Method visited="true" cyclomaticComplexity="0" nPathComplexity="0" sequenceCoverage="100.0" branchCoverage="0" crapScore="0" isConstructor="false" isStatic="false" isGetter="false" isSetter="true">
              <Summary numSequencePoints="3" visitedSequencePoints="3" numBranchPoints="0" visitedBranchPoints="0" sequenceCoverage="100.0" branchCoverage="0" maxCyclomaticComplexity="0" minCyclomaticComplexity="0" maxCrapScore="0" minCrapScore="0" visitedClasses="0" numClasses="0" visitedMethods="1" numMethods="1" />
              <MetadataToken>100663411</MetadataToken>
              <Name>System.Void Player::set_CanReceiveInput(System.Boolean)</Name>
              <FileRef uid="7" />
              <SequencePoints>
                <SequencePoint vc="1" uspid="294" ordinal="0" offset="0" sl="71" sc="71" el="71" ec="71" bec="0" bev="0" fileid="7" />
                <SequencePoint vc="1" uspid="295" ordinal="0" offset="1" sl="71" sc="73" el="71" ec="73" bec="0" bev="0" fileid="7" />
                <SequencePoint vc="1" uspid="296" ordinal="0" offset="8" sl="71" sc="98" el="71" ec="98" bec="0" bev="0" fileid="7" />
              </SequencePoints>
              <BranchPoints />
            </Method>
            <Method visited="true" cyclomaticComplexity="0" nPathComplexity="0" sequenceCoverage="100.0" branchCoverage="0" crapScore="0" isConstructor="false" isStatic="false" isGetter="true" isSetter="false">
              <Summary numSequencePoints="1" visitedSequencePoints="1" numBranchPoints="0" visitedBranchPoints="0" sequenceCoverage="100.0" branchCoverage="0" maxCyclomaticComplexity="0" minCyclomaticComplexity="0" maxCrapScore="0" minCrapScore="0" visitedClasses="0" numClasses="0" visitedMethods="1" numMethods="1" />
              <MetadataToken>100663416</MetadataToken>
              <Name>System.Int32 Player::get_Health()</Name>
              <FileRef uid="7" />
              <SequencePoints>
                <SequencePoint vc="3" uspid="301" ordinal="0" offset="0" sl="75" sc="32" el="75" ec="32" bec="0" bev="0" fileid="7" />
              </SequencePoints>
              <BranchPoints />
            </Method>
            <Method visited="true" cyclomaticComplexity="0" nPathComplexity="0" sequenceCoverage="100.0" branchCoverage="0" crapScore="0" isConstructor="false" isStatic="false" isGetter="false" isSetter="true">
              <Summary numSequencePoints="1" visitedSequencePoints="1" numBranchPoints="0" visitedBranchPoints="0" sequenceCoverage="100.0" branchCoverage="0" maxCyclomaticComplexity="0" minCyclomaticComplexity="0" maxCrapScore="0" minCrapScore="0" visitedClasses="0" numClasses="0" visitedMethods="1" numMethods="1" />
              <MetadataToken>100663417</MetadataToken>
              <Name>System.Void Player::set_Health(System.Int32)</Name>
              <FileRef uid="7" />
              <SequencePoints>
                <SequencePoint vc="2" uspid="302" ordinal="0" offset="0" sl="75" sc="47" el="75" ec="47" bec="0" bev="0" fileid="7" />
              </SequencePoints>
              <BranchPoints />
            </Method>
            <Method visited="true" cyclomaticComplexity="0" nPathComplexity="0" sequenceCoverage="75.00" branchCoverage="0" crapScore="0" isConstructor="false" isStatic="false" isGetter="false" isSetter="false">
              <Summary numSequencePoints="20" visitedSequencePoints="15" numBranchPoints="0" visitedBranchPoints="0" sequenceCoverage="75.00" branchCoverage="0" maxCyclomaticComplexity="0" minCyclomaticComplexity="0" maxCrapScore="0" minCrapScore="0" visitedClasses="0" numClasses="0" visitedMethods="1" numMethods="1" />
              <MetadataToken>100663438</MetadataToken>
              <Name>System.Void Player::TakeDamage(System.Int32)</Name>
              <FileRef uid="7" />
              <SequencePoints>
                <SequencePoint vc="2" uspid="452" ordinal="0" offset="0" sl="246" sc="5" el="246" ec="5" bec="0" bev="0" fileid="7" />
                <SequencePoint vc="2" uspid="453" ordinal="0" offset="1" sl="247" sc="9" el="247" ec="9" bec="0" bev="0" fileid="7" />
                <SequencePoint vc="2" uspid="454" ordinal="0" offset="15" sl="249" sc="9" el="249" ec="9" bec="0" bev="0" fileid="7" />
                <SequencePoint vc="2" uspid="455" ordinal="0" offset="26" sl="250" sc="9" el="250" ec="9" bec="0" bev="0" fileid="7" />
                <SequencePoint vc="1" uspid="456" ordinal="0" offset="42" sl="251" sc="9" el="251" ec="9" bec="0" bev="0" fileid="7" />
                <SequencePoint vc="1" uspid="457" ordinal="0" offset="43" sl="252" sc="13" el="252" ec="13" bec="0" bev="0" fileid="7" />
                <SequencePoint vc="1" uspid="458" ordinal="0" offset="50" sl="253" sc="13" el="253" ec="13" bec="0" bev="0" fileid="7" />
                <SequencePoint vc="1" uspid="459" ordinal="0" offset="61" sl="255" sc="13" el="255" ec="13" bec="0" bev="0" fileid="7" />
                <SequencePoint vc="1" uspid="460" ordinal="0" offset="78" sl="256" sc="13" el="256" ec="13" bec="0" bev="0" fileid="7" />
                <SequencePoint vc="1" uspid="461" ordinal="0" offset="110" sl="257" sc="13" el="257" ec="13" bec="0" bev="0" fileid="7" />
                <SequencePoint vc="1" uspid="462" ordinal="0" offset="121" sl="259" sc="13" el="259" ec="13" bec="0" bev="0" fileid="7" />
                <SequencePoint vc="1" uspid="463" ordinal="0" offset="122" sl="259" sc="34" el="259" ec="34" bec="0" bev="0" fileid="7" />
                <SequencePoint vc="0" uspid="464" ordinal="0" offset="133" sl="259" sc="22" el="259" ec="22" bec="0" bev="0" fileid="7" />
                <SequencePoint vc="0" uspid="465" ordinal="0" offset="137" sl="260" sc="13" el="260" ec="13" bec="0" bev="0" fileid="7" />
                <SequencePoint vc="0" uspid="466" ordinal="0" offset="138" sl="261" sc="17" el="261" ec="17" bec="0" bev="0" fileid="7" />
                <SequencePoint vc="0" uspid="467" ordinal="0" offset="149" sl="262" sc="17" el="262" ec="17" bec="0" bev="0" fileid="7" />
                <SequencePoint vc="0" uspid="468" ordinal="0" offset="157" sl="263" sc="13" el="263" ec="13" bec="0" bev="0" fileid="7" />
                <SequencePoint vc="1" uspid="469" ordinal="0" offset="162" sl="259" sc="31" el="259" ec="31" bec="0" bev="0" fileid="7" />
                <SequencePoint vc="1" uspid="470" ordinal="0" offset="168" sl="264" sc="9" el="264" ec="9" bec="0" bev="0" fileid="7" />
                <SequencePoint vc="2" uspid="471" ordinal="0" offset="169" sl="265" sc="5" el="265" ec="5" bec="0" bev="0" fileid="7" />
              </SequencePoints>
              <BranchPoints />
            </Method>
            <Method visited="true" cyclomaticComplexity="0" nPathComplexity="0" sequenceCoverage="100.0" branchCoverage="0" crapScore="0" isConstructor="false" isStatic="false" isGetter="false" isSetter="false">
              <Summary numSequencePoints="9" visitedSequencePoints="9" numBranchPoints="0" visitedBranchPoints="0" sequenceCoverage="100.0" branchCoverage="0" maxCyclomaticComplexity="0" minCyclomaticComplexity="0" maxCrapScore="0" minCrapScore="0" visitedClasses="0" numClasses="0" visitedMethods="1" numMethods="1" />
              <MetadataToken>100663439</MetadataToken>
              <Name>System.Void Player::InputManager()</Name>
              <FileRef uid="7" />
              <SequencePoints>
                <SequencePoint vc="2" uspid="472" ordinal="0" offset="0" sl="268" sc="5" el="268" ec="5" bec="0" bev="0" fileid="7" />
                <SequencePoint vc="2" uspid="473" ordinal="0" offset="1" sl="269" sc="9" el="269" ec="9" bec="0" bev="0" fileid="7" />
                <SequencePoint vc="1" uspid="474" ordinal="0" offset="14" sl="270" sc="9" el="270" ec="9" bec="0" bev="0" fileid="7" />
                <SequencePoint vc="1" uspid="475" ordinal="0" offset="15" sl="271" sc="13" el="271" ec="13" bec="0" bev="0" fileid="7" />
                <SequencePoint vc="1" uspid="476" ordinal="0" offset="22" sl="272" sc="9" el="272" ec="9" bec="0" bev="0" fileid="7" />
                <SequencePoint vc="1" uspid="477" ordinal="0" offset="25" sl="274" sc="9" el="274" ec="9" bec="0" bev="0" fileid="7" />
                <SequencePoint vc="1" uspid="478" ordinal="0" offset="26" sl="275" sc="13" el="275" ec="13" bec="0" bev="0" fileid="7" />
                <SequencePoint vc="1" uspid="479" ordinal="0" offset="33" sl="276" sc="9" el="276" ec="9" bec="0" bev="0" fileid="7" />
                <SequencePoint vc="2" uspid="480" ordinal="0" offset="34" sl="277" sc="5" el="277" ec="5" bec="0" bev="0" fileid="7" />
              </SequencePoints>
              <BranchPoints />
            </Method>
            <Method visited="true" cyclomaticComplexity="0" nPathComplexity="0" sequenceCoverage="100.0" branchCoverage="0" crapScore="0" isConstructor="true" isStatic="false" isGetter="false" isSetter="false">
              <Summary numSequencePoints="11" visitedSequencePoints="11" numBranchPoints="0" visitedBranchPoints="0" sequenceCoverage="100.0" branchCoverage="0" maxCyclomaticComplexity="0" minCyclomaticComplexity="0" maxCrapScore="0" minCrapScore="0" visitedClasses="0" numClasses="0" visitedMethods="1" numMethods="1" />
              <MetadataToken>100663442</MetadataToken>
              <Name>Player::Player()</Name>
              <FileRef uid="7" />
              <SequencePoints>
                <SequencePoint vc="11" uspid="485" ordinal="0" offset="0" sl="26" sc="5" el="26" ec="5" bec="0" bev="0" fileid="7" />
                <SequencePoint vc="11" uspid="486" ordinal="0" offset="7" sl="32" sc="5" el="32" ec="5" bec="0" bev="0" fileid="7" />
                <SequencePoint vc="11" uspid="487" ordinal="0" offset="18" sl="34" sc="5" el="34" ec="5" bec="0" bev="0" fileid="7" />
                <SequencePoint vc="11" uspid="488" ordinal="0" offset="26" sl="36" sc="5" el="36" ec="5" bec="0" bev="0" fileid="7" />
                <SequencePoint vc="11" uspid="489" ordinal="0" offset="34" sl="38" sc="5" el="38" ec="5" bec="0" bev="0" fileid="7" />
                <SequencePoint vc="11" uspid="490" ordinal="0" offset="45" sl="55" sc="22" el="55" ec="22" bec="0" bev="0" fileid="7" />
                <SequencePoint vc="11" uspid="491" ordinal="0" offset="56" sl="56" sc="22" el="56" ec="22" bec="0" bev="0" fileid="7" />
                <SequencePoint vc="11" uspid="492" ordinal="0" offset="67" sl="60" sc="5" el="60" ec="5" bec="0" bev="0" fileid="7" />
                <SequencePoint vc="11" uspid="493" ordinal="0" offset="74" sl="61" sc="5" el="61" ec="5" bec="0" bev="0" fileid="7" />
                <SequencePoint vc="11" uspid="494" ordinal="0" offset="81" sl="66" sc="5" el="66" ec="5" bec="0" bev="0" fileid="7" />
                <SequencePoint vc="11" uspid="495" ordinal="0" offset="88" sl="67" sc="5" el="67" ec="5" bec="0" bev="0" fileid="7" />
              </SequencePoints>
              <BranchPoints />
            </Method>
          </Methods>
        </Class>
        <Class>
          <Summary numSequencePoints="53" visitedSequencePoints="53" numBranchPoints="0" visitedBranchPoints="0" sequenceCoverage="100.0" branchCoverage="0.0" maxCyclomaticComplexity="0" minCyclomaticComplexity="0" maxCrapScore="0" minCrapScore="0" visitedClasses="1" numClasses="1" visitedMethods="8" numMethods="8" />
          <FullName>GameUI</FullName>
          <Methods>
            <Method visited="true" cyclomaticComplexity="0" nPathComplexity="0" sequenceCoverage="100.0" branchCoverage="0" crapScore="0" isConstructor="false" isStatic="false" isGetter="true" isSetter="false">
              <Summary numSequencePoints="3" visitedSequencePoints="3" numBranchPoints="0" visitedBranchPoints="0" sequenceCoverage="100.0" branchCoverage="0" maxCyclomaticComplexity="0" minCyclomaticComplexity="0" maxCrapScore="0" minCrapScore="0" visitedClasses="0" numClasses="0" visitedMethods="1" numMethods="1" />
              <MetadataToken>100663455</MetadataToken>
              <Name>System.Boolean GameUI::get_IsFinished()</Name>
              <FileRef uid="8" />
              <SequencePoints>
                <SequencePoint vc="1" uspid="499" ordinal="0" offset="0" sl="34" sc="34" el="34" ec="34" bec="0" bev="0" fileid="8" />
                <SequencePoint vc="1" uspid="500" ordinal="0" offset="1" sl="34" sc="36" el="34" ec="36" bec="0" bev="0" fileid="8" />
                <SequencePoint vc="1" uspid="501" ordinal="0" offset="10" sl="34" sc="55" el="34" ec="55" bec="0" bev="0" fileid="8" />
              </SequencePoints>
              <BranchPoints />
            </Method>
            <Method visited="true" cyclomaticComplexity="0" nPathComplexity="0" sequenceCoverage="100.0" branchCoverage="0" crapScore="0" isConstructor="false" isStatic="false" isGetter="false" isSetter="false">
              <Summary numSequencePoints="9" visitedSequencePoints="9" numBranchPoints="0" visitedBranchPoints="0" sequenceCoverage="100.0" branchCoverage="0" maxCyclomaticComplexity="0" minCyclomaticComplexity="0" maxCrapScore="0" minCrapScore="0" visitedClasses="0" numClasses="0" visitedMethods="1" numMethods="1" />
              <MetadataToken>100663456</MetadataToken>
              <Name>System.Void GameUI::Start()</Name>
              <FileRef uid="8" />
              <SequencePoints>
                <SequencePoint vc="1" uspid="502" ordinal="0" offset="0" sl="38" sc="5" el="38" ec="5" bec="0" bev="0" fileid="8" />
                <SequencePoint vc="1" uspid="503" ordinal="0" offset="1" sl="39" sc="9" el="39" ec="9" bec="0" bev="0" fileid="8" />
                <SequencePoint vc="1" uspid="504" ordinal="0" offset="7" sl="41" sc="9" el="41" ec="9" bec="0" bev="0" fileid="8" />
                <SequencePoint vc="1" uspid="505" ordinal="0" offset="19" sl="42" sc="9" el="42" ec="9" bec="0" bev="0" fileid="8" />
                <SequencePoint vc="1" uspid="506" ordinal="0" offset="20" sl="43" sc="13" el="43" ec="13" bec="0" bev="0" fileid="8" />
                <SequencePoint vc="1" uspid="507" ordinal="0" offset="37" sl="44" sc="9" el="44" ec="9" bec="0" bev="0" fileid="8" />
                <SequencePoint vc="1" uspid="508" ordinal="0" offset="38" sl="45" sc="9" el="45" ec="9" bec="0" bev="0" fileid="8" />
                <SequencePoint vc="1" uspid="509" ordinal="0" offset="45" sl="46" sc="9" el="46" ec="9" bec="0" bev="0" fileid="8" />
                <SequencePoint vc="1" uspid="510" ordinal="0" offset="52" sl="47" sc="5" el="47" ec="5" bec="0" bev="0" fileid="8" />
              </SequencePoints>
              <BranchPoints />
            </Method>
            <Method visited="true" cyclomaticComplexity="0" nPathComplexity="0" sequenceCoverage="100.0" branchCoverage="0" crapScore="0" isConstructor="false" isStatic="false" isGetter="false" isSetter="false">
              <Summary numSequencePoints="5" visitedSequencePoints="5" numBranchPoints="0" visitedBranchPoints="0" sequenceCoverage="100.0" branchCoverage="0" maxCyclomaticComplexity="0" minCyclomaticComplexity="0" maxCrapScore="0" minCrapScore="0" visitedClasses="0" numClasses="0" visitedMethods="1" numMethods="1" />
              <MetadataToken>100663458</MetadataToken>
              <Name>System.Void GameUI::GameOverPage()</Name>
              <FileRef uid="8" />
              <SequencePoints>
                <SequencePoint vc="1" uspid="517" ordinal="0" offset="0" sl="60" sc="5" el="60" ec="5" bec="0" bev="0" fileid="8" />
                <SequencePoint vc="1" uspid="518" ordinal="0" offset="1" sl="61" sc="9" el="61" ec="9" bec="0" bev="0" fileid="8" />
                <SequencePoint vc="1" uspid="519" ordinal="0" offset="12" sl="62" sc="9" el="62" ec="9" bec="0" bev="0" fileid="8" />
                <SequencePoint vc="1" uspid="520" ordinal="0" offset="25" sl="63" sc="9" el="63" ec="9" bec="0" bev="0" fileid="8" />
                <SequencePoint vc="1" uspid="521" ordinal="0" offset="38" sl="64" sc="5" el="64" ec="5" bec="0" bev="0" fileid="8" />
              </SequencePoints>
              <BranchPoints />
            </Method>
            <Method visited="true" cyclomaticComplexity="0" nPathComplexity="0" sequenceCoverage="100.0" branchCoverage="0" crapScore="0" isConstructor="false" isStatic="false" isGetter="false" isSetter="false">
              <Summary numSequencePoints="6" visitedSequencePoints="6" numBranchPoints="0" visitedBranchPoints="0" sequenceCoverage="100.0" branchCoverage="0" maxCyclomaticComplexity="0" minCyclomaticComplexity="0" maxCrapScore="0" minCrapScore="0" visitedClasses="0" numClasses="0" visitedMethods="1" numMethods="1" />
              <MetadataToken>100663459</MetadataToken>
              <Name>System.Void GameUI::FinishLevelPage()</Name>
              <FileRef uid="8" />
              <SequencePoints>
                <SequencePoint vc="1" uspid="522" ordinal="0" offset="0" sl="67" sc="5" el="67" ec="5" bec="0" bev="0" fileid="8" />
                <SequencePoint vc="1" uspid="523" ordinal="0" offset="1" sl="68" sc="9" el="68" ec="9" bec="0" bev="0" fileid="8" />
                <SequencePoint vc="1" uspid="524" ordinal="0" offset="12" sl="69" sc="9" el="69" ec="9" bec="0" bev="0" fileid="8" />
                <SequencePoint vc="1" uspid="525" ordinal="0" offset="19" sl="70" sc="9" el="70" ec="9" bec="0" bev="0" fileid="8" />
                <SequencePoint vc="1" uspid="526" ordinal="0" offset="32" sl="71" sc="9" el="71" ec="9" bec="0" bev="0" fileid="8" />
                <SequencePoint vc="1" uspid="527" ordinal="0" offset="51" sl="72" sc="5" el="72" ec="5" bec="0" bev="0" fileid="8" />
              </SequencePoints>
              <BranchPoints />
            </Method>
            <Method visited="true" cyclomaticComplexity="0" nPathComplexity="0" sequenceCoverage="100.0" branchCoverage="0" crapScore="0" isConstructor="false" isStatic="false" isGetter="false" isSetter="false">
              <Summary numSequencePoints="15" visitedSequencePoints="15" numBranchPoints="0" visitedBranchPoints="0" sequenceCoverage="100.0" branchCoverage="0" maxCyclomaticComplexity="0" minCyclomaticComplexity="0" maxCrapScore="0" minCrapScore="0" visitedClasses="0" numClasses="0" visitedMethods="1" numMethods="1" />
              <MetadataToken>100663460</MetadataToken>
              <Name>System.Void GameUI::ChangePaused()</Name>
              <FileRef uid="8" />
              <SequencePoints>
                <SequencePoint vc="2" uspid="528" ordinal="0" offset="0" sl="75" sc="5" el="75" ec="5" bec="0" bev="0" fileid="8" />
                <SequencePoint vc="2" uspid="529" ordinal="0" offset="1" sl="76" sc="9" el="76" ec="9" bec="0" bev="0" fileid="8" />
                <SequencePoint vc="1" uspid="530" ordinal="0" offset="11" sl="77" sc="9" el="77" ec="9" bec="0" bev="0" fileid="8" />
                <SequencePoint vc="1" uspid="531" ordinal="0" offset="12" sl="78" sc="13" el="78" ec="13" bec="0" bev="0" fileid="8" />
                <SequencePoint vc="1" uspid="532" ordinal="0" offset="19" sl="79" sc="13" el="79" ec="13" bec="0" bev="0" fileid="8" />
                <SequencePoint vc="1" uspid="533" ordinal="0" offset="32" sl="80" sc="13" el="80" ec="13" bec="0" bev="0" fileid="8" />
                <SequencePoint vc="1" uspid="534" ordinal="0" offset="45" sl="81" sc="13" el="81" ec="13" bec="0" bev="0" fileid="8" />
                <SequencePoint vc="1" uspid="535" ordinal="0" offset="56" sl="82" sc="9" el="82" ec="9" bec="0" bev="0" fileid="8" />
                <SequencePoint vc="1" uspid="536" ordinal="0" offset="59" sl="84" sc="9" el="84" ec="9" bec="0" bev="0" fileid="8" />
                <SequencePoint vc="1" uspid="537" ordinal="0" offset="60" sl="85" sc="13" el="85" ec="13" bec="0" bev="0" fileid="8" />
                <SequencePoint vc="1" uspid="538" ordinal="0" offset="67" sl="86" sc="13" el="86" ec="13" bec="0" bev="0" fileid="8" />
                <SequencePoint vc="1" uspid="539" ordinal="0" offset="80" sl="87" sc="13" el="87" ec="13" bec="0" bev="0" fileid="8" />
                <SequencePoint vc="1" uspid="540" ordinal="0" offset="93" sl="88" sc="13" el="88" ec="13" bec="0" bev="0" fileid="8" />
                <SequencePoint vc="1" uspid="541" ordinal="0" offset="104" sl="89" sc="9" el="89" ec="9" bec="0" bev="0" fileid="8" />
                <SequencePoint vc="2" uspid="542" ordinal="0" offset="105" sl="90" sc="5" el="90" ec="5" bec="0" bev="0" fileid="8" />
              </SequencePoints>
              <BranchPoints />
            </Method>
            <Method visited="true" cyclomaticComplexity="0" nPathComplexity="0" sequenceCoverage="100.0" branchCoverage="0" crapScore="0" isConstructor="false" isStatic="false" isGetter="false" isSetter="false">
              <Summary numSequencePoints="10" visitedSequencePoints="10" numBranchPoints="0" visitedBranchPoints="0" sequenceCoverage="100.0" branchCoverage="0" maxCyclomaticComplexity="0" minCyclomaticComplexity="0" maxCrapScore="0" minCrapScore="0" visitedClasses="0" numClasses="0" visitedMethods="1" numMethods="1" />
              <MetadataToken>100663461</MetadataToken>
              <Name>System.Void GameUI::ChangeHealthbar()</Name>
              <FileRef uid="8" />
              <SequencePoints>
                <SequencePoint vc="3" uspid="543" ordinal="0" offset="0" sl="93" sc="5" el="93" ec="5" bec="0" bev="0" fileid="8" />
                <SequencePoint vc="3" uspid="544" ordinal="0" offset="1" sl="94" sc="9" el="94" ec="9" bec="0" bev="0" fileid="8" />
                <SequencePoint vc="3" uspid="545" ordinal="0" offset="30" sl="95" sc="9" el="95" ec="9" bec="0" bev="0" fileid="8" />
                <SequencePoint vc="2" uspid="546" ordinal="0" offset="52" sl="96" sc="9" el="96" ec="9" bec="0" bev="0" fileid="8" />
                <SequencePoint vc="2" uspid="547" ordinal="0" offset="53" sl="97" sc="13" el="97" ec="13" bec="0" bev="0" fileid="8" />
                <SequencePoint vc="2" uspid="548" ordinal="0" offset="66" sl="98" sc="9" el="98" ec="9" bec="0" bev="0" fileid="8" />
                <SequencePoint vc="1" uspid="549" ordinal="0" offset="69" sl="100" sc="9" el="100" ec="9" bec="0" bev="0" fileid="8" />
                <SequencePoint vc="1" uspid="550" ordinal="0" offset="70" sl="101" sc="13" el="101" ec="13" bec="0" bev="0" fileid="8" />
                <SequencePoint vc="1" uspid="551" ordinal="0" offset="83" sl="102" sc="9" el="102" ec="9" bec="0" bev="0" fileid="8" />
                <SequencePoint vc="3" uspid="552" ordinal="0" offset="84" sl="103" sc="5" el="103" ec="5" bec="0" bev="0" fileid="8" />
              </SequencePoints>
              <BranchPoints />
            </Method>
            <Method visited="true" cyclomaticComplexity="0" nPathComplexity="0" sequenceCoverage="100.0" branchCoverage="0" crapScore="0" isConstructor="false" isStatic="false" isGetter="false" isSetter="false">
              <Summary numSequencePoints="3" visitedSequencePoints="3" numBranchPoints="0" visitedBranchPoints="0" sequenceCoverage="100.0" branchCoverage="0" maxCyclomaticComplexity="0" minCyclomaticComplexity="0" maxCrapScore="0" minCrapScore="0" visitedClasses="0" numClasses="0" visitedMethods="1" numMethods="1" />
              <MetadataToken>100663462</MetadataToken>
              <Name>System.Void GameUI::ChangeScore()</Name>
              <FileRef uid="8" />
              <SequencePoints>
                <SequencePoint vc="2" uspid="553" ordinal="0" offset="0" sl="106" sc="5" el="106" ec="5" bec="0" bev="0" fileid="8" />
                <SequencePoint vc="2" uspid="554" ordinal="0" offset="1" sl="107" sc="9" el="107" ec="9" bec="0" bev="0" fileid="8" />
                <SequencePoint vc="2" uspid="555" ordinal="0" offset="36" sl="108" sc="5" el="108" ec="5" bec="0" bev="0" fileid="8" />
              </SequencePoints>
              <BranchPoints />
            </Method>
            <Method visited="true" cyclomaticComplexity="0" nPathComplexity="0" sequenceCoverage="100.0" branchCoverage="0" crapScore="0" isConstructor="true" isStatic="false" isGetter="false" isSetter="false">
              <Summary numSequencePoints="2" visitedSequencePoints="2" numBranchPoints="0" visitedBranchPoints="0" sequenceCoverage="100.0" branchCoverage="0" maxCyclomaticComplexity="0" minCyclomaticComplexity="0" maxCrapScore="0" minCrapScore="0" visitedClasses="0" numClasses="0" visitedMethods="1" numMethods="1" />
              <MetadataToken>100663463</MetadataToken>
              <Name>GameUI::GameUI()</Name>
              <FileRef uid="8" />
              <SequencePoints>
                <SequencePoint vc="16" uspid="556" ordinal="0" offset="0" sl="30" sc="5" el="30" ec="5" bec="0" bev="0" fileid="8" />
                <SequencePoint vc="16" uspid="557" ordinal="0" offset="7" sl="31" sc="5" el="31" ec="5" bec="0" bev="0" fileid="8" />
              </SequencePoints>
              <BranchPoints />
            </Method>
          </Methods>
        </Class>
        <Class>
          <Summary numSequencePoints="61" visitedSequencePoints="52" numBranchPoints="0" visitedBranchPoints="0" sequenceCoverage="85.25" branchCoverage="0.0" maxCyclomaticComplexity="0" minCyclomaticComplexity="0" maxCrapScore="0" minCrapScore="0" visitedClasses="1" numClasses="1" visitedMethods="4" numMethods="4" />
          <FullName>MenuUIHandler</FullName>
          <Methods>
            <Method visited="true" cyclomaticComplexity="0" nPathComplexity="0" sequenceCoverage="52.63" branchCoverage="0" crapScore="0" isConstructor="false" isStatic="false" isGetter="false" isSetter="false">
              <Summary numSequencePoints="19" visitedSequencePoints="10" numBranchPoints="0" visitedBranchPoints="0" sequenceCoverage="52.63" branchCoverage="0" maxCyclomaticComplexity="0" minCyclomaticComplexity="0" maxCrapScore="0" minCrapScore="0" visitedClasses="0" numClasses="0" visitedMethods="1" numMethods="1" />
              <MetadataToken>100663465</MetadataToken>
              <Name>System.Void MenuUIHandler::CheckNameAndPassword()</Name>
              <FileRef uid="9" />
              <SequencePoints>
                <SequencePoint vc="1" uspid="565" ordinal="0" offset="0" sl="46" sc="5" el="46" ec="5" bec="0" bev="0" fileid="9" />
                <SequencePoint vc="1" uspid="566" ordinal="0" offset="1" sl="47" sc="9" el="47" ec="9" bec="0" bev="0" fileid="9" />
                <SequencePoint vc="1" uspid="567" ordinal="0" offset="18" sl="48" sc="9" el="48" ec="9" bec="0" bev="0" fileid="9" />
                <SequencePoint vc="1" uspid="568" ordinal="0" offset="35" sl="50" sc="9" el="50" ec="9" bec="0" bev="0" fileid="9" />
                <SequencePoint vc="0" uspid="569" ordinal="0" offset="68" sl="51" sc="9" el="51" ec="9" bec="0" bev="0" fileid="9" />
                <SequencePoint vc="0" uspid="570" ordinal="0" offset="69" sl="52" sc="13" el="52" ec="13" bec="0" bev="0" fileid="9" />
                <SequencePoint vc="0" uspid="571" ordinal="0" offset="79" sl="53" sc="13" el="53" ec="13" bec="0" bev="0" fileid="9" />
                <SequencePoint vc="0" uspid="572" ordinal="0" offset="80" sl="54" sc="17" el="54" ec="17" bec="0" bev="0" fileid="9" />
                <SequencePoint vc="0" uspid="573" ordinal="0" offset="95" sl="55" sc="13" el="55" ec="13" bec="0" bev="0" fileid="9" />
                <SequencePoint vc="0" uspid="574" ordinal="0" offset="98" sl="57" sc="13" el="57" ec="13" bec="0" bev="0" fileid="9" />
                <SequencePoint vc="0" uspid="575" ordinal="0" offset="99" sl="58" sc="17" el="58" ec="17" bec="0" bev="0" fileid="9" />
                <SequencePoint vc="0" uspid="576" ordinal="0" offset="114" sl="59" sc="13" el="59" ec="13" bec="0" bev="0" fileid="9" />
                <SequencePoint vc="0" uspid="577" ordinal="0" offset="115" sl="61" sc="9" el="61" ec="9" bec="0" bev="0" fileid="9" />
                <SequencePoint vc="1" uspid="578" ordinal="0" offset="118" sl="63" sc="9" el="63" ec="9" bec="0" bev="0" fileid="9" />
                <SequencePoint vc="1" uspid="579" ordinal="0" offset="119" sl="64" sc="13" el="64" ec="13" bec="0" bev="0" fileid="9" />
                <SequencePoint vc="1" uspid="580" ordinal="0" offset="131" sl="67" sc="13" el="67" ec="13" bec="0" bev="0" fileid="9" />
                <SequencePoint vc="1" uspid="581" ordinal="0" offset="148" sl="68" sc="9" el="68" ec="9" bec="0" bev="0" fileid="9" />
                <SequencePoint vc="1" uspid="582" ordinal="0" offset="149" sl="69" sc="9" el="69" ec="9" bec="0" bev="0" fileid="9" />
                <SequencePoint vc="1" uspid="583" ordinal="0" offset="156" sl="70" sc="5" el="70" ec="5" bec="0" bev="0" fileid="9" />
              </SequencePoints>
              <BranchPoints />
            </Method>
            <Method visited="true" cyclomaticComplexity="0" nPathComplexity="0" sequenceCoverage="100.0" branchCoverage="0" crapScore="0" isConstructor="false" isStatic="false" isGetter="false" isSetter="false">
              <Summary numSequencePoints="4" visitedSequencePoints="4" numBranchPoints="0" visitedBranchPoints="0" sequenceCoverage="100.0" branchCoverage="0" maxCyclomaticComplexity="0" minCyclomaticComplexity="0" maxCrapScore="0" minCrapScore="0" visitedClasses="0" numClasses="0" visitedMethods="1" numMethods="1" />
              <MetadataToken>100663468</MetadataToken>
              <Name>System.Void MenuUIHandler::DelleteInput()</Name>
              <FileRef uid="9" />
              <SequencePoints>
                <SequencePoint vc="1" uspid="584" ordinal="0" offset="0" sl="97" sc="5" el="97" ec="5" bec="0" bev="0" fileid="9" />
                <SequencePoint vc="1" uspid="585" ordinal="0" offset="1" sl="98" sc="9" el="98" ec="9" bec="0" bev="0" fileid="9" />
                <SequencePoint vc="1" uspid="586" ordinal="0" offset="18" sl="99" sc="9" el="99" ec="9" bec="0" bev="0" fileid="9" />
                <SequencePoint vc="1" uspid="587" ordinal="0" offset="35" sl="100" sc="5" el="100" ec="5" bec="0" bev="0" fileid="9" />
[...]
            </Method>
            <Method visited="true" cyclomaticComplexity="0" nPathComplexity="0" sequenceCoverage="100.0" branchCoverage="0" crapScore="0" isConstructor="false" isStatic="false" isGetter="false" isSetter="false">
              <Summary numSequencePoints="6" visitedSequencePoints="6" numBranchPoints="0" visitedBranchPoints="0" sequenceCoverage="100.0" branchCoverage="0" maxCyclomaticComplexity="0" minCyclomaticComplexity="0" maxCrapScore="0" minCrapScore="0" visitedClasses="0" numClasses="0" visitedMethods="1" numMethods="1" />
              <MetadataToken>100663474</MetadataToken>
              <Name>System.Void MenuUIHandler::LoadMessege(System.String)</Name>
              <FileRef uid="9" />
              <SequencePoints>
                <SequencePoint vc="1" uspid="610" ordinal="0" offset="0" sl="141" sc="5" el="141" ec="5" bec="0" bev="0" fileid="9" />
                <SequencePoint vc="1" uspid="611" ordinal="0" offset="1" sl="142" sc="9" el="142" ec="9" bec="0" bev="0" fileid="9" />
                <SequencePoint vc="1" uspid="612" ordinal="0" offset="14" sl="143" sc="9" el="143" ec="9" bec="0" bev="0" fileid="9" />
                <SequencePoint vc="1" uspid="613" ordinal="0" offset="27" sl="144" sc="9" el="144" ec="9" bec="0" bev="0" fileid="9" />
                <SequencePoint vc="1" uspid="614" ordinal="0" offset="40" sl="145" sc="9" el="145" ec="9" bec="0" bev="0" fileid="9" />
                <SequencePoint vc="1" uspid="615" ordinal="0" offset="53" sl="146" sc="5" el="146" ec="5" bec="0" bev="0" fileid="9" />
              </SequencePoints>
              <BranchPoints />
            </Method>
            <Method visited="true" cyclomaticComplexity="0" nPathComplexity="0" sequenceCoverage="100.0" branchCoverage="0" crapScore="0" isConstructor="false" isStatic="false" isGetter="false" isSetter="false">
              <Summary numSequencePoints="32" visitedSequencePoints="32" numBranchPoints="0" visitedBranchPoints="0" sequenceCoverage="100.0" branchCoverage="0" maxCyclomaticComplexity="0" minCyclomaticComplexity="0" maxCrapScore="0" minCrapScore="0" visitedClasses="0" numClasses="0" visitedMethods="1" numMethods="1" />
              <MetadataToken>100663478</MetadataToken>
              <Name>System.Boolean MenuUIHandler::isPasswordValid(System.String)</Name>
              <FileRef uid="9" />
              <SequencePoints>
                <SequencePoint vc="2" uspid="660" ordinal="0" offset="0" sl="214" sc="5" el="214" ec="5" bec="0" bev="0" fileid="9" />
                <SequencePoint vc="2" uspid="661" ordinal="0" offset="1" sl="215" sc="9" el="215" ec="9" bec="0" bev="0" fileid="9" />
                <SequencePoint vc="1" uspid="662" ordinal="0" offset="29" sl="216" sc="9" el="216" ec="9" bec="0" bev="0" fileid="9" />
                <SequencePoint vc="1" uspid="663" ordinal="0" offset="30" sl="217" sc="13" el="217" ec="13" bec="0" bev="0" fileid="9" />
                <SequencePoint vc="1" uspid="664" ordinal="0" offset="38" sl="220" sc="9" el="220" ec="9" bec="0" bev="0" fileid="9" />
                <SequencePoint vc="1" uspid="665" ordinal="0" offset="40" sl="221" sc="9" el="221" ec="9" bec="0" bev="0" fileid="9" />
                <SequencePoint vc="1" uspid="666" ordinal="0" offset="42" sl="222" sc="9" el="222" ec="9" bec="0" bev="0" fileid="9" />
                <SequencePoint vc="1" uspid="667" ordinal="0" offset="44" sl="223" sc="9" el="223" ec="9" bec="0" bev="0" fileid="9" />
                <SequencePoint vc="1" uspid="668" ordinal="0" offset="46" sl="225" sc="9" el="225" ec="9" bec="0" bev="0" fileid="9" />
                <SequencePoint vc="1" uspid="669" ordinal="0" offset="47" sl="225" sc="28" el="225" ec="28" bec="0" bev="0" fileid="9" />
                <SequencePoint vc="8" uspid="670" ordinal="0" offset="55" sl="225" sc="18" el="225" ec="18" bec="0" bev="0" fileid="9" />
                <SequencePoint vc="8" uspid="671" ordinal="0" offset="66" sl="226" sc="9" el="226" ec="9" bec="0" bev="0" fileid="9" />
                <SequencePoint vc="8" uspid="672" ordinal="0" offset="67" sl="227" sc="13" el="227" ec="13" bec="0" bev="0" fileid="9" />
                <SequencePoint vc="1" uspid="673" ordinal="0" offset="80" sl="228" sc="13" el="228" ec="13" bec="0" bev="0" fileid="9" />
                <SequencePoint vc="1" uspid="674" ordinal="0" offset="81" sl="229" sc="17" el="229" ec="17" bec="0" bev="0" fileid="9" />
                <SequencePoint vc="1" uspid="675" ordinal="0" offset="83" sl="230" sc="13" el="230" ec="13" bec="0" bev="0" fileid="9" />
                <SequencePoint vc="7" uspid="676" ordinal="0" offset="86" sl="231" sc="18" el="231" ec="18" bec="0" bev="0" fileid="9" />
                <SequencePoint vc="3" uspid="677" ordinal="0" offset="99" sl="232" sc="13" el="232" ec="13" bec="0" bev="0" fileid="9" />
                <SequencePoint vc="3" uspid="678" ordinal="0" offset="100" sl="233" sc="17" el="233" ec="17" bec="0" bev="0" fileid="9" />
                <SequencePoint vc="3" uspid="679" ordinal="0" offset="102" sl="234" sc="13" el="234" ec="13" bec="0" bev="0" fileid="9" />
                <SequencePoint vc="4" uspid="680" ordinal="0" offset="105" sl="235" sc="18" el="235" ec="18" bec="0" bev="0" fileid="9" />
                <SequencePoint vc="3" uspid="681" ordinal="0" offset="118" sl="236" sc="13" el="236" ec="13" bec="0" bev="0" fileid="9" />
                <SequencePoint vc="3" uspid="682" ordinal="0" offset="119" sl="237" sc="17" el="237" ec="17" bec="0" bev="0" fileid="9" />
                <SequencePoint vc="3" uspid="683" ordinal="0" offset="121" sl="238" sc="13" el="238" ec="13" bec="0" bev="0" fileid="9" />
                <SequencePoint vc="1" uspid="684" ordinal="0" offset="124" sl="239" sc="18" el="239" ec="18" bec="0" bev="0" fileid="9" />
                <SequencePoint vc="1" uspid="685" ordinal="0" offset="140" sl="240" sc="13" el="240" ec="13" bec="0" bev="0" fileid="9" />
                <SequencePoint vc="1" uspid="686" ordinal="0" offset="141" sl="241" sc="17" el="241" ec="17" bec="0" bev="0" fileid="9" />
                <SequencePoint vc="1" uspid="687" ordinal="0" offset="143" sl="242" sc="13" el="242" ec="13" bec="0" bev="0" fileid="9" />
                <SequencePoint vc="8" uspid="688" ordinal="0" offset="144" sl="243" sc="9" el="243" ec="9" bec="0" bev="0" fileid="9" />
                <SequencePoint vc="9" uspid="689" ordinal="0" offset="151" sl="225" sc="25" el="225" ec="25" bec="0" bev="0" fileid="9" />
                <SequencePoint vc="1" uspid="690" ordinal="0" offset="162" sl="245" sc="9" el="245" ec="9" bec="0" bev="0" fileid="9" />
                <SequencePoint vc="2" uspid="691" ordinal="0" offset="173" sl="246" sc="5" el="246" ec="5" bec="0" bev="0" fileid="9" />
              </SequencePoints>
              <BranchPoints />
            </Method>
          </Methods>
        </Class>
        <Class>
          <Summary numSequencePoints="11" visitedSequencePoints="11" numBranchPoints="0" visitedBranchPoints="0" sequenceCoverage="100.0" branchCoverage="0.0" maxCyclomaticComplexity="0" minCyclomaticComplexity="0" maxCrapScore="0" minCrapScore="0" visitedClasses="1" numClasses="1" visitedMethods="2" numMethods="2" />
          <FullName>PauseUI</FullName>
          <Methods>
            <Method visited="true" cyclomaticComplexity="0" nPathComplexity="0" sequenceCoverage="100.0" branchCoverage="0" crapScore="0" isConstructor="false" isStatic="false" isGetter="false" isSetter="false">
              <Summary numSequencePoints="3" visitedSequencePoints="3" numBranchPoints="0" visitedBranchPoints="0" sequenceCoverage="100.0" branchCoverage="0" maxCyclomaticComplexity="0" minCyclomaticComplexity="0" maxCrapScore="0" minCrapScore="0" visitedClasses="0" numClasses="0" visitedMethods="1" numMethods="1" />
              <MetadataToken>100663480</MetadataToken>
              <Name>System.Void PauseUI::ContinueGame()</Name>
              <FileRef uid="10" />
              <SequencePoints>
                <SequencePoint vc="1" uspid="692" ordinal="0" offset="0" sl="11" sc="5" el="11" ec="5" bec="0" bev="0" fileid="10" />
                <SequencePoint vc="1" uspid="693" ordinal="0" offset="1" sl="12" sc="9" el="12" ec="9" bec="0" bev="0" fileid="10" />
                <SequencePoint vc="1" uspid="694" ordinal="0" offset="12" sl="13" sc="5" el="13" ec="5" bec="0" bev="0" fileid="10" />
              </SequencePoints>
              <BranchPoints />
            </Method>
            <Method visited="true" cyclomaticComplexity="0" nPathComplexity="0" sequenceCoverage="100.0" branchCoverage="0" crapScore="0" isConstructor="false" isStatic="false" isGetter="false" isSetter="false">
              <Summary numSequencePoints="8" visitedSequencePoints="8" numBranchPoints="0" visitedBranchPoints="0" sequenceCoverage="100.0" branchCoverage="0" maxCyclomaticComplexity="0" minCyclomaticComplexity="0" maxCrapScore="0" minCrapScore="0" visitedClasses="0" numClasses="0" visitedMethods="1" numMethods="1" />
              <MetadataToken>100663483</MetadataToken>
              <Name>System.Void PauseUI::ToLastCheckpoint()</Name>
              <FileRef uid="10" />
              <SequencePoints>
                <SequencePoint vc="2" uspid="695" ordinal="0" offset="0" sl="39" sc="5" el="39" ec="5" bec="0" bev="0" fileid="10" />
                <SequencePoint vc="2" uspid="696" ordinal="0" offset="1" sl="40" sc="9" el="40" ec="9" bec="0" bev="0" fileid="10" />
                <SequencePoint vc="2" uspid="697" ordinal="0" offset="7" sl="41" sc="9" el="41" ec="9" bec="0" bev="0" fileid="10" />
                <SequencePoint vc="2" uspid="698" ordinal="0" offset="19" sl="42" sc="9" el="42" ec="9" bec="0" bev="0" fileid="10" />
                <SequencePoint vc="2" uspid="699" ordinal="0" offset="31" sl="43" sc="9" el="43" ec="9" bec="0" bev="0" fileid="10" />
                <SequencePoint vc="2" uspid="700" ordinal="0" offset="43" sl="45" sc="9" el="45" ec="9" bec="0" bev="0" fileid="10" />
                <SequencePoint vc="2" uspid="701" ordinal="0" offset="56" sl="46" sc="9" el="46" ec="9" bec="0" bev="0" fileid="10" />
                <SequencePoint vc="2" uspid="702" ordinal="0" offset="67" sl="47" sc="5" el="47" ec="5" bec="0" bev="0" fileid="10" />
              </SequencePoints>
              <BranchPoints />
            </Method>
          </Methods>
        </Class>
        <Class>
          <Summary numSequencePoints="5" visitedSequencePoints="3" numBranchPoints="0" visitedBranchPoints="0" sequenceCoverage="60.00" branchCoverage="0.0" maxCyclomaticComplexity="0" minCyclomaticComplexity="0" maxCrapScore="0" minCrapScore="0" visitedClasses="1" numClasses="1" visitedMethods="1" numMethods="1" />
          <FullName>Enemy/&lt;ChangeColor&gt;d__65</FullName>
          <Methods>
            <Method visited="true" cyclomaticComplexity="0" nPathComplexity="0" sequenceCoverage="60.00" branchCoverage="0" crapScore="0" isConstructor="false" isStatic="false" isGetter="false" isSetter="false">
              <Summary numSequencePoints="5" visitedSequencePoints="3" numBranchPoints="0" visitedBranchPoints="0" sequenceCoverage="60.00" branchCoverage="0" maxCyclomaticComplexity="0" minCyclomaticComplexity="0" maxCrapScore="0" minCrapScore="0" visitedClasses="0" numClasses="0" visitedMethods="1" numMethods="1" />
              <MetadataToken>100663498</MetadataToken>
              <Name>System.Boolean Enemy/&lt;ChangeColor&gt;d__65::MoveNext()</Name>
              <FileRef uid="3" />
              <SequencePoints>
                <SequencePoint vc="2" uspid="709" ordinal="0" offset="31" sl="317" sc="5" el="317" ec="5" bec="0" bev="0" fileid="3" />
                <SequencePoint vc="2" uspid="710" ordinal="0" offset="32" sl="318" sc="9" el="318" ec="9" bec="0" bev="0" fileid="3" />
                <SequencePoint vc="2" uspid="711" ordinal="0" offset="54" sl="319" sc="9" el="319" ec="9" bec="0" bev="0" fileid="3" />
                <SequencePoint vc="0" uspid="712" ordinal="0" offset="86" sl="320" sc="9" el="320" ec="9" bec="0" bev="0" fileid="3" />
                <SequencePoint vc="0" uspid="713" ordinal="0" offset="108" sl="321" sc="5" el="321" ec="5" bec="0" bev="0" fileid="3" />
              </SequencePoints>
              <BranchPoints />
            </Method>
          </Methods>
        </Class>
        <Class>
          <Summary numSequencePoints="4" visitedSequencePoints="2" numBranchPoints="0" visitedBranchPoints="0" sequenceCoverage="50.00" branchCoverage="0.0" maxCyclomaticComplexity="0" minCyclomaticComplexity="0" maxCrapScore="0" minCrapScore="0" visitedClasses="1" numClasses="1" visitedMethods="1" numMethods="1" />
          <FullName>Enemy/&lt;DestroyAfterDeath&gt;d__64</FullName>
          <Methods>
            <Method visited="true" cyclomaticComplexity="0" nPathComplexity="0" sequenceCoverage="50.00" branchCoverage="0" crapScore="0" isConstructor="false" isStatic="false" isGetter="false" isSetter="false">
              <Summary numSequencePoints="4" visitedSequencePoints="2" numBranchPoints="0" visitedBranchPoints="0" sequenceCoverage="50.00" branchCoverage="0" maxCyclomaticComplexity="0" minCyclomaticComplexity="0" maxCrapScore="0" minCrapScore="0" visitedClasses="0" numClasses="0" visitedMethods="1" numMethods="1" />
              <MetadataToken>100663504</MetadataToken>
              <Name>System.Boolean Enemy/&lt;DestroyAfterDeath&gt;d__64::MoveNext()</Name>
              <FileRef uid="3" />
              <SequencePoints>
                <SequencePoint vc="1" uspid="714" ordinal="0" offset="31" sl="310" sc="5" el="310" ec="5" bec="0" bev="0" fileid="3" />
                <SequencePoint vc="1" uspid="715" ordinal="0" offset="32" sl="311" sc="9" el="311" ec="9" bec="0" bev="0" fileid="3" />
                <SequencePoint vc="0" uspid="716" ordinal="0" offset="64" sl="313" sc="9" el="313" ec="9" bec="0" bev="0" fileid="3" />
                <SequencePoint vc="0" uspid="717" ordinal="0" offset="81" sl="314" sc="5" el="314" ec="5" bec="0" bev="0" fileid="3" />
              </SequencePoints>
              <BranchPoints />
            </Method>
          </Methods>
        </Class>
        <Class>
          <Summary numSequencePoints="10" visitedSequencePoints="2" numBranchPoints="0" visitedBranchPoints="0" sequenceCoverage="20.00" branchCoverage="0.0" maxCyclomaticComplexity="0" minCyclomaticComplexity="0" maxCrapScore="0" minCrapScore="0" visitedClasses="1" numClasses="1" visitedMethods="1" numMethods="1" />
          <FullName>PauseUI/&lt;RestartCoroutine&gt;d__6</FullName>
          <Methods>
            <Method visited="true" cyclomaticComplexity="0" nPathComplexity="0" sequenceCoverage="20.00" branchCoverage="0" crapScore="0" isConstructor="false" isStatic="false" isGetter="false" isSetter="false">
              <Summary numSequencePoints="10" visitedSequencePoints="2" numBranchPoints="0" visitedBranchPoints="0" sequenceCoverage="20.00" branchCoverage="0" maxCyclomaticComplexity="0" minCyclomaticComplexity="0" maxCrapScore="0" minCrapScore="0" visitedClasses="0" numClasses="0" visitedMethods="1" numMethods="1" />
              <MetadataToken>100663592</MetadataToken>
              <Name>System.Boolean PauseUI/&lt;RestartCoroutine&gt;d__6::MoveNext()</Name>
              <FileRef uid="10" />
              <SequencePoints>
                <SequencePoint vc="3" uspid="802" ordinal="0" offset="45" sl="79" sc="5" el="79" ec="5" bec="0" bev="0" fileid="10" />
                <SequencePoint vc="3" uspid="803" ordinal="0" offset="46" sl="80" sc="9" el="80" ec="9" bec="0" bev="0" fileid="10" />
                <SequencePoint vc="0" uspid="804" ordinal="0" offset="78" sl="82" sc="9" el="82" ec="9" bec="0" bev="0" fileid="10" />
                <SequencePoint vc="0" uspid="805" ordinal="0" offset="104" sl="87" sc="9" el="87" ec="9" bec="0" bev="0" fileid="10" />
                <SequencePoint vc="0" uspid="806" ordinal="0" offset="105" sl="88" sc="13" el="88" ec="13" bec="0" bev="0" fileid="10" />
                <SequencePoint vc="0" uspid="807" ordinal="0" offset="133" sl="89" sc="13" el="89" ec="13" bec="0" bev="0" fileid="10" />
                <SequencePoint vc="0" uspid="808" ordinal="0" offset="166" sl="90" sc="13" el="90" ec="13" bec="0" bev="0" fileid="10" />
                <SequencePoint vc="0" uspid="809" ordinal="0" offset="189" sl="91" sc="9" el="91" ec="9" bec="0" bev="0" fileid="10" />
                <SequencePoint vc="0" uspid="810" ordinal="0" offset="190" sl="86" sc="9" el="86" ec="9" bec="0" bev="0" fileid="10" />
                <SequencePoint vc="0" uspid="811" ordinal="0" offset="208" sl="92" sc="5" el="92" ec="5" bec="0" bev="0" fileid="10" />
              </SequencePoints>
              <BranchPoints />
            </Method>
          </Methods>
        </Class>
        <Class>
          <Summary numSequencePoints="13" visitedSequencePoints="11" numBranchPoints="0" visitedBranchPoints="0" sequenceCoverage="84.62" branchCoverage="0.0" maxCyclomaticComplexity="0" minCyclomaticComplexity="0" maxCrapScore="0" minCrapScore="0" visitedClasses="1" numClasses="1" visitedMethods="1" numMethods="1" />
          <FullName>PauseUI/&lt;RestartGame&gt;d__1</FullName>
          <Methods>
            <Method visited="true" cyclomaticComplexity="0" nPathComplexity="0" sequenceCoverage="84.62" branchCoverage="0" crapScore="0" isConstructor="false" isStatic="false" isGetter="false" isSetter="false">
              <Summary numSequencePoints="13" visitedSequencePoints="11" numBranchPoints="0" visitedBranchPoints="0" sequenceCoverage="84.62" branchCoverage="0" maxCyclomaticComplexity="0" minCyclomaticComplexity="0" maxCrapScore="0" minCrapScore="0" visitedClasses="0" numClasses="0" visitedMethods="1" numMethods="1" />
              <MetadataToken>100663597</MetadataToken>
              <Name>System.Void PauseUI/&lt;RestartGame&gt;d__1::MoveNext()</Name>
              <FileRef uid="10" />
              <SequencePoints>
                <SequencePoint vc="1" uspid="812" ordinal="0" offset="17" sl="16" sc="5" el="16" ec="5" bec="0" bev="0" fileid="10" />
                <SequencePoint vc="1" uspid="813" ordinal="0" offset="18" sl="17" sc="9" el="17" ec="9" bec="0" bev="0" fileid="10" />
                <SequencePoint vc="1" uspid="814" ordinal="0" offset="49" sl="19" sc="9" el="19" ec="9" bec="0" bev="0" fileid="10" />
                <SequencePoint vc="1" uspid="815" ordinal="0" offset="77" sl="20" sc="9" el="20" ec="9" bec="0" bev="0" fileid="10" />
                <SequencePoint vc="1" uspid="816" ordinal="0" offset="85" sl="21" sc="9" el="21" ec="9" bec="0" bev="0" fileid="10" />
                <SequencePoint vc="1" uspid="817" ordinal="0" offset="92" sl="22" sc="9" el="22" ec="9" bec="0" bev="0" fileid="10" />
                <SequencePoint vc="1" uspid="818" ordinal="0" offset="99" sl="23" sc="9" el="23" ec="9" bec="0" bev="0" fileid="10" />
                <SequencePoint vc="1" uspid="819" ordinal="0" offset="110" sl="24" sc="9" el="24" ec="9" bec="0" bev="0" fileid="10" />
                <SequencePoint vc="0" uspid="820" ordinal="0" offset="144" sl="24" sc="9" el="24" ec="9" bec="0" bev="0" fileid="10" />
                <SequencePoint vc="0" uspid="821" ordinal="0" offset="171" sl="24" sc="9" el="24" ec="9" bec="0" bev="0" fileid="10" />
                <SequencePoint vc="1" uspid="822" ordinal="0" offset="207" sl="26" sc="9" el="26" ec="9" bec="0" bev="0" fileid="10" />
                <SequencePoint vc="1" uspid="823" ordinal="0" offset="230" sl="27" sc="9" el="27" ec="9" bec="0" bev="0" fileid="10" />
                <SequencePoint vc="1" uspid="824" ordinal="0" offset="267" sl="28" sc="5" el="28" ec="5" bec="0" bev="0" fileid="10" />
              </SequencePoints>
              <BranchPoints />
            </Method>
          </Methods>
        </Class>
      </Classes>
    </Module>
  </Modules>
</CoverageSession>