<?xml version="1.0" encoding="utf-8"?>
<CoverageSession xmlns:xsd="http://www.w3.org/2001/XMLSchema" xmlns:xsi="http://www.w3.org/2001/XMLSchema-instance" Version="0.0.0.0">
  <Summary numSequencePoints="52" visitedSequencePoints="47" numBranchPoints="0" visitedBranchPoints="0" sequenceCoverage="90.38" branchCoverage="0.0" maxCyclomaticComplexity="0" minCyclomaticComplexity="0" maxCrapScore="0" minCrapScore="0" visitedClasses="7" numClasses="7" visitedMethods="11" numMethods="11" />
  <Modules>
    <Module>
      <Summary numSequencePoints="52" visitedSequencePoints="47" numBranchPoints="0" visitedBranchPoints="0" sequenceCoverage="90.38" branchCoverage="0.0" maxCyclomaticComplexity="0" minCyclomaticComplexity="0" maxCrapScore="0" minCrapScore="0" visitedClasses="7" numClasses="7" visitedMethods="11" numMethods="11" />
      <ModuleTime>0001-01-01T00:00:00</ModuleTime>
      <ModuleName>Scripts</ModuleName>
      <Files>
        <File uid="1" fullPath="D:/Unity projects/Diplom/Assets/Scripts/CameraFollow.cs" />
        <File uid="2" fullPath="D:/Unity projects/Diplom/Assets/Scripts/Enemy/ColliderDamage.cs" />
        <File uid="3" fullPath="D:/Unity projects/Diplom/Assets/Scripts/Enemy/SimpleEnemy/Enemy.cs" />
        <File uid="4" fullPath="D:/Unity projects/Diplom/Assets/Scripts/Managers/GameCloud.cs" />
        <File uid="5" fullPath="D:/Unity projects/Diplom/Assets/Scripts/Managers/GameData.cs" />
        <File uid="6" fullPath="D:/Unity projects/Diplom/Assets/Scripts/Managers/SerializableData.cs" />
        <File uid="7" fullPath="D:/Unity projects/Diplom/Assets/Scripts/Player.cs" />
        <File uid="8" fullPath="D:/Unity projects/Diplom/Assets/Scripts/UI/GameUI.cs" />
        <File uid="9" fullPath="D:/Unity projects/Diplom/Assets/Scripts/UI/MenuUIHandler.cs" />
        <File uid="10" fullPath="D:/Unity projects/Diplom/Assets/Scripts/UI/PauseUI.cs" />
      </Files>
      <Classes>
        <Class>
          <Summary numSequencePoints="8" visitedSequencePoints="5" numBranchPoints="0" visitedBranchPoints="0" sequenceCoverage="62.50" branchCoverage="0.0" maxCyclomaticComplexity="0" minCyclomaticComplexity="0" maxCrapScore="0" minCrapScore="0" visitedClasses="1" numClasses="1" visitedMethods="1" numMethods="1" />
          <FullName>GameCloud</FullName>
          <Methods>
            <Method visited="true" cyclomaticComplexity="0" nPathComplexity="0" sequenceCoverage="62.50" branchCoverage="0" crapScore="0" isConstructor="false" isStatic="false" isGetter="false" isSetter="false">
              <Summary numSequencePoints="8" visitedSequencePoints="5" numBranchPoints="0" visitedBranchPoints="0" sequenceCoverage="62.50" branchCoverage="0" maxCyclomaticComplexity="0" minCyclomaticComplexity="0" maxCrapScore="0" minCrapScore="0" visitedClasses="0" numClasses="0" visitedMethods="1" numMethods="1" />
              <MetadataToken>100663373</MetadataToken>
              <Name>System.Void GameCloud::Awake()</Name>
              <FileRef uid="4" />
              <SequencePoints>
                <SequencePoint vc="1" uspid="225" ordinal="0" offset="0" sl="18" sc="5" el="18" ec="5" bec="0" bev="0" fileid="4" />
                <SequencePoint vc="1" uspid="226" ordinal="0" offset="1" sl="19" sc="9" el="19" ec="9" bec="0" bev="0" fileid="4" />
                <SequencePoint vc="0" uspid="227" ordinal="0" offset="16" sl="20" sc="9" el="20" ec="9" bec="0" bev="0" fileid="4" />
                <SequencePoint vc="0" uspid="228" ordinal="0" offset="17" sl="21" sc="13" el="21" ec="13" bec="0" bev="0" fileid="4" />
                <SequencePoint vc="0" uspid="229" ordinal="0" offset="29" sl="22" sc="13" el="22" ec="13" bec="0" bev="0" fileid="4" />
                <SequencePoint vc="1" uspid="230" ordinal="0" offset="31" sl="25" sc="9" el="25" ec="9" bec="0" bev="0" fileid="4" />
                <SequencePoint vc="1" uspid="231" ordinal="0" offset="37" sl="26" sc="9" el="26" ec="9" bec="0" bev="0" fileid="4" />
                <SequencePoint vc="1" uspid="232" ordinal="0" offset="49" sl="27" sc="5" el="27" ec="5" bec="0" bev="0" fileid="4" />
              </SequencePoints>
              <BranchPoints />
            </Method>
          </Methods>
        </Class>
        <Class>
          <Summary numSequencePoints="10" visitedSequencePoints="10" numBranchPoints="0" visitedBranchPoints="0" sequenceCoverage="100.0" branchCoverage="0.0" maxCyclomaticComplexity="0" minCyclomaticComplexity="0" maxCrapScore="0" minCrapScore="0" visitedClasses="1" numClasses="1" visitedMethods="4" numMethods="4" />
          <FullName>GameData</FullName>
          <Methods>
            <Method visited="true" cyclomaticComplexity="0" nPathComplexity="0" sequenceCoverage="100.0" branchCoverage="0" crapScore="0" isConstructor="false" isStatic="true" isGetter="false" isSetter="true">
              <Summary numSequencePoints="1" visitedSequencePoints="1" numBranchPoints="0" visitedBranchPoints="0" sequenceCoverage="100.0" branchCoverage="0" maxCyclomaticComplexity="0" minCyclomaticComplexity="0" maxCrapScore="0" minCrapScore="0" visitedClasses="0" numClasses="0" visitedMethods="1" numMethods="1" />
              <MetadataToken>100663381</MetadataToken>
              <Name>static System.Void GameData::set_PlayerName(System.String)</Name>
              <FileRef uid="5" />
              <SequencePoints>
                <SequencePoint vc="1" uspid="236" ordinal="0" offset="0" sl="8" sc="44" el="8" ec="44" bec="0" bev="0" fileid="5" />
              </SequencePoints>
              <BranchPoints />
            </Method>
            <Method visited="true" cyclomaticComplexity="0" nPathComplexity="0" sequenceCoverage="100.0" branchCoverage="0" crapScore="0" isConstructor="false" isStatic="true" isGetter="false" isSetter="true">
              <Summary numSequencePoints="1" visitedSequencePoints="1" numBranchPoints="0" visitedBranchPoints="0" sequenceCoverage="100.0" branchCoverage="0" maxCyclomaticComplexity="0" minCyclomaticComplexity="0" maxCrapScore="0" minCrapScore="0" visitedClasses="0" numClasses="0" visitedMethods="1" numMethods="1" />
              <MetadataToken>100663383</MetadataToken>
              <Name>static System.Void GameData::set_PlayerHealth(System.Int32)</Name>
              <FileRef uid="5" />
              <SequencePoints>
                <SequencePoint vc="1" uspid="238" ordinal="0" offset="0" sl="9" sc="43" el="9" ec="43" bec="0" bev="0" fileid="5" />
              </SequencePoints>
              <BranchPoints />
            </Method>
            <Method visited="true" cyclomaticComplexity="0" nPathComplexity="0" sequenceCoverage="100.0" branchCoverage="0" crapScore="0" isConstructor="false" isStatic="true" isGetter="false" isSetter="true">
              <Summary numSequencePoints="1" visitedSequencePoints="1" numBranchPoints="0" visitedBranchPoints="0" sequenceCoverage="100.0" branchCoverage="0" maxCyclomaticComplexity="0" minCyclomaticComplexity="0" maxCrapScore="0" minCrapScore="0" visitedClasses="0" numClasses="0" visitedMethods="1" numMethods="1" />
              <MetadataToken>100663389</MetadataToken>
              <Name>static System.Void GameData::set_Levels(System.Collections.Generic.List[Level])</Name>
              <FileRef uid="5" />
              <SequencePoints>
                <SequencePoint vc="1" uspid="244" ordinal="0" offset="0" sl="12" sc="45" el="12" ec="45" bec="0" bev="0" fileid="5" />
              </SequencePoints>
              <BranchPoints />
            </Method>
            <Method visited="true" cyclomaticComplexity="0" nPathComplexity="0" sequenceCoverage="100.0" branchCoverage="0" crapScore="0" isConstructor="true" isStatic="true" isGetter="false" isSetter="false">
              <Summary numSequencePoints="7" visitedSequencePoints="7" numBranchPoints="0" visitedBranchPoints="0" sequenceCoverage="100.0" branchCoverage="0" maxCyclomaticComplexity="0" minCyclomaticComplexity="0" maxCrapScore="0" minCrapScore="0" visitedClasses="0" numClasses="0" visitedMethods="1" numMethods="1" />
              <MetadataToken>100663392</MetadataToken>
              <Name>static GameData::GameData()</Name>
              <FileRef uid="5" />
              <SequencePoints>
                <SequencePoint vc="1" uspid="247" ordinal="0" offset="0" sl="7" sc="45" el="7" ec="45" bec="0" bev="0" fileid="5" />
                <SequencePoint vc="1" uspid="248" ordinal="0" offset="6" sl="8" sc="53" el="8" ec="53" bec="0" bev="0" fileid="5" />
                <SequencePoint vc="1" uspid="249" ordinal="0" offset="16" sl="9" sc="52" el="9" ec="52" bec="0" bev="0" fileid="5" />
                <SequencePoint vc="1" uspid="250" ordinal="0" offset="23" sl="10" sc="60" el="10" ec="60" bec="0" bev="0" fileid="5" />
                <SequencePoint vc="1" uspid="251" ordinal="0" offset="33" sl="11" sc="62" el="11" ec="62" bec="0" bev="0" fileid="5" />
                <SequencePoint vc="1" uspid="252" ordinal="0" offset="43" sl="12" sc="54" el="12" ec="54" bec="0" bev="0" fileid="5" />
                <SequencePoint vc="1" uspid="253" ordinal="0" offset="54" sl="13" sc="54" el="13" ec="54" bec="0" bev="0" fileid="5" />
              </SequencePoints>
              <BranchPoints />
            </Method>
          </Methods>
        </Class>
        <Class>
          <Summary numSequencePoints="5" visitedSequencePoints="5" numBranchPoints="0" visitedBranchPoints="0" sequenceCoverage="100.0" branchCoverage="0.0" maxCyclomaticComplexity="0" minCyclomaticComplexity="0" maxCrapScore="0" minCrapScore="0" visitedClasses="1" numClasses="1" visitedMethods="1" numMethods="1" />
          <FullName>SaveUserNameData</FullName>
          <Methods>
            <Method visited="true" cyclomaticComplexity="0" nPathComplexity="0" sequenceCoverage="100.0" branchCoverage="0" crapScore="0" isConstructor="true" isStatic="false" isGetter="false" isSetter="false">
              <Summary numSequencePoints="5" visitedSequencePoints="5" numBranchPoints="0" visitedBranchPoints="0" sequenceCoverage="100.0" branchCoverage="0" maxCyclomaticComplexity="0" minCyclomaticComplexity="0" maxCrapScore="0" minCrapScore="0" visitedClasses="0" numClasses="0" visitedMethods="1" numMethods="1" />
              <MetadataToken>100663401</MetadataToken>
              <Name>SaveUserNameData::SaveUserNameData(System.String, System.String)</Name>
              <FileRef uid="6" />
              <SequencePoints>
                <SequencePoint vc="1" uspid="254" ordinal="0" offset="0" sl="12" sc="5" el="12" ec="5" bec="0" bev="0" fileid="6" />
                <SequencePoint vc="1" uspid="255" ordinal="0" offset="7" sl="13" sc="5" el="13" ec="5" bec="0" bev="0" fileid="6" />
                <SequencePoint vc="1" uspid="256" ordinal="0" offset="8" sl="14" sc="9" el="14" ec="9" bec="0" bev="0" fileid="6" />
                <SequencePoint vc="1" uspid="257" ordinal="0" offset="15" sl="15" sc="9" el="15" ec="9" bec="0" bev="0" fileid="6" />
                <SequencePoint vc="1" uspid="258" ordinal="0" offset="22" sl="16" sc="5" el="16" ec="5" bec="0" bev="0" fileid="6" />
              </SequencePoints>
              <BranchPoints />
            </Method>
          </Methods>
        </Class>
        <Class>
          <Summary numSequencePoints="1" visitedSequencePoints="1" numBranchPoints="0" visitedBranchPoints="0" sequenceCoverage="100.0" branchCoverage="0.0" maxCyclomaticComplexity="0" minCyclomaticComplexity="0" maxCrapScore="0" minCrapScore="0" visitedClasses="1" numClasses="1" visitedMethods="1" numMethods="1" />
          <FullName>ListUsersData</FullName>
          <Methods>
            <Method visited="true" cyclomaticComplexity="0" nPathComplexity="0" sequenceCoverage="100.0" branchCoverage="0" crapScore="0" isConstructor="true" isStatic="false" isGetter="false" isSetter="false">
              <Summary numSequencePoints="1" visitedSequencePoints="1" numBranchPoints="0" visitedBranchPoints="0" sequenceCoverage="100.0" branchCoverage="0" maxCyclomaticComplexity="0" minCyclomaticComplexity="0" maxCrapScore="0" minCrapScore="0" visitedClasses="0" numClasses="0" visitedMethods="1" numMethods="1" />
              <MetadataToken>100663402</MetadataToken>
              <Name>ListUsersData::ListUsersData()</Name>
              <FileRef uid="6" />
              <SequencePoints>
                <SequencePoint vc="1" uspid="259" ordinal="0" offset="0" sl="22" sc="5" el="22" ec="5" bec="0" bev="0" fileid="6" />
              </SequencePoints>
              <BranchPoints />
            </Method>
          </Methods>
        </Class>
        <Class>
          <Summary numSequencePoints="3" visitedSequencePoints="3" numBranchPoints="0" visitedBranchPoints="0" sequenceCoverage="100.0" branchCoverage="0.0" maxCyclomaticComplexity="0" minCyclomaticComplexity="0" maxCrapScore="0" minCrapScore="0" visitedClasses="1" numClasses="1" visitedMethods="1" numMethods="1" />
          <FullName>SaveUserData</FullName>
          <Methods>
            <Method visited="true" cyclomaticComplexity="0" nPathComplexity="0" sequenceCoverage="100.0" branchCoverage="0" crapScore="0" isConstructor="true" isStatic="false" isGetter="false" isSetter="false">
              <Summary numSequencePoints="3" visitedSequencePoints="3" numBranchPoints="0" visitedBranchPoints="0" sequenceCoverage="100.0" branchCoverage="0" maxCyclomaticComplexity="0" minCyclomaticComplexity="0" maxCrapScore="0" minCrapScore="0" visitedClasses="0" numClasses="0" visitedMethods="1" numMethods="1" />
              <MetadataToken>100663403</MetadataToken>
              <Name>SaveUserData::SaveUserData()</Name>
              <FileRef uid="6" />
              <SequencePoints>
                <SequencePoint vc="1" uspid="262" ordinal="0" offset="0" sl="31" sc="5" el="31" ec="5" bec="0" bev="0" fileid="6" />
                <SequencePoint vc="1" uspid="263" ordinal="0" offset="7" sl="31" sc="27" el="31" ec="27" bec="0" bev="0" fileid="6" />
                <SequencePoint vc="1" uspid="264" ordinal="0" offset="8" sl="31" sc="29" el="31" ec="29" bec="0" bev="0" fileid="6" />
              </SequencePoints>
              <BranchPoints />
            </Method>
          </Methods>
        </Class>
        <Class>
          <Summary numSequencePoints="20" visitedSequencePoints="20" numBranchPoints="0" visitedBranchPoints="0" sequenceCoverage="100.0" branchCoverage="0.0" maxCyclomaticComplexity="0" minCyclomaticComplexity="0" maxCrapScore="0" minCrapScore="0" visitedClasses="1" numClasses="1" visitedMethods="2" numMethods="2" />
          <FullName>Level</FullName>
          <Methods>
            <Method visited="true" cyclomaticComplexity="0" nPathComplexity="0" sequenceCoverage="100.0" branchCoverage="0" crapScore="0" isConstructor="false" isStatic="true" isGetter="false" isSetter="false">
              <Summary numSequencePoints="13" visitedSequencePoints="13" numBranchPoints="0" visitedBranchPoints="0" sequenceCoverage="100.0" branchCoverage="0" maxCyclomaticComplexity="0" minCyclomaticComplexity="0" maxCrapScore="0" minCrapScore="0" visitedClasses="0" numClasses="0" visitedMethods="1" numMethods="1" />
              <MetadataToken>100663406</MetadataToken>
              <Name>static Level Level::RestartLevel(System.Int32, System.Int32)</Name>
              <FileRef uid="6" />
              <SequencePoints>
                <SequencePoint vc="1" uspid="265" ordinal="0" offset="0" sl="50" sc="5" el="50" ec="5" bec="0" bev="0" fileid="6" />
                <SequencePoint vc="1" uspid="266" ordinal="0" offset="1" sl="51" sc="9" el="51" ec="9" bec="0" bev="0" fileid="6" />
                <SequencePoint vc="1" uspid="267" ordinal="0" offset="7" sl="52" sc="9" el="52" ec="9" bec="0" bev="0" fileid="6" />
                <SequencePoint vc="1" uspid="268" ordinal="0" offset="14" sl="53" sc="9" el="53" ec="9" bec="0" bev="0" fileid="6" />
                <SequencePoint vc="1" uspid="269" ordinal="0" offset="25" sl="54" sc="9" el="54" ec="9" bec="0" bev="0" fileid="6" />
                <SequencePoint vc="1" uspid="270" ordinal="0" offset="32" sl="55" sc="9" el="55" ec="9" bec="0" bev="0" fileid="6" />
                <SequencePoint vc="1" uspid="271" ordinal="0" offset="39" sl="56" sc="9" el="56" ec="9" bec="0" bev="0" fileid="6" />
                <SequencePoint vc="1" uspid="272" ordinal="0" offset="46" sl="57" sc="9" el="57" ec="9" bec="0" bev="0" fileid="6" />
                <SequencePoint vc="1" uspid="273" ordinal="0" offset="54" sl="58" sc="9" el="58" ec="9" bec="0" bev="0" fileid="6" />
                <SequencePoint vc="1" uspid="274" ordinal="0" offset="61" sl="59" sc="9" el="59" ec="9" bec="0" bev="0" fileid="6" />
                <SequencePoint vc="1" uspid="275" ordinal="0" offset="68" sl="60" sc="9" el="60" ec="9" bec="0" bev="0" fileid="6" />
                <SequencePoint vc="1" uspid="276" ordinal="0" offset="75" sl="61" sc="9" el="61" ec="9" bec="0" bev="0" fileid="6" />
                <SequencePoint vc="1" uspid="277" ordinal="0" offset="79" sl="62" sc="5" el="62" ec="5" bec="0" bev="0" fileid="6" />
              </SequencePoints>
              <BranchPoints />
            </Method>
            <Method visited="true" cyclomaticComplexity="0" nPathComplexity="0" sequenceCoverage="100.0" branchCoverage="0" crapScore="0" isConstructor="true" isStatic="false" isGetter="false" isSetter="false">
              <Summary numSequencePoints="7" visitedSequencePoints="7" numBranchPoints="0" visitedBranchPoints="0" sequenceCoverage="100.0" branchCoverage="0" maxCyclomaticComplexity="0" minCyclomaticComplexity="0" maxCrapScore="0" minCrapScore="0" visitedClasses="0" numClasses="0" visitedMethods="1" numMethods="1" />
              <MetadataToken>100663407</MetadataToken>
              <Name>Level::Level()</Name>
              <FileRef uid="6" />
              <SequencePoints>
                <SequencePoint vc="4" uspid="278" ordinal="0" offset="0" sl="40" sc="5" el="40" ec="5" bec="0" bev="0" fileid="6" />
                <SequencePoint vc="4" uspid="279" ordinal="0" offset="8" sl="41" sc="5" el="41" ec="5" bec="0" bev="0" fileid="6" />
                <SequencePoint vc="4" uspid="280" ordinal="0" offset="15" sl="42" sc="5" el="42" ec="5" bec="0" bev="0" fileid="6" />
                <SequencePoint vc="4" uspid="281" ordinal="0" offset="22" sl="43" sc="5" el="43" ec="5" bec="0" bev="0" fileid="6" />
                <SequencePoint vc="4" uspid="282" ordinal="0" offset="29" sl="44" sc="5" el="44" ec="5" bec="0" bev="0" fileid="6" />
                <SequencePoint vc="4" uspid="283" ordinal="0" offset="40" sl="45" sc="5" el="45" ec="5" bec="0" bev="0" fileid="6" />
                <SequencePoint vc="4" uspid="284" ordinal="0" offset="47" sl="47" sc="5" el="47" ec="5" bec="0" bev="0" fileid="6" />
              </SequencePoints>
              <BranchPoints />
            </Method>
          </Methods>
        </Class>
        <Class>
          <Summary numSequencePoints="5" visitedSequencePoints="3" numBranchPoints="0" visitedBranchPoints="0" sequenceCoverage="60.00" branchCoverage="0.0" maxCyclomaticComplexity="0" minCyclomaticComplexity="0" maxCrapScore="0" minCrapScore="0" visitedClasses="1" numClasses="1" visitedMethods="1" numMethods="1" />
          <FullName>GameCloud/&lt;Start&gt;d__3</FullName>
          <Methods>
            <Method visited="true" cyclomaticComplexity="0" nPathComplexity="0" sequenceCoverage="60.00" branchCoverage="0" crapScore="0" isConstructor="false" isStatic="false" isGetter="false" isSetter="false">
              <Summary numSequencePoints="5" visitedSequencePoints="3" numBranchPoints="0" visitedBranchPoints="0" sequenceCoverage="60.00" branchCoverage="0" maxCyclomaticComplexity="0" minCyclomaticComplexity="0" maxCrapScore="0" minCrapScore="0" visitedClasses="0" numClasses="0" visitedMethods="1" numMethods="1" />
              <MetadataToken>100663527</MetadataToken>
              <Name>System.Void GameCloud/&lt;Start&gt;d__3::MoveNext()</Name>
              <FileRef uid="4" />
              <SequencePoints>
                <SequencePoint vc="1" uspid="733" ordinal="0" offset="14" sl="31" sc="5" el="31" ec="5" bec="0" bev="0" fileid="4" />
                <SequencePoint vc="1" uspid="734" ordinal="0" offset="15" sl="32" sc="9" el="32" ec="9" bec="0" bev="0" fileid="4" />
                <SequencePoint vc="0" uspid="735" ordinal="0" offset="44" sl="32" sc="9" el="32" ec="9" bec="0" bev="0" fileid="4" />
                <SequencePoint vc="0" uspid="736" ordinal="0" offset="71" sl="32" sc="9" el="32" ec="9" bec="0" bev="0" fileid="4" />
                <SequencePoint vc="1" uspid="737" ordinal="0" offset="133" sl="34" sc="5" el="34" ec="5" bec="0" bev="0" fileid="4" />
              </SequencePoints>
              <BranchPoints />
            </Method>
          </Methods>
        </Class>
      </Classes>
    </Module>
  </Modules>
</CoverageSession>