<?xml version="1.0" encoding="utf-8"?>
<CoverageSession xmlns:xsd="http://www.w3.org/2001/XMLSchema" xmlns:xsi="http://www.w3.org/2001/XMLSchema-instance" Version="0.0.0.0">
  <Summary numSequencePoints="214" visitedSequencePoints="158" numBranchPoints="0" visitedBranchPoints="0" sequenceCoverage="73.83" branchCoverage="0.0" maxCyclomaticComplexity="0" minCyclomaticComplexity="0" maxCrapScore="0" minCrapScore="0" visitedClasses="7" numClasses="7" visitedMethods="35" numMethods="35" />
  <Modules>
    <Module>
      <Summary numSequencePoints="214" visitedSequencePoints="158" numBranchPoints="0" visitedBranchPoints="0" sequenceCoverage="73.83" branchCoverage="0.0" maxCyclomaticComplexity="0" minCyclomaticComplexity="0" maxCrapScore="0" minCrapScore="0" visitedClasses="7" numClasses="7" visitedMethods="35" numMethods="35" />
      <ModuleTime>0001-01-01T00:00:00</ModuleTime>
      <ModuleName>Scripts</ModuleName>
      <Files>
        <File uid="1" fullPath="D:/Unity projects/Diplom/Assets/Scripts/CameraFollow.cs" />
        <File uid="2" fullPath="D:/Unity projects/Diplom/Assets/Scripts/Enemy/ColliderDamage.cs" />
        <File uid="3" fullPath="D:/Unity projects/Diplom/Assets/Scripts/Enemy/SimpleEnemy/Enemy.cs" />
        <File uid="4" fullPath="D:/Unity projects/Diplom/Assets/Scripts/Managers/GameCloud.cs" />
        <File uid="5" fullPath="D:/Unity projects/Diplom/Assets/Scripts/Managers/GameData.cs" />
        <File uid="6" fullPath="D:/Unity projects/Diplom/Assets/Scripts/Managers/SerializableData.cs" />
        <File uid="7" fullPath="D:/Unity projects/Diplom/Assets/Scripts/Player.cs" />
        <File uid="8" fullPath="D:/Unity projects/Diplom/Assets/Scripts/UI/GameUI.cs" />
        <File uid="9" fullPath="D:/Unity projects/Diplom/Assets/Scripts/UI/MenuUIHandler.cs" />
        <File uid="10" fullPath="D:/Unity projects/Diplom/Assets/Scripts/UI/PauseUI.cs" />
      </Files>
      <Classes>
        <Class>
          <Summary numSequencePoints="17" visitedSequencePoints="14" numBranchPoints="0" visitedBranchPoints="0" sequenceCoverage="82.35" branchCoverage="0.0" maxCyclomaticComplexity="0" minCyclomaticComplexity="0" maxCrapScore="0" minCrapScore="0" visitedClasses="1" numClasses="1" visitedMethods="2" numMethods="2" />
          <FullName>CameraFollow</FullName>
          <Methods>
            <Method visited="true" cyclomaticComplexity="0" nPathComplexity="0" sequenceCoverage="76.92" branchCoverage="0" crapScore="0" isConstructor="false" isStatic="false" isGetter="false" isSetter="false">
              <Summary numSequencePoints="13" visitedSequencePoints="10" numBranchPoints="0" visitedBranchPoints="0" sequenceCoverage="76.92" branchCoverage="0" maxCyclomaticComplexity="0" minCyclomaticComplexity="0" maxCrapScore="0" minCrapScore="0" visitedClasses="0" numClasses="0" visitedMethods="1" numMethods="1" />
              <MetadataToken>100663297</MetadataToken>
              <Name>System.Void CameraFollow::Update()</Name>
              <FileRef uid="1" />
              <SequencePoints>
                <SequencePoint vc="1172" uspid="812" ordinal="0" offset="0" sl="20" sc="5" el="20" ec="5" bec="0" bev="0" fileid="1" />
                <SequencePoint vc="1172" uspid="813" ordinal="0" offset="1" sl="21" sc="9" el="21" ec="9" bec="0" bev="0" fileid="1" />
                <SequencePoint vc="1172" uspid="814" ordinal="0" offset="18" sl="22" sc="9" el="22" ec="9" bec="0" bev="0" fileid="1" />
                <SequencePoint vc="1172" uspid="815" ordinal="0" offset="31" sl="23" sc="9" el="23" ec="9" bec="0" bev="0" fileid="1" />
                <SequencePoint vc="1172" uspid="816" ordinal="0" offset="32" sl="24" sc="13" el="24" ec="13" bec="0" bev="0" fileid="1" />
                <SequencePoint vc="1172" uspid="817" ordinal="0" offset="39" sl="25" sc="9" el="25" ec="9" bec="0" bev="0" fileid="1" />
                <SequencePoint vc="1172" uspid="818" ordinal="0" offset="40" sl="26" sc="9" el="26" ec="9" bec="0" bev="0" fileid="1" />
                <SequencePoint vc="0" uspid="819" ordinal="0" offset="53" sl="27" sc="9" el="27" ec="9" bec="0" bev="0" fileid="1" />
                <SequencePoint vc="0" uspid="820" ordinal="0" offset="54" sl="28" sc="13" el="28" ec="13" bec="0" bev="0" fileid="1" />
                <SequencePoint vc="0" uspid="821" ordinal="0" offset="61" sl="29" sc="9" el="29" ec="9" bec="0" bev="0" fileid="1" />
                <SequencePoint vc="1172" uspid="822" ordinal="0" offset="62" sl="30" sc="9" el="30" ec="9" bec="0" bev="0" fileid="1" />
                <SequencePoint vc="1172" uspid="823" ordinal="0" offset="98" sl="31" sc="9" el="31" ec="9" bec="0" bev="0" fileid="1" />
                <SequencePoint vc="1172" uspid="824" ordinal="0" offset="139" sl="32" sc="5" el="32" ec="5" bec="0" bev="0" fileid="1" />
              </SequencePoints>
              <BranchPoints />
            </Method>
            <Method visited="true" cyclomaticComplexity="0" nPathComplexity="0" sequenceCoverage="100.0" branchCoverage="0" crapScore="0" isConstructor="true" isStatic="false" isGetter="false" isSetter="false">
              <Summary numSequencePoints="4" visitedSequencePoints="4" numBranchPoints="0" visitedBranchPoints="0" sequenceCoverage="100.0" branchCoverage="0" maxCyclomaticComplexity="0" minCyclomaticComplexity="0" maxCrapScore="0" minCrapScore="0" visitedClasses="0" numClasses="0" visitedMethods="1" numMethods="1" />
              <MetadataToken>100663298</MetadataToken>
              <Name>CameraFollow::CameraFollow()</Name>
              <FileRef uid="1" />
              <SequencePoints>
                <SequencePoint vc="1" uspid="825" ordinal="0" offset="0" sl="8" sc="5" el="8" ec="5" bec="0" bev="0" fileid="1" />
                <SequencePoint vc="1" uspid="826" ordinal="0" offset="11" sl="10" sc="5" el="10" ec="5" bec="0" bev="0" fileid="1" />
                <SequencePoint vc="1" uspid="827" ordinal="0" offset="22" sl="12" sc="5" el="12" ec="5" bec="0" bev="0" fileid="1" />
                <SequencePoint vc="1" uspid="828" ordinal="0" offset="33" sl="14" sc="5" el="14" ec="5" bec="0" bev="0" fileid="1" />
              </SequencePoints>
              <BranchPoints />
            </Method>
          </Methods>
        </Class>
        <Class>
          <Summary numSequencePoints="20" visitedSequencePoints="20" numBranchPoints="0" visitedBranchPoints="0" sequenceCoverage="100.0" branchCoverage="0.0" maxCyclomaticComplexity="0" minCyclomaticComplexity="0" maxCrapScore="0" minCrapScore="0" visitedClasses="1" numClasses="1" visitedMethods="14" numMethods="14" />
          <FullName>GameData</FullName>
          <Methods>
            <Method visited="true" cyclomaticComplexity="0" nPathComplexity="0" sequenceCoverage="100.0" branchCoverage="0" crapScore="0" isConstructor="false" isStatic="true" isGetter="true" isSetter="false">
              <Summary numSequencePoints="1" visitedSequencePoints="1" numBranchPoints="0" visitedBranchPoints="0" sequenceCoverage="100.0" branchCoverage="0" maxCyclomaticComplexity="0" minCyclomaticComplexity="0" maxCrapScore="0" minCrapScore="0" visitedClasses="0" numClasses="0" visitedMethods="1" numMethods="1" />
              <MetadataToken>100663375</MetadataToken>
              <Name>static System.Int32 GameData::get_Score()</Name>
              <FileRef uid="5" />
              <SequencePoints>
                <SequencePoint vc="1173" uspid="1037" ordinal="0" offset="0" sl="7" sc="31" el="7" ec="31" bec="0" bev="0" fileid="5" />
              </SequencePoints>
              <BranchPoints />
            </Method>
            <Method visited="true" cyclomaticComplexity="0" nPathComplexity="0" sequenceCoverage="100.0" branchCoverage="0" crapScore="0" isConstructor="false" isStatic="true" isGetter="false" isSetter="true">
              <Summary numSequencePoints="1" visitedSequencePoints="1" numBranchPoints="0" visitedBranchPoints="0" sequenceCoverage="100.0" branchCoverage="0" maxCyclomaticComplexity="0" minCyclomaticComplexity="0" maxCrapScore="0" minCrapScore="0" visitedClasses="0" numClasses="0" visitedMethods="1" numMethods="1" />
              <MetadataToken>100663376</MetadataToken>
              <Name>static System.Void GameData::set_Score(System.Int32)</Name>
              <FileRef uid="5" />
              <SequencePoints>
                <SequencePoint vc="1" uspid="1038" ordinal="0" offset="0" sl="7" sc="36" el="7" ec="36" bec="0" bev="0" fileid="5" />
              </SequencePoints>
              <BranchPoints />
            </Method>
            <Method visited="true" cyclomaticComplexity="0" nPathComplexity="0" sequenceCoverage="100.0" branchCoverage="0" crapScore="0" isConstructor="false" isStatic="true" isGetter="true" isSetter="false">
              <Summary numSequencePoints="1" visitedSequencePoints="1" numBranchPoints="0" visitedBranchPoints="0" sequenceCoverage="100.0" branchCoverage="0" maxCyclomaticComplexity="0" minCyclomaticComplexity="0" maxCrapScore="0" minCrapScore="0" visitedClasses="0" numClasses="0" visitedMethods="1" numMethods="1" />
              <MetadataToken>100663377</MetadataToken>
              <Name>static System.String GameData::get_PlayerName()</Name>
              <FileRef uid="5" />
              <SequencePoints>
                <SequencePoint vc="2" uspid="1039" ordinal="0" offset="0" sl="8" sc="39" el="8" ec="39" bec="0" bev="0" fileid="5" />
              </SequencePoints>
              <BranchPoints />
            </Method>
            <Method visited="true" cyclomaticComplexity="0" nPathComplexity="0" sequenceCoverage="100.0" branchCoverage="0" crapScore="0" isConstructor="false" isStatic="true" isGetter="true" isSetter="false">
              <Summary numSequencePoints="1" visitedSequencePoints="1" numBranchPoints="0" visitedBranchPoints="0" sequenceCoverage="100.0" branchCoverage="0" maxCyclomaticComplexity="0" minCyclomaticComplexity="0" maxCrapScore="0" minCrapScore="0" visitedClasses="0" numClasses="0" visitedMethods="1" numMethods="1" />
              <MetadataToken>100663379</MetadataToken>
              <Name>static System.Int32 GameData::get_PlayerHealth()</Name>
              <FileRef uid="5" />
              <SequencePoints>
                <SequencePoint vc="1" uspid="1041" ordinal="0" offset="0" sl="9" sc="38" el="9" ec="38" bec="0" bev="0" fileid="5" />
              </SequencePoints>
              <BranchPoints />
            </Method>
            <Method visited="true" cyclomaticComplexity="0" nPathComplexity="0" sequenceCoverage="100.0" branchCoverage="0" crapScore="0" isConstructor="false" isStatic="true" isGetter="false" isSetter="true">
              <Summary numSequencePoints="1" visitedSequencePoints="1" numBranchPoints="0" visitedBranchPoints="0" sequenceCoverage="100.0" branchCoverage="0" maxCyclomaticComplexity="0" minCyclomaticComplexity="0" maxCrapScore="0" minCrapScore="0" visitedClasses="0" numClasses="0" visitedMethods="1" numMethods="1" />
              <MetadataToken>100663380</MetadataToken>
              <Name>static System.Void GameData::set_PlayerHealth(System.Int32)</Name>
              <FileRef uid="5" />
              <SequencePoints>
                <SequencePoint vc="1" uspid="1042" ordinal="0" offset="0" sl="9" sc="43" el="9" ec="43" bec="0" bev="0" fileid="5" />
              </SequencePoints>
              <BranchPoints />
            </Method>
            <Method visited="true" cyclomaticComplexity="0" nPathComplexity="0" sequenceCoverage="100.0" branchCoverage="0" crapScore="0" isConstructor="false" isStatic="true" isGetter="true" isSetter="false">
              <Summary numSequencePoints="1" visitedSequencePoints="1" numBranchPoints="0" visitedBranchPoints="0" sequenceCoverage="100.0" branchCoverage="0" maxCyclomaticComplexity="0" minCyclomaticComplexity="0" maxCrapScore="0" minCrapScore="0" visitedClasses="0" numClasses="0" visitedMethods="1" numMethods="1" />
              <MetadataToken>100663381</MetadataToken>
              <Name>static System.String GameData::get_CurrentCheckpoint()</Name>
              <FileRef uid="5" />
              <SequencePoints>
                <SequencePoint vc="3" uspid="1043" ordinal="0" offset="0" sl="10" sc="46" el="10" ec="46" bec="0" bev="0" fileid="5" />
              </SequencePoints>
              <BranchPoints />
            </Method>
            <Method visited="true" cyclomaticComplexity="0" nPathComplexity="0" sequenceCoverage="100.0" branchCoverage="0" crapScore="0" isConstructor="false" isStatic="true" isGetter="false" isSetter="true">
              <Summary numSequencePoints="1" visitedSequencePoints="1" numBranchPoints="0" visitedBranchPoints="0" sequenceCoverage="100.0" branchCoverage="0" maxCyclomaticComplexity="0" minCyclomaticComplexity="0" maxCrapScore="0" minCrapScore="0" visitedClasses="0" numClasses="0" visitedMethods="1" numMethods="1" />
              <MetadataToken>100663382</MetadataToken>
              <Name>static System.Void GameData::set_CurrentCheckpoint(System.String)</Name>
              <FileRef uid="5" />
              <SequencePoints>
                <SequencePoint vc="1" uspid="1044" ordinal="0" offset="0" sl="10" sc="51" el="10" ec="51" bec="0" bev="0" fileid="5" />
              </SequencePoints>
              <BranchPoints />
            </Method>
            <Method visited="true" cyclomaticComplexity="0" nPathComplexity="0" sequenceCoverage="100.0" branchCoverage="0" crapScore="0" isConstructor="false" isStatic="true" isGetter="true" isSetter="false">
              <Summary numSequencePoints="1" visitedSequencePoints="1" numBranchPoints="0" visitedBranchPoints="0" sequenceCoverage="100.0" branchCoverage="0" maxCyclomaticComplexity="0" minCyclomaticComplexity="0" maxCrapScore="0" minCrapScore="0" visitedClasses="0" numClasses="0" visitedMethods="1" numMethods="1" />
              <MetadataToken>100663383</MetadataToken>
              <Name>static System.Collections.Generic.List[String] GameData::get_DeadEnemiesId()</Name>
              <FileRef uid="5" />
              <SequencePoints>
                <SequencePoint vc="1" uspid="1045" ordinal="0" offset="0" sl="11" sc="48" el="11" ec="48" bec="0" bev="0" fileid="5" />
              </SequencePoints>
              <BranchPoints />
            </Method>
            <Method visited="true" cyclomaticComplexity="0" nPathComplexity="0" sequenceCoverage="100.0" branchCoverage="0" crapScore="0" isConstructor="false" isStatic="true" isGetter="false" isSetter="true">
              <Summary numSequencePoints="1" visitedSequencePoints="1" numBranchPoints="0" visitedBranchPoints="0" sequenceCoverage="100.0" branchCoverage="0" maxCyclomaticComplexity="0" minCyclomaticComplexity="0" maxCrapScore="0" minCrapScore="0" visitedClasses="0" numClasses="0" visitedMethods="1" numMethods="1" />
              <MetadataToken>100663384</MetadataToken>
              <Name>static System.Void GameData::set_DeadEnemiesId(System.Collections.Generic.List[String])</Name>
              <FileRef uid="5" />
              <SequencePoints>
                <SequencePoint vc="1" uspid="1046" ordinal="0" offset="0" sl="11" sc="53" el="11" ec="53" bec="0" bev="0" fileid="5" />
              </SequencePoints>
              <BranchPoints />
            </Method>
            <Method visited="true" cyclomaticComplexity="0" nPathComplexity="0" sequenceCoverage="100.0" branchCoverage="0" crapScore="0" isConstructor="false" isStatic="true" isGetter="true" isSetter="false">
              <Summary numSequencePoints="1" visitedSequencePoints="1" numBranchPoints="0" visitedBranchPoints="0" sequenceCoverage="100.0" branchCoverage="0" maxCyclomaticComplexity="0" minCyclomaticComplexity="0" maxCrapScore="0" minCrapScore="0" visitedClasses="0" numClasses="0" visitedMethods="1" numMethods="1" />
              <MetadataToken>100663385</MetadataToken>
              <Name>static System.Collections.Generic.List[Level] GameData::get_Levels()</Name>
              <FileRef uid="5" />
              <SequencePoints>
                <SequencePoint vc="7" uspid="1047" ordinal="0" offset="0" sl="12" sc="40" el="12" ec="40" bec="0" bev="0" fileid="5" />
              </SequencePoints>
              <BranchPoints />
            </Method>
            <Method visited="true" cyclomaticComplexity="0" nPathComplexity="0" sequenceCoverage="100.0" branchCoverage="0" crapScore="0" isConstructor="false" isStatic="true" isGetter="false" isSetter="true">
              <Summary numSequencePoints="1" visitedSequencePoints="1" numBranchPoints="0" visitedBranchPoints="0" sequenceCoverage="100.0" branchCoverage="0" maxCyclomaticComplexity="0" minCyclomaticComplexity="0" maxCrapScore="0" minCrapScore="0" visitedClasses="0" numClasses="0" visitedMethods="1" numMethods="1" />
              <MetadataToken>100663386</MetadataToken>
              <Name>static System.Void GameData::set_Levels(System.Collections.Generic.List[Level])</Name>
              <FileRef uid="5" />
              <SequencePoints>
                <SequencePoint vc="1" uspid="1048" ordinal="0" offset="0" sl="12" sc="45" el="12" ec="45" bec="0" bev="0" fileid="5" />
              </SequencePoints>
              <BranchPoints />
            </Method>
            <Method visited="true" cyclomaticComplexity="0" nPathComplexity="0" sequenceCoverage="100.0" branchCoverage="0" crapScore="0" isConstructor="false" isStatic="true" isGetter="true" isSetter="false">
              <Summary numSequencePoints="1" visitedSequencePoints="1" numBranchPoints="0" visitedBranchPoints="0" sequenceCoverage="100.0" branchCoverage="0" maxCyclomaticComplexity="0" minCyclomaticComplexity="0" maxCrapScore="0" minCrapScore="0" visitedClasses="0" numClasses="0" visitedMethods="1" numMethods="1" />
              <MetadataToken>100663387</MetadataToken>
              <Name>static Level GameData::get_CurrentLevel()</Name>
              <FileRef uid="5" />
              <SequencePoints>
                <SequencePoint vc="1" uspid="1049" ordinal="0" offset="0" sl="13" sc="40" el="13" ec="40" bec="0" bev="0" fileid="5" />
              </SequencePoints>
              <BranchPoints />
            </Method>
            <Method visited="true" cyclomaticComplexity="0" nPathComplexity="0" sequenceCoverage="100.0" branchCoverage="0" crapScore="0" isConstructor="false" isStatic="true" isGetter="false" isSetter="true">
              <Summary numSequencePoints="1" visitedSequencePoints="1" numBranchPoints="0" visitedBranchPoints="0" sequenceCoverage="100.0" branchCoverage="0" maxCyclomaticComplexity="0" minCyclomaticComplexity="0" maxCrapScore="0" minCrapScore="0" visitedClasses="0" numClasses="0" visitedMethods="1" numMethods="1" />
              <MetadataToken>100663388</MetadataToken>
              <Name>static System.Void GameData::set_CurrentLevel(Level)</Name>
              <FileRef uid="5" />
              <SequencePoints>
                <SequencePoint vc="1" uspid="1050" ordinal="0" offset="0" sl="13" sc="45" el="13" ec="45" bec="0" bev="0" fileid="5" />
              </SequencePoints>
              <BranchPoints />
            </Method>
            <Method visited="true" cyclomaticComplexity="0" nPathComplexity="0" sequenceCoverage="100.0" branchCoverage="0" crapScore="0" isConstructor="true" isStatic="true" isGetter="false" isSetter="false">
              <Summary numSequencePoints="7" visitedSequencePoints="7" numBranchPoints="0" visitedBranchPoints="0" sequenceCoverage="100.0" branchCoverage="0" maxCyclomaticComplexity="0" minCyclomaticComplexity="0" maxCrapScore="0" minCrapScore="0" visitedClasses="0" numClasses="0" visitedMethods="1" numMethods="1" />
              <MetadataToken>100663389</MetadataToken>
              <Name>static GameData::GameData()</Name>
              <FileRef uid="5" />
              <SequencePoints>
                <SequencePoint vc="1" uspid="1051" ordinal="0" offset="0" sl="7" sc="45" el="7" ec="45" bec="0" bev="0" fileid="5" />
                <SequencePoint vc="1" uspid="1052" ordinal="0" offset="6" sl="8" sc="53" el="8" ec="53" bec="0" bev="0" fileid="5" />
                <SequencePoint vc="1" uspid="1053" ordinal="0" offset="16" sl="9" sc="52" el="9" ec="52" bec="0" bev="0" fileid="5" />
                <SequencePoint vc="1" uspid="1054" ordinal="0" offset="23" sl="10" sc="60" el="10" ec="60" bec="0" bev="0" fileid="5" />
                <SequencePoint vc="1" uspid="1055" ordinal="0" offset="33" sl="11" sc="62" el="11" ec="62" bec="0" bev="0" fileid="5" />
                <SequencePoint vc="1" uspid="1056" ordinal="0" offset="43" sl="12" sc="54" el="12" ec="54" bec="0" bev="0" fileid="5" />
                <SequencePoint vc="1" uspid="1057" ordinal="0" offset="54" sl="13" sc="54" el="13" ec="54" bec="0" bev="0" fileid="5" />
              </SequencePoints>
              <BranchPoints />
            </Method>
          </Methods>
        </Class>
        <Class>
          <Summary numSequencePoints="20" visitedSequencePoints="20" numBranchPoints="0" visitedBranchPoints="0" sequenceCoverage="100.0" branchCoverage="0.0" maxCyclomaticComplexity="0" minCyclomaticComplexity="0" maxCrapScore="0" minCrapScore="0" visitedClasses="1" numClasses="1" visitedMethods="2" numMethods="2" />
          <FullName>Level</FullName>
          <Methods>
            <Method visited="true" cyclomaticComplexity="0" nPathComplexity="0" sequenceCoverage="100.0" branchCoverage="0" crapScore="0" isConstructor="false" isStatic="true" isGetter="false" isSetter="false">
              <Summary numSequencePoints="13" visitedSequencePoints="13" numBranchPoints="0" visitedBranchPoints="0" sequenceCoverage="100.0" branchCoverage="0" maxCyclomaticComplexity="0" minCyclomaticComplexity="0" maxCrapScore="0" minCrapScore="0" visitedClasses="0" numClasses="0" visitedMethods="1" numMethods="1" />
              <MetadataToken>100663403</MetadataToken>
              <Name>static Level Level::RestartLevel(System.Int32, System.Int32)</Name>
              <FileRef uid="6" />
              <SequencePoints>
                <SequencePoint vc="1" uspid="1069" ordinal="0" offset="0" sl="50" sc="5" el="50" ec="5" bec="0" bev="0" fileid="6" />
                <SequencePoint vc="1" uspid="1070" ordinal="0" offset="1" sl="51" sc="9" el="51" ec="9" bec="0" bev="0" fileid="6" />
                <SequencePoint vc="1" uspid="1071" ordinal="0" offset="7" sl="52" sc="9" el="52" ec="9" bec="0" bev="0" fileid="6" />
                <SequencePoint vc="1" uspid="1072" ordinal="0" offset="14" sl="53" sc="9" el="53" ec="9" bec="0" bev="0" fileid="6" />
                <SequencePoint vc="1" uspid="1073" ordinal="0" offset="25" sl="54" sc="9" el="54" ec="9" bec="0" bev="0" fileid="6" />
                <SequencePoint vc="1" uspid="1074" ordinal="0" offset="32" sl="55" sc="9" el="55" ec="9" bec="0" bev="0" fileid="6" />
                <SequencePoint vc="1" uspid="1075" ordinal="0" offset="39" sl="56" sc="9" el="56" ec="9" bec="0" bev="0" fileid="6" />
                <SequencePoint vc="1" uspid="1076" ordinal="0" offset="46" sl="57" sc="9" el="57" ec="9" bec="0" bev="0" fileid="6" />
                <SequencePoint vc="1" uspid="1077" ordinal="0" offset="54" sl="58" sc="9" el="58" ec="9" bec="0" bev="0" fileid="6" />
                <SequencePoint vc="1" uspid="1078" ordinal="0" offset="61" sl="59" sc="9" el="59" ec="9" bec="0" bev="0" fileid="6" />
                <SequencePoint vc="1" uspid="1079" ordinal="0" offset="68" sl="60" sc="9" el="60" ec="9" bec="0" bev="0" fileid="6" />
                <SequencePoint vc="1" uspid="1080" ordinal="0" offset="75" sl="61" sc="9" el="61" ec="9" bec="0" bev="0" fileid="6" />
                <SequencePoint vc="1" uspid="1081" ordinal="0" offset="79" sl="62" sc="5" el="62" ec="5" bec="0" bev="0" fileid="6" />
              </SequencePoints>
              <BranchPoints />
            </Method>
            <Method visited="true" cyclomaticComplexity="0" nPathComplexity="0" sequenceCoverage="100.0" branchCoverage="0" crapScore="0" isConstructor="true" isStatic="false" isGetter="false" isSetter="false">
              <Summary numSequencePoints="7" visitedSequencePoints="7" numBranchPoints="0" visitedBranchPoints="0" sequenceCoverage="100.0" branchCoverage="0" maxCyclomaticComplexity="0" minCyclomaticComplexity="0" maxCrapScore="0" minCrapScore="0" visitedClasses="0" numClasses="0" visitedMethods="1" numMethods="1" />
              <MetadataToken>100663404</MetadataToken>
              <Name>Level::Level()</Name>
              <FileRef uid="6" />
              <SequencePoints>
                <SequencePoint vc="3" uspid="1082" ordinal="0" offset="0" sl="40" sc="5" el="40" ec="5" bec="0" bev="0" fileid="6" />
                <SequencePoint vc="3" uspid="1083" ordinal="0" offset="8" sl="41" sc="5" el="41" ec="5" bec="0" bev="0" fileid="6" />
                <SequencePoint vc="3" uspid="1084" ordinal="0" offset="15" sl="42" sc="5" el="42" ec="5" bec="0" bev="0" fileid="6" />
                <SequencePoint vc="3" uspid="1085" ordinal="0" offset="22" sl="43" sc="5" el="43" ec="5" bec="0" bev="0" fileid="6" />
                <SequencePoint vc="3" uspid="1086" ordinal="0" offset="29" sl="44" sc="5" el="44" ec="5" bec="0" bev="0" fileid="6" />
                <SequencePoint vc="3" uspid="1087" ordinal="0" offset="40" sl="45" sc="5" el="45" ec="5" bec="0" bev="0" fileid="6" />
                <SequencePoint vc="3" uspid="1088" ordinal="0" offset="47" sl="47" sc="5" el="47" ec="5" bec="0" bev="0" fileid="6" />
              </SequencePoints>
              <BranchPoints />
            </Method>
          </Methods>
        </Class>
        <Class>
          <Summary numSequencePoints="79" visitedSequencePoints="49" numBranchPoints="0" visitedBranchPoints="0" sequenceCoverage="62.03" branchCoverage="0.0" maxCyclomaticComplexity="0" minCyclomaticComplexity="0" maxCrapScore="0" minCrapScore="0" visitedClasses="1" numClasses="1" visitedMethods="7" numMethods="7" />
          <FullName>Player</FullName>
          <Methods>
            <Method visited="true" cyclomaticComplexity="0" nPathComplexity="0" sequenceCoverage="100.0" branchCoverage="0" crapScore="0" isConstructor="false" isStatic="false" isGetter="true" isSetter="false">
              <Summary numSequencePoints="1" visitedSequencePoints="1" numBranchPoints="0" visitedBranchPoints="0" sequenceCoverage="100.0" branchCoverage="0" maxCyclomaticComplexity="0" minCyclomaticComplexity="0" maxCrapScore="0" minCrapScore="0" visitedClasses="0" numClasses="0" visitedMethods="1" numMethods="1" />
              <MetadataToken>100663409</MetadataToken>
              <Name>System.Boolean Player::get_InputRecived()</Name>
              <FileRef uid="7" />
              <SequencePoints>
                <SequencePoint vc="448" uspid="1101" ordinal="0" offset="0" sl="73" sc="39" el="73" ec="39" bec="0" bev="0" fileid="7" />
              </SequencePoints>
              <BranchPoints />
            </Method>
            <Method visited="true" cyclomaticComplexity="0" nPathComplexity="0" sequenceCoverage="100.0" branchCoverage="0" crapScore="0" isConstructor="false" isStatic="false" isGetter="true" isSetter="false">
              <Summary numSequencePoints="1" visitedSequencePoints="1" numBranchPoints="0" visitedBranchPoints="0" sequenceCoverage="100.0" branchCoverage="0" maxCyclomaticComplexity="0" minCyclomaticComplexity="0" maxCrapScore="0" minCrapScore="0" visitedClasses="0" numClasses="0" visitedMethods="1" numMethods="1" />
              <MetadataToken>100663413</MetadataToken>
              <Name>System.Int32 Player::get_Health()</Name>
              <FileRef uid="7" />
              <SequencePoints>
                <SequencePoint vc="1172" uspid="1105" ordinal="0" offset="0" sl="75" sc="32" el="75" ec="32" bec="0" bev="0" fileid="7" />
              </SequencePoints>
              <BranchPoints />
            </Method>
            <Method visited="true" cyclomaticComplexity="0" nPathComplexity="0" sequenceCoverage="100.0" branchCoverage="0" crapScore="0" isConstructor="false" isStatic="false" isGetter="false" isSetter="false">
              <Summary numSequencePoints="3" visitedSequencePoints="3" numBranchPoints="0" visitedBranchPoints="0" sequenceCoverage="100.0" branchCoverage="0" maxCyclomaticComplexity="0" minCyclomaticComplexity="0" maxCrapScore="0" minCrapScore="0" visitedClasses="0" numClasses="0" visitedMethods="1" numMethods="1" />
              <MetadataToken>100663427</MetadataToken>
              <Name>System.Void Player::Awake()</Name>
              <FileRef uid="7" />
              <SequencePoints>
                <SequencePoint vc="1" uspid="1119" ordinal="0" offset="0" sl="84" sc="5" el="84" ec="5" bec="0" bev="0" fileid="7" />
                <SequencePoint vc="1" uspid="1120" ordinal="0" offset="1" sl="85" sc="9" el="85" ec="9" bec="0" bev="0" fileid="7" />
                <SequencePoint vc="1" uspid="1121" ordinal="0" offset="7" sl="86" sc="5" el="86" ec="5" bec="0" bev="0" fileid="7" />
              </SequencePoints>
              <BranchPoints />
            </Method>
            <Method visited="true" cyclomaticComplexity="0" nPathComplexity="0" sequenceCoverage="66.67" branchCoverage="0" crapScore="0" isConstructor="false" isStatic="false" isGetter="false" isSetter="false">
              <Summary numSequencePoints="9" visitedSequencePoints="6" numBranchPoints="0" visitedBranchPoints="0" sequenceCoverage="66.67" branchCoverage="0" maxCyclomaticComplexity="0" minCyclomaticComplexity="0" maxCrapScore="0" minCrapScore="0" visitedClasses="0" numClasses="0" visitedMethods="1" numMethods="1" />
              <MetadataToken>100663428</MetadataToken>
              <Name>System.Void Player::Start()</Name>
              <FileRef uid="7" />
              <SequencePoints>
                <SequencePoint vc="1" uspid="1122" ordinal="0" offset="0" sl="89" sc="5" el="89" ec="5" bec="0" bev="0" fileid="7" />
                <SequencePoint vc="1" uspid="1123" ordinal="0" offset="1" sl="90" sc="9" el="90" ec="9" bec="0" bev="0" fileid="7" />
                <SequencePoint vc="1" uspid="1124" ordinal="0" offset="12" sl="91" sc="9" el="91" ec="9" bec="0" bev="0" fileid="7" />
                <SequencePoint vc="0" uspid="1125" ordinal="0" offset="28" sl="92" sc="9" el="92" ec="9" bec="0" bev="0" fileid="7" />
                <SequencePoint vc="0" uspid="1126" ordinal="0" offset="29" sl="93" sc="13" el="93" ec="13" bec="0" bev="0" fileid="7" />
                <SequencePoint vc="0" uspid="1127" ordinal="0" offset="37" sl="94" sc="9" el="94" ec="9" bec="0" bev="0" fileid="7" />
                <SequencePoint vc="1" uspid="1128" ordinal="0" offset="38" sl="95" sc="9" el="95" ec="9" bec="0" bev="0" fileid="7" />
                <SequencePoint vc="1" uspid="1129" ordinal="0" offset="50" sl="96" sc="9" el="96" ec="9" bec="0" bev="0" fileid="7" />
                <SequencePoint vc="1" uspid="1130" ordinal="0" offset="62" sl="97" sc="5" el="97" ec="5" bec="0" bev="0" fileid="7" />
              </SequencePoints>
              <BranchPoints />
            </Method>
            <Method visited="true" cyclomaticComplexity="0" nPathComplexity="0" sequenceCoverage="47.50" branchCoverage="0" crapScore="0" isConstructor="false" isStatic="false" isGetter="false" isSetter="false">
              <Summary numSequencePoints="40" visitedSequencePoints="19" numBranchPoints="0" visitedBranchPoints="0" sequenceCoverage="47.50" branchCoverage="0" maxCyclomaticComplexity="0" minCyclomaticComplexity="0" maxCrapScore="0" minCrapScore="0" visitedClasses="0" numClasses="0" visitedMethods="1" numMethods="1" />
              <MetadataToken>100663429</MetadataToken>
              <Name>System.Void Player::Update()</Name>
              <FileRef uid="7" />
              <SequencePoints>
                <SequencePoint vc="1172" uspid="1131" ordinal="0" offset="0" sl="101" sc="5" el="101" ec="5" bec="0" bev="0" fileid="7" />
                <SequencePoint vc="1172" uspid="1132" ordinal="0" offset="1" sl="102" sc="9" el="102" ec="9" bec="0" bev="0" fileid="7" />
                <SequencePoint vc="1172" uspid="1133" ordinal="0" offset="65" sl="103" sc="9" el="103" ec="9" bec="0" bev="0" fileid="7" />
                <SequencePoint vc="1172" uspid="1134" ordinal="0" offset="108" sl="104" sc="9" el="104" ec="9" bec="0" bev="0" fileid="7" />
                <SequencePoint vc="1172" uspid="1135" ordinal="0" offset="109" sl="105" sc="13" el="105" ec="13" bec="0" bev="0" fileid="7" />
                <SequencePoint vc="1172" uspid="1136" ordinal="0" offset="132" sl="106" sc="13" el="106" ec="13" bec="0" bev="0" fileid="7" />
                <SequencePoint vc="1172" uspid="1137" ordinal="0" offset="148" sl="107" sc="13" el="107" ec="13" bec="0" bev="0" fileid="7" />
                <SequencePoint vc="1172" uspid="1138" ordinal="0" offset="160" sl="108" sc="13" el="108" ec="13" bec="0" bev="0" fileid="7" />
                <SequencePoint vc="1172" uspid="1139" ordinal="0" offset="176" sl="109" sc="13" el="109" ec="13" bec="0" bev="0" fileid="7" />
                <SequencePoint vc="0" uspid="1140" ordinal="0" offset="196" sl="110" sc="13" el="110" ec="13" bec="0" bev="0" fileid="7" />
                <SequencePoint vc="0" uspid="1141" ordinal="0" offset="197" sl="111" sc="17" el="111" ec="17" bec="0" bev="0" fileid="7" />
                <SequencePoint vc="0" uspid="1142" ordinal="0" offset="204" sl="112" sc="13" el="112" ec="13" bec="0" bev="0" fileid="7" />
                <SequencePoint vc="1172" uspid="1143" ordinal="0" offset="205" sl="113" sc="13" el="113" ec="13" bec="0" bev="0" fileid="7" />
                <SequencePoint vc="0" uspid="1144" ordinal="0" offset="215" sl="114" sc="13" el="114" ec="13" bec="0" bev="0" fileid="7" />
                <SequencePoint vc="0" uspid="1145" ordinal="0" offset="216" sl="115" sc="17" el="115" ec="17" bec="0" bev="0" fileid="7" />
                <SequencePoint vc="0" uspid="1146" ordinal="0" offset="223" sl="116" sc="13" el="116" ec="13" bec="0" bev="0" fileid="7" />
                <SequencePoint vc="1172" uspid="1147" ordinal="0" offset="224" sl="117" sc="13" el="117" ec="13" bec="0" bev="0" fileid="7" />
                <SequencePoint vc="0" uspid="1148" ordinal="0" offset="234" sl="118" sc="13" el="118" ec="13" bec="0" bev="0" fileid="7" />
                <SequencePoint vc="0" uspid="1149" ordinal="0" offset="235" sl="119" sc="17" el="119" ec="17" bec="0" bev="0" fileid="7" />
                <SequencePoint vc="0" uspid="1150" ordinal="0" offset="242" sl="120" sc="13" el="120" ec="13" bec="0" bev="0" fileid="7" />
                <SequencePoint vc="1172" uspid="1151" ordinal="0" offset="243" sl="122" sc="13" el="122" ec="13" bec="0" bev="0" fileid="7" />
                <SequencePoint vc="1172" uspid="1152" ordinal="0" offset="266" sl="124" sc="13" el="124" ec="13" bec="0" bev="0" fileid="7" />
                <SequencePoint vc="0" uspid="1153" ordinal="0" offset="278" sl="125" sc="13" el="125" ec="13" bec="0" bev="0" fileid="7" />
                <SequencePoint vc="0" uspid="1154" ordinal="0" offset="279" sl="126" sc="17" el="126" ec="17" bec="0" bev="0" fileid="7" />
                <SequencePoint vc="0" uspid="1155" ordinal="0" offset="306" sl="127" sc="17" el="127" ec="17" bec="0" bev="0" fileid="7" />
                <SequencePoint vc="0" uspid="1156" ordinal="0" offset="340" sl="128" sc="13" el="128" ec="13" bec="0" bev="0" fileid="7" />
                <SequencePoint vc="1172" uspid="1157" ordinal="0" offset="343" sl="130" sc="13" el="130" ec="13" bec="0" bev="0" fileid="7" />
                <SequencePoint vc="1172" uspid="1158" ordinal="0" offset="344" sl="131" sc="17" el="131" ec="17" bec="0" bev="0" fileid="7" />
                <SequencePoint vc="1172" uspid="1159" ordinal="0" offset="371" sl="132" sc="17" el="132" ec="17" bec="0" bev="0" fileid="7" />
                <SequencePoint vc="1172" uspid="1160" ordinal="0" offset="409" sl="133" sc="13" el="133" ec="13" bec="0" bev="0" fileid="7" />
                <SequencePoint vc="1172" uspid="1161" ordinal="0" offset="410" sl="134" sc="9" el="134" ec="9" bec="0" bev="0" fileid="7" />
                <SequencePoint vc="0" uspid="1162" ordinal="0" offset="413" sl="135" sc="14" el="135" ec="14" bec="0" bev="0" fileid="7" />
                <SequencePoint vc="0" uspid="1163" ordinal="0" offset="436" sl="135" sc="40" el="135" ec="40" bec="0" bev="0" fileid="7" />
                <SequencePoint vc="0" uspid="1164" ordinal="0" offset="437" sl="137" sc="13" el="137" ec="13" bec="0" bev="0" fileid="7" />
                <SequencePoint vc="0" uspid="1165" ordinal="0" offset="450" sl="138" sc="9" el="138" ec="9" bec="0" bev="0" fileid="7" />
                <SequencePoint vc="0" uspid="1166" ordinal="0" offset="453" sl="139" sc="14" el="139" ec="14" bec="0" bev="0" fileid="7" />
                <SequencePoint vc="0" uspid="1167" ordinal="0" offset="479" sl="140" sc="9" el="140" ec="9" bec="0" bev="0" fileid="7" />
                <SequencePoint vc="0" uspid="1168" ordinal="0" offset="480" sl="141" sc="13" el="141" ec="13" bec="0" bev="0" fileid="7" />
                <SequencePoint vc="0" uspid="1169" ordinal="0" offset="493" sl="142" sc="9" el="142" ec="9" bec="0" bev="0" fileid="7" />
                <SequencePoint vc="1172" uspid="1170" ordinal="0" offset="494" sl="143" sc="5" el="143" ec="5" bec="0" bev="0" fileid="7" />
              </SequencePoints>
              <BranchPoints />
            </Method>
            <Method visited="true" cyclomaticComplexity="0" nPathComplexity="0" sequenceCoverage="57.14" branchCoverage="0" crapScore="0" isConstructor="false" isStatic="false" isGetter="false" isSetter="false">
              <Summary numSequencePoints="14" visitedSequencePoints="8" numBranchPoints="0" visitedBranchPoints="0" sequenceCoverage="57.14" branchCoverage="0" maxCyclomaticComplexity="0" minCyclomaticComplexity="0" maxCrapScore="0" minCrapScore="0" visitedClasses="0" numClasses="0" visitedMethods="1" numMethods="1" />
              <MetadataToken>100663430</MetadataToken>
              <Name>System.Void Player::FixedUpdate()</Name>
              <FileRef uid="7" />
              <SequencePoints>
                <SequencePoint vc="449" uspid="1171" ordinal="0" offset="0" sl="147" sc="5" el="147" ec="5" bec="0" bev="0" fileid="7" />
                <SequencePoint vc="449" uspid="1172" ordinal="0" offset="1" sl="148" sc="9" el="148" ec="9" bec="0" bev="0" fileid="7" />
                <SequencePoint vc="449" uspid="1173" ordinal="0" offset="14" sl="149" sc="9" el="149" ec="9" bec="0" bev="0" fileid="7" />
                <SequencePoint vc="449" uspid="1174" ordinal="0" offset="15" sl="150" sc="13" el="150" ec="13" bec="0" bev="0" fileid="7" />
                <SequencePoint vc="449" uspid="1175" ordinal="0" offset="28" sl="151" sc="13" el="151" ec="13" bec="0" bev="0" fileid="7" />
                <SequencePoint vc="0" uspid="1176" ordinal="0" offset="38" sl="152" sc="13" el="152" ec="13" bec="0" bev="0" fileid="7" />
                <SequencePoint vc="0" uspid="1177" ordinal="0" offset="39" sl="153" sc="17" el="153" ec="17" bec="0" bev="0" fileid="7" />
                <SequencePoint vc="0" uspid="1178" ordinal="0" offset="46" sl="154" sc="13" el="154" ec="13" bec="0" bev="0" fileid="7" />
                <SequencePoint vc="449" uspid="1179" ordinal="0" offset="47" sl="156" sc="13" el="156" ec="13" bec="0" bev="0" fileid="7" />
                <SequencePoint vc="0" uspid="1180" ordinal="0" offset="74" sl="157" sc="13" el="157" ec="13" bec="0" bev="0" fileid="7" />
                <SequencePoint vc="0" uspid="1181" ordinal="0" offset="75" sl="158" sc="17" el="158" ec="17" bec="0" bev="0" fileid="7" />
                <SequencePoint vc="0" uspid="1182" ordinal="0" offset="113" sl="159" sc="13" el="159" ec="13" bec="0" bev="0" fileid="7" />
                <SequencePoint vc="449" uspid="1183" ordinal="0" offset="114" sl="160" sc="9" el="160" ec="9" bec="0" bev="0" fileid="7" />
                <SequencePoint vc="449" uspid="1184" ordinal="0" offset="115" sl="161" sc="5" el="161" ec="5" bec="0" bev="0" fileid="7" />
              </SequencePoints>
              <BranchPoints />
            </Method>
            <Method visited="true" cyclomaticComplexity="0" nPathComplexity="0" sequenceCoverage="100.0" branchCoverage="0" crapScore="0" isConstructor="true" isStatic="false" isGetter="false" isSetter="false">
              <Summary numSequencePoints="11" visitedSequencePoints="11" numBranchPoints="0" visitedBranchPoints="0" sequenceCoverage="100.0" branchCoverage="0" maxCyclomaticComplexity="0" minCyclomaticComplexity="0" maxCrapScore="0" minCrapScore="0" visitedClasses="0" numClasses="0" visitedMethods="1" numMethods="1" />
              <MetadataToken>100663439</MetadataToken>
              <Name>Player::Player()</Name>
              <FileRef uid="7" />
              <SequencePoints>
                <SequencePoint vc="2" uspid="1288" ordinal="0" offset="0" sl="26" sc="5" el="26" ec="5" bec="0" bev="0" fileid="7" />
                <SequencePoint vc="2" uspid="1289" ordinal="0" offset="7" sl="32" sc="5" el="32" ec="5" bec="0" bev="0" fileid="7" />
                <SequencePoint vc="2" uspid="1290" ordinal="0" offset="18" sl="34" sc="5" el="34" ec="5" bec="0" bev="0" fileid="7" />
                <SequencePoint vc="2" uspid="1291" ordinal="0" offset="26" sl="36" sc="5" el="36" ec="5" bec="0" bev="0" fileid="7" />
                <SequencePoint vc="2" uspid="1292" ordinal="0" offset="34" sl="38" sc="5" el="38" ec="5" bec="0" bev="0" fileid="7" />
                <SequencePoint vc="2" uspid="1293" ordinal="0" offset="45" sl="55" sc="22" el="55" ec="22" bec="0" bev="0" fileid="7" />
                <SequencePoint vc="2" uspid="1294" ordinal="0" offset="56" sl="56" sc="22" el="56" ec="22" bec="0" bev="0" fileid="7" />
                <SequencePoint vc="2" uspid="1295" ordinal="0" offset="67" sl="60" sc="5" el="60" ec="5" bec="0" bev="0" fileid="7" />
                <SequencePoint vc="2" uspid="1296" ordinal="0" offset="74" sl="61" sc="5" el="61" ec="5" bec="0" bev="0" fileid="7" />
                <SequencePoint vc="2" uspid="1297" ordinal="0" offset="81" sl="66" sc="5" el="66" ec="5" bec="0" bev="0" fileid="7" />
                <SequencePoint vc="2" uspid="1298" ordinal="0" offset="88" sl="67" sc="5" el="67" ec="5" bec="0" bev="0" fileid="7" />
              </SequencePoints>
              <BranchPoints />
            </Method>
          </Methods>
        </Class>
        <Class>
          <Summary numSequencePoints="36" visitedSequencePoints="30" numBranchPoints="0" visitedBranchPoints="0" sequenceCoverage="83.33" branchCoverage="0.0" maxCyclomaticComplexity="0" minCyclomaticComplexity="0" maxCrapScore="0" minCrapScore="0" visitedClasses="1" numClasses="1" visitedMethods="7" numMethods="7" />
          <FullName>GameUI</FullName>
          <Methods>
            <Method visited="true" cyclomaticComplexity="0" nPathComplexity="0" sequenceCoverage="100.0" branchCoverage="0" crapScore="0" isConstructor="false" isStatic="false" isGetter="true" isSetter="false">
              <Summary numSequencePoints="3" visitedSequencePoints="3" numBranchPoints="0" visitedBranchPoints="0" sequenceCoverage="100.0" branchCoverage="0" maxCyclomaticComplexity="0" minCyclomaticComplexity="0" maxCrapScore="0" minCrapScore="0" visitedClasses="0" numClasses="0" visitedMethods="1" numMethods="1" />
              <MetadataToken>100663451</MetadataToken>
              <Name>System.Boolean GameUI::get_IsPaused()</Name>
              <FileRef uid="8" />
              <SequencePoints>
                <SequencePoint vc="1172" uspid="1299" ordinal="0" offset="0" sl="33" sc="33" el="33" ec="33" bec="0" bev="0" fileid="8" />
                <SequencePoint vc="1172" uspid="1300" ordinal="0" offset="1" sl="33" sc="35" el="33" ec="35" bec="0" bev="0" fileid="8" />
                <SequencePoint vc="1172" uspid="1301" ordinal="0" offset="10" sl="33" sc="52" el="33" ec="52" bec="0" bev="0" fileid="8" />
              </SequencePoints>
              <BranchPoints />
            </Method>
            <Method visited="true" cyclomaticComplexity="0" nPathComplexity="0" sequenceCoverage="100.0" branchCoverage="0" crapScore="0" isConstructor="false" isStatic="false" isGetter="true" isSetter="false">
              <Summary numSequencePoints="3" visitedSequencePoints="3" numBranchPoints="0" visitedBranchPoints="0" sequenceCoverage="100.0" branchCoverage="0" maxCyclomaticComplexity="0" minCyclomaticComplexity="0" maxCrapScore="0" minCrapScore="0" visitedClasses="0" numClasses="0" visitedMethods="1" numMethods="1" />
              <MetadataToken>100663452</MetadataToken>
              <Name>System.Boolean GameUI::get_IsFinished()</Name>
              <FileRef uid="8" />
              <SequencePoints>
                <SequencePoint vc="1172" uspid="1302" ordinal="0" offset="0" sl="34" sc="34" el="34" ec="34" bec="0" bev="0" fileid="8" />
                <SequencePoint vc="1172" uspid="1303" ordinal="0" offset="1" sl="34" sc="36" el="34" ec="36" bec="0" bev="0" fileid="8" />
                <SequencePoint vc="1172" uspid="1304" ordinal="0" offset="10" sl="34" sc="55" el="34" ec="55" bec="0" bev="0" fileid="8" />
              </SequencePoints>
              <BranchPoints />
            </Method>
            <Method visited="true" cyclomaticComplexity="0" nPathComplexity="0" sequenceCoverage="100.0" branchCoverage="0" crapScore="0" isConstructor="false" isStatic="false" isGetter="false" isSetter="false">
              <Summary numSequencePoints="7" visitedSequencePoints="7" numBranchPoints="0" visitedBranchPoints="0" sequenceCoverage="100.0" branchCoverage="0" maxCyclomaticComplexity="0" minCyclomaticComplexity="0" maxCrapScore="0" minCrapScore="0" visitedClasses="0" numClasses="0" visitedMethods="1" numMethods="1" />
              <MetadataToken>100663453</MetadataToken>
              <Name>System.Void GameUI::Start()</Name>
              <FileRef uid="8" />
              <SequencePoints>
                <SequencePoint vc="1" uspid="1305" ordinal="0" offset="0" sl="38" sc="5" el="38" ec="5" bec="0" bev="0" fileid="8" />
                <SequencePoint vc="1" uspid="1306" ordinal="0" offset="1" sl="39" sc="9" el="39" ec="9" bec="0" bev="0" fileid="8" />
                <SequencePoint vc="1" uspid="1307" ordinal="0" offset="7" sl="41" sc="9" el="41" ec="9" bec="0" bev="0" fileid="8" />
                <SequencePoint vc="1" uspid="1308" ordinal="0" offset="19" sl="42" sc="9" el="42" ec="9" bec="0" bev="0" fileid="8" />
                <SequencePoint vc="1" uspid="1309" ordinal="0" offset="20" sl="43" sc="13" el="43" ec="13" bec="0" bev="0" fileid="8" />
                <SequencePoint vc="1" uspid="1310" ordinal="0" offset="37" sl="44" sc="9" el="44" ec="9" bec="0" bev="0" fileid="8" />
                <SequencePoint vc="1" uspid="1311" ordinal="0" offset="38" sl="45" sc="5" el="45" ec="5" bec="0" bev="0" fileid="8" />
              </SequencePoints>
              <BranchPoints />
            </Method>
            <Method visited="true" cyclomaticComplexity="0" nPathComplexity="0" sequenceCoverage="62.50" branchCoverage="0" crapScore="0" isConstructor="false" isStatic="false" isGetter="false" isSetter="false">
              <Summary numSequencePoints="8" visitedSequencePoints="5" numBranchPoints="0" visitedBranchPoints="0" sequenceCoverage="62.50" branchCoverage="0" maxCyclomaticComplexity="0" minCyclomaticComplexity="0" maxCrapScore="0" minCrapScore="0" visitedClasses="0" numClasses="0" visitedMethods="1" numMethods="1" />
              <MetadataToken>100663454</MetadataToken>
              <Name>System.Void GameUI::Update()</Name>
              <FileRef uid="8" />
              <SequencePoints>
                <SequencePoint vc="1172" uspid="1312" ordinal="0" offset="0" sl="49" sc="5" el="49" ec="5" bec="0" bev="0" fileid="8" />
                <SequencePoint vc="1172" uspid="1313" ordinal="0" offset="1" sl="51" sc="9" el="51" ec="9" bec="0" bev="0" fileid="8" />
                <SequencePoint vc="0" uspid="1314" ordinal="0" offset="38" sl="52" sc="9" el="52" ec="9" bec="0" bev="0" fileid="8" />
                <SequencePoint vc="0" uspid="1315" ordinal="0" offset="39" sl="53" sc="13" el="53" ec="13" bec="0" bev="0" fileid="8" />
                <SequencePoint vc="0" uspid="1316" ordinal="0" offset="46" sl="54" sc="9" el="54" ec="9" bec="0" bev="0" fileid="8" />
                <SequencePoint vc="1172" uspid="1317" ordinal="0" offset="47" sl="56" sc="9" el="56" ec="9" bec="0" bev="0" fileid="8" />
                <SequencePoint vc="1172" uspid="1318" ordinal="0" offset="54" sl="57" sc="9" el="57" ec="9" bec="0" bev="0" fileid="8" />
                <SequencePoint vc="1172" uspid="1319" ordinal="0" offset="61" sl="58" sc="5" el="58" ec="5" bec="0" bev="0" fileid="8" />
              </SequencePoints>
              <BranchPoints />
            </Method>
            <Method visited="true" cyclomaticComplexity="0" nPathComplexity="0" sequenceCoverage="70.00" branchCoverage="0" crapScore="0" isConstructor="false" isStatic="false" isGetter="false" isSetter="false">
              <Summary numSequencePoints="10" visitedSequencePoints="7" numBranchPoints="0" visitedBranchPoints="0" sequenceCoverage="70.00" branchCoverage="0" maxCyclomaticComplexity="0" minCyclomaticComplexity="0" maxCrapScore="0" minCrapScore="0" visitedClasses="0" numClasses="0" visitedMethods="1" numMethods="1" />
              <MetadataToken>100663458</MetadataToken>
              <Name>System.Void GameUI::ChangeHealthbar()</Name>
              <FileRef uid="8" />
              <SequencePoints>
                <SequencePoint vc="1172" uspid="1346" ordinal="0" offset="0" sl="94" sc="5" el="94" ec="5" bec="0" bev="0" fileid="8" />
                <SequencePoint vc="1172" uspid="1347" ordinal="0" offset="1" sl="95" sc="9" el="95" ec="9" bec="0" bev="0" fileid="8" />
                <SequencePoint vc="1172" uspid="1348" ordinal="0" offset="30" sl="96" sc="9" el="96" ec="9" bec="0" bev="0" fileid="8" />
                <SequencePoint vc="1172" uspid="1349" ordinal="0" offset="52" sl="97" sc="9" el="97" ec="9" bec="0" bev="0" fileid="8" />
                <SequencePoint vc="1172" uspid="1350" ordinal="0" offset="53" sl="98" sc="13" el="98" ec="13" bec="0" bev="0" fileid="8" />
                <SequencePoint vc="1172" uspid="1351" ordinal="0" offset="66" sl="99" sc="9" el="99" ec="9" bec="0" bev="0" fileid="8" />
                <SequencePoint vc="0" uspid="1352" ordinal="0" offset="69" sl="101" sc="9" el="101" ec="9" bec="0" bev="0" fileid="8" />
                <SequencePoint vc="0" uspid="1353" ordinal="0" offset="70" sl="102" sc="13" el="102" ec="13" bec="0" bev="0" fileid="8" />
                <SequencePoint vc="0" uspid="1354" ordinal="0" offset="83" sl="103" sc="9" el="103" ec="9" bec="0" bev="0" fileid="8" />
                <SequencePoint vc="1172" uspid="1355" ordinal="0" offset="84" sl="104" sc="5" el="104" ec="5" bec="0" bev="0" fileid="8" />
              </SequencePoints>
              <BranchPoints />
            </Method>
            <Method visited="true" cyclomaticComplexity="0" nPathComplexity="0" sequenceCoverage="100.0" branchCoverage="0" crapScore="0" isConstructor="false" isStatic="false" isGetter="false" isSetter="false">
              <Summary numSequencePoints="3" visitedSequencePoints="3" numBranchPoints="0" visitedBranchPoints="0" sequenceCoverage="100.0" branchCoverage="0" maxCyclomaticComplexity="0" minCyclomaticComplexity="0" maxCrapScore="0" minCrapScore="0" visitedClasses="0" numClasses="0" visitedMethods="1" numMethods="1" />
              <MetadataToken>100663459</MetadataToken>
              <Name>System.Void GameUI::ChangeScore()</Name>
              <FileRef uid="8" />
              <SequencePoints>
                <SequencePoint vc="1172" uspid="1356" ordinal="0" offset="0" sl="107" sc="5" el="107" ec="5" bec="0" bev="0" fileid="8" />
                <SequencePoint vc="1172" uspid="1357" ordinal="0" offset="1" sl="108" sc="9" el="108" ec="9" bec="0" bev="0" fileid="8" />
                <SequencePoint vc="1172" uspid="1358" ordinal="0" offset="36" sl="109" sc="5" el="109" ec="5" bec="0" bev="0" fileid="8" />
              </SequencePoints>
              <BranchPoints />
            </Method>
            <Method visited="true" cyclomaticComplexity="0" nPathComplexity="0" sequenceCoverage="100.0" branchCoverage="0" crapScore="0" isConstructor="true" isStatic="false" isGetter="false" isSetter="false">
              <Summary numSequencePoints="2" visitedSequencePoints="2" numBranchPoints="0" visitedBranchPoints="0" sequenceCoverage="100.0" branchCoverage="0" maxCyclomaticComplexity="0" minCyclomaticComplexity="0" maxCrapScore="0" minCrapScore="0" visitedClasses="0" numClasses="0" visitedMethods="1" numMethods="1" />
              <MetadataToken>100663460</MetadataToken>
              <Name>GameUI::GameUI()</Name>
              <FileRef uid="8" />
              <SequencePoints>
                <SequencePoint vc="2" uspid="1359" ordinal="0" offset="0" sl="30" sc="5" el="30" ec="5" bec="0" bev="0" fileid="8" />
                <SequencePoint vc="2" uspid="1360" ordinal="0" offset="7" sl="31" sc="5" el="31" ec="5" bec="0" bev="0" fileid="8" />
              </SequencePoints>
              <BranchPoints />
            </Method>
          </Methods>
        </Class>
        <Class>
          <Summary numSequencePoints="32" visitedSequencePoints="16" numBranchPoints="0" visitedBranchPoints="0" sequenceCoverage="50.00" branchCoverage="0.0" maxCyclomaticComplexity="0" minCyclomaticComplexity="0" maxCrapScore="0" minCrapScore="0" visitedClasses="1" numClasses="1" visitedMethods="2" numMethods="2" />
          <FullName>MenuUIHandler</FullName>
          <Methods>
            <Method visited="true" cyclomaticComplexity="0" nPathComplexity="0" sequenceCoverage="57.14" branchCoverage="0" crapScore="0" isConstructor="false" isStatic="false" isGetter="false" isSetter="false">
              <Summary numSequencePoints="7" visitedSequencePoints="4" numBranchPoints="0" visitedBranchPoints="0" sequenceCoverage="57.14" branchCoverage="0" maxCyclomaticComplexity="0" minCyclomaticComplexity="0" maxCrapScore="0" minCrapScore="0" visitedClasses="0" numClasses="0" visitedMethods="1" numMethods="1" />
              <MetadataToken>100663461</MetadataToken>
              <Name>System.Void MenuUIHandler::Start()</Name>
              <FileRef uid="9" />
              <SequencePoints>
                <SequencePoint vc="2" uspid="1361" ordinal="0" offset="0" sl="36" sc="5" el="36" ec="5" bec="0" bev="0" fileid="9" />
                <SequencePoint vc="2" uspid="1362" ordinal="0" offset="1" sl="37" sc="9" el="37" ec="9" bec="0" bev="0" fileid="9" />
                <SequencePoint vc="2" uspid="1363" ordinal="0" offset="7" sl="39" sc="9" el="39" ec="9" bec="0" bev="0" fileid="9" />
                <SequencePoint vc="0" uspid="1364" ordinal="0" offset="21" sl="40" sc="9" el="40" ec="9" bec="0" bev="0" fileid="9" />
                <SequencePoint vc="0" uspid="1365" ordinal="0" offset="22" sl="41" sc="13" el="41" ec="13" bec="0" bev="0" fileid="9" />
                <SequencePoint vc="0" uspid="1366" ordinal="0" offset="29" sl="42" sc="9" el="42" ec="9" bec="0" bev="0" fileid="9" />
                <SequencePoint vc="2" uspid="1367" ordinal="0" offset="30" sl="43" sc="5" el="43" ec="5" bec="0" bev="0" fileid="9" />
              </SequencePoints>
              <BranchPoints />
            </Method>
            <Method visited="true" cyclomaticComplexity="0" nPathComplexity="0" sequenceCoverage="48.00" branchCoverage="0" crapScore="0" isConstructor="false" isStatic="false" isGetter="false" isSetter="false">
              <Summary numSequencePoints="25" visitedSequencePoints="12" numBranchPoints="0" visitedBranchPoints="0" sequenceCoverage="48.00" branchCoverage="0" maxCyclomaticComplexity="0" minCyclomaticComplexity="0" maxCrapScore="0" minCrapScore="0" visitedClasses="0" numClasses="0" visitedMethods="1" numMethods="1" />
              <MetadataToken>100663473</MetadataToken>
              <Name>System.Void MenuUIHandler::OpenLevel(System.Int32)</Name>
              <FileRef uid="9" />
              <SequencePoints>
                <SequencePoint vc="1" uspid="1438" ordinal="0" offset="0" sl="169" sc="5" el="169" ec="5" bec="0" bev="0" fileid="9" />
                <SequencePoint vc="1" uspid="1439" ordinal="0" offset="1" sl="170" sc="9" el="170" ec="9" bec="0" bev="0" fileid="9" />
                <SequencePoint vc="1" uspid="1440" ordinal="0" offset="12" sl="171" sc="9" el="171" ec="9" bec="0" bev="0" fileid="9" />
                <SequencePoint vc="1" uspid="1441" ordinal="0" offset="26" sl="172" sc="9" el="172" ec="9" bec="0" bev="0" fileid="9" />
                <SequencePoint vc="0" uspid="1442" ordinal="0" offset="58" sl="173" sc="9" el="173" ec="9" bec="0" bev="0" fileid="9" />
                <SequencePoint vc="0" uspid="1443" ordinal="0" offset="59" sl="174" sc="13" el="174" ec="13" bec="0" bev="0" fileid="9" />
                <SequencePoint vc="0" uspid="1444" ordinal="0" offset="69" sl="175" sc="13" el="175" ec="13" bec="0" bev="0" fileid="9" />
                <SequencePoint vc="0" uspid="1445" ordinal="0" offset="70" sl="176" sc="17" el="176" ec="17" bec="0" bev="0" fileid="9" />
                <SequencePoint vc="0" uspid="1446" ordinal="0" offset="83" sl="177" sc="17" el="177" ec="17" bec="0" bev="0" fileid="9" />
                <SequencePoint vc="0" uspid="1447" ordinal="0" offset="98" sl="178" sc="13" el="178" ec="13" bec="0" bev="0" fileid="9" />
                <SequencePoint vc="0" uspid="1448" ordinal="0" offset="101" sl="180" sc="13" el="180" ec="13" bec="0" bev="0" fileid="9" />
                <SequencePoint vc="0" uspid="1449" ordinal="0" offset="102" sl="181" sc="17" el="181" ec="17" bec="0" bev="0" fileid="9" />
                <SequencePoint vc="0" uspid="1450" ordinal="0" offset="110" sl="182" sc="17" el="182" ec="17" bec="0" bev="0" fileid="9" />
                <SequencePoint vc="0" uspid="1451" ordinal="0" offset="125" sl="183" sc="13" el="183" ec="13" bec="0" bev="0" fileid="9" />
                <SequencePoint vc="0" uspid="1452" ordinal="0" offset="126" sl="184" sc="9" el="184" ec="9" bec="0" bev="0" fileid="9" />
                <SequencePoint vc="1" uspid="1453" ordinal="0" offset="129" sl="185" sc="14" el="185" ec="14" bec="0" bev="0" fileid="9" />
                <SequencePoint vc="0" uspid="1454" ordinal="0" offset="154" sl="186" sc="9" el="186" ec="9" bec="0" bev="0" fileid="9" />
                <SequencePoint vc="0" uspid="1455" ordinal="0" offset="155" sl="187" sc="13" el="187" ec="13" bec="0" bev="0" fileid="9" />
                <SequencePoint vc="1" uspid="1456" ordinal="0" offset="157" sl="189" sc="9" el="189" ec="9" bec="0" bev="0" fileid="9" />
                <SequencePoint vc="1" uspid="1457" ordinal="0" offset="164" sl="191" sc="9" el="191" ec="9" bec="0" bev="0" fileid="9" />
                <SequencePoint vc="1" uspid="1458" ordinal="0" offset="176" sl="192" sc="9" el="192" ec="9" bec="0" bev="0" fileid="9" />
                <SequencePoint vc="1" uspid="1459" ordinal="0" offset="188" sl="193" sc="9" el="193" ec="9" bec="0" bev="0" fileid="9" />
                <SequencePoint vc="1" uspid="1460" ordinal="0" offset="200" sl="194" sc="9" el="194" ec="9" bec="0" bev="0" fileid="9" />
                <SequencePoint vc="1" uspid="1461" ordinal="0" offset="212" sl="196" sc="9" el="196" ec="9" bec="0" bev="0" fileid="9" />
                <SequencePoint vc="1" uspid="1462" ordinal="0" offset="226" sl="197" sc="5" el="197" ec="5" bec="0" bev="0" fileid="9" />
              </SequencePoints>
              <BranchPoints />
            </Method>
          </Methods>
        </Class>
        <Class>
          <Summary numSequencePoints="10" visitedSequencePoints="9" numBranchPoints="0" visitedBranchPoints="0" sequenceCoverage="90.00" branchCoverage="0.0" maxCyclomaticComplexity="0" minCyclomaticComplexity="0" maxCrapScore="0" minCrapScore="0" visitedClasses="1" numClasses="1" visitedMethods="1" numMethods="1" />
          <FullName>MenuUIHandler/&lt;StartLevel&gt;d__23</FullName>
          <Methods>
            <Method visited="true" cyclomaticComplexity="0" nPathComplexity="0" sequenceCoverage="90.00" branchCoverage="0" crapScore="0" isConstructor="false" isStatic="false" isGetter="false" isSetter="false">
              <Summary numSequencePoints="10" visitedSequencePoints="9" numBranchPoints="0" visitedBranchPoints="0" sequenceCoverage="90.00" branchCoverage="0" maxCyclomaticComplexity="0" minCyclomaticComplexity="0" maxCrapScore="0" minCrapScore="0" visitedClasses="0" numClasses="0" visitedMethods="1" numMethods="1" />
              <MetadataToken>100663565</MetadataToken>
              <Name>System.Boolean MenuUIHandler/&lt;StartLevel&gt;d__23::MoveNext()</Name>
              <FileRef uid="9" />
              <SequencePoints>
                <SequencePoint vc="1" uspid="1566" ordinal="0" offset="45" sl="200" sc="5" el="200" ec="5" bec="0" bev="0" fileid="9" />
                <SequencePoint vc="1" uspid="1567" ordinal="0" offset="46" sl="201" sc="9" el="201" ec="9" bec="0" bev="0" fileid="9" />
                <SequencePoint vc="1" uspid="1568" ordinal="0" offset="78" sl="203" sc="9" el="203" ec="9" bec="0" bev="0" fileid="9" />
                <SequencePoint vc="3" uspid="1569" ordinal="0" offset="97" sl="206" sc="9" el="206" ec="9" bec="0" bev="0" fileid="9" />
                <SequencePoint vc="3" uspid="1570" ordinal="0" offset="98" sl="207" sc="13" el="207" ec="13" bec="0" bev="0" fileid="9" />
                <SequencePoint vc="3" uspid="1571" ordinal="0" offset="126" sl="208" sc="13" el="208" ec="13" bec="0" bev="0" fileid="9" />
                <SequencePoint vc="3" uspid="1572" ordinal="0" offset="159" sl="209" sc="13" el="209" ec="13" bec="0" bev="0" fileid="9" />
                <SequencePoint vc="2" uspid="1573" ordinal="0" offset="182" sl="210" sc="9" el="210" ec="9" bec="0" bev="0" fileid="9" />
                <SequencePoint vc="3" uspid="1574" ordinal="0" offset="183" sl="205" sc="9" el="205" ec="9" bec="0" bev="0" fileid="9" />
                <SequencePoint vc="0" uspid="1575" ordinal="0" offset="201" sl="211" sc="5" el="211" ec="5" bec="0" bev="0" fileid="9" />
              </SequencePoints>
              <BranchPoints />
            </Method>
          </Methods>
        </Class>
      </Classes>
    </Module>
  </Modules>
</CoverageSession>